#
# A fatal error has been detected by the Java Runtime Environment:
#
#  SIGSEGV (0xb) at pc=0x00007f86679f2cf3, pid=15709, tid=15735
#
# JRE version: OpenJDK Runtime Environment (15.0.1+9) (build 15.0.1+9-18)
# Java VM: OpenJDK 64-Bit Server VM (15.0.1+9-18, mixed mode, tiered, compressed oops, g1 gc, linux-amd64)
# Problematic frame:
# V  [libjvm.so+0x997cf3]  Klass::external_name() const+0x23
#
# Core dump will be written. Default location: Core dumps may be processed with "/usr/share/apport/apport %p %s %c %d %P %E" (or dumping to /home/shiva/Documents/workspace-spring-tool-suite-4-4.9.0.RELEASE/student-pool-friends/core.15709)
#
# If you would like to submit a bug report, please visit:
#   https://bugreport.java.com/bugreport/crash.jsp
#

---------------  S U M M A R Y ------------

Command Line: -Dcom.sun.management.jmxremote -Dcom.sun.management.jmxremote.port=33301 -Dcom.sun.management.jmxremote.authenticate=false -Dcom.sun.management.jmxremote.ssl=false -Djava.rmi.server.hostname=localhost -Dspring.jmx.enabled=true -Dspring.application.admin.enabled=true -Djava.security.egd=file:/dev/./urandom -XX:TieredStopAtLevel=1 -Dspring.boot.project.name=student-pool-friends -Dfile.encoding=UTF-8 -XX:+ShowCodeDetailsInExceptionMessages com.pool.StudentPoolFriendsApplication --spring.output.ansi.enabled=always

Host: Intel(R) Core(TM) i5-8265U CPU @ 1.60GHz, 8 cores, 7G, Ubuntu 20.10
Time: Sat Apr 17 16:09:13 2021 IST elapsed time: 1.553435 seconds (0d 0h 0m 1s)

---------------  T H R E A D  ---------------

Current thread (0x00007f85f4002960):  JavaThread "restartedMain" [_thread_in_vm, id=15735, stack(0x00007f86481ce000,0x00007f86482cf000)]

Stack: [0x00007f86481ce000,0x00007f86482cf000],  sp=0x00007f86482c9400,  free space=1005k
Native frames: (J=compiled Java code, A=aot compiled Java code, j=interpreted, Vv=VM code, C=native code)
V  [libjvm.so+0x997cf3]  Klass::external_name() const+0x23
V  [libjvm.so+0xbfd07f]  SharedRuntime::generate_class_cast_message(Klass*, Klass*, Symbol*)+0x1f
V  [libjvm.so+0xbfee45]  SharedRuntime::generate_class_cast_message(JavaThread*, Klass*)+0xc5
V  [libjvm.so+0x45e714]  Runtime1::throw_class_cast_exception(JavaThread*, oopDesc*)+0x64
v  ~RuntimeStub::throw_class_cast_exception Runtime1 stub
J 1786 c1 java.lang.invoke.VarHandleReferences$FieldInstanceReadWrite.compareAndSet(Ljava/lang/invoke/VarHandle;Ljava/lang/Object;Ljava/lang/Object;Ljava/lang/Object;)Z java.base@15.0.1 (48 bytes) @ 0x00007f864dfaae52 [0x00007f864dfaaaa0+0x00000000000003b2]
J 1783 c1 java.lang.invoke.VarHandleGuards.guard_LLL_Z(Ljava/lang/invoke/VarHandle;Ljava/lang/Object;Ljava/lang/Object;Ljava/lang/Object;Ljava/lang/invoke/VarHandle$AccessDescriptor;)Z java.base@15.0.1 (80 bytes) @ 0x00007f864dfa9a94 [0x00007f864dfa97c0+0x00000000000002d4]
j  java.util.concurrent.ConcurrentLinkedDeque.linkLast(Ljava/lang/Object;)V+91 java.base@15.0.1
j  java.util.concurrent.ConcurrentLinkedDeque.offerLast(Ljava/lang/Object;)Z+2 java.base@15.0.1
j  java.util.concurrent.ConcurrentLinkedDeque.offer(Ljava/lang/Object;)Z+2 java.base@15.0.1
j  org.springframework.util.ConcurrentLruCache.get(Ljava/lang/Object;)Ljava/lang/Object;+231
j  org.springframework.util.MimeTypeUtils.parseMimeType(Ljava/lang/String;)Lorg/springframework/util/MimeType;+36
j  org.springframework.http.MediaType.parseMediaType(Ljava/lang/String;)Lorg/springframework/http/MediaType;+1
j  org.springframework.web.servlet.mvc.condition.AbstractMediaTypeExpression.<init>(Ljava/lang/String;)V+34
j  org.springframework.web.servlet.mvc.condition.ProducesRequestCondition$ProduceMediaTypeExpression.<init>(Ljava/lang/String;)V+2
j  org.springframework.web.servlet.mvc.condition.ProducesRequestCondition.<clinit>()V+30
v  ~StubRoutines::call_stub
V  [libjvm.so+0x773a29]  JavaCalls::call_helper(JavaValue*, methodHandle const&, JavaCallArguments*, Thread*)+0x299
V  [libjvm.so+0x751e01]  InstanceKlass::call_class_initializer(Thread*)+0x241
V  [libjvm.so+0x75224b]  InstanceKlass::initialize_impl(Thread*)+0x3db
V  [libjvm.so+0x76cd01]  InterpreterRuntime::_new(JavaThread*, ConstantPool*, int)+0x191
j  org.springframework.web.servlet.mvc.method.RequestMappingInfo.<clinit>()V+80
v  ~StubRoutines::call_stub
V  [libjvm.so+0x773a29]  JavaCalls::call_helper(JavaValue*, methodHandle const&, JavaCallArguments*, Thread*)+0x299
V  [libjvm.so+0x751e01]  InstanceKlass::call_class_initializer(Thread*)+0x241
V  [libjvm.so+0x75224b]  InstanceKlass::initialize_impl(Thread*)+0x3db
V  [libjvm.so+0x9cddfa]  LinkResolver::resolve_static_call(CallInfo&, LinkInfo const&, bool, Thread*)+0x13a
V  [libjvm.so+0x9ce74b]  LinkResolver::resolve_invoke(CallInfo&, Handle, constantPoolHandle const&, int, Bytecodes::Code, Thread*)+0x29b
V  [libjvm.so+0x76ed38]  InterpreterRuntime::resolve_invoke(JavaThread*, Bytecodes::Code)+0x168
V  [libjvm.so+0x76f317]  InterpreterRuntime::resolve_from_cache(JavaThread*, Bytecodes::Code)+0x37
j  org.springframework.web.servlet.mvc.method.annotation.RequestMappingHandlerMapping.createRequestMappingInfo(Lorg/springframework/web/bind/annotation/RequestMapping;Lorg/springframework/web/servlet/mvc/condition/RequestCondition;)Lorg/springframework/web/servlet/mvc/method/RequestMappingInfo;+10
j  org.springframework.web.servlet.mvc.method.annotation.RequestMappingHandlerMapping.createRequestMappingInfo(Ljava/lang/reflect/AnnotatedElement;)Lorg/springframework/web/servlet/mvc/method/RequestMappingInfo;+44
j  org.springframework.web.servlet.mvc.method.annotation.RequestMappingHandlerMapping.getMappingForMethod(Ljava/lang/reflect/Method;Ljava/lang/Class;)Lorg/springframework/web/servlet/mvc/method/RequestMappingInfo;+2
j  org.springframework.web.servlet.mvc.method.annotation.RequestMappingHandlerMapping.getMappingForMethod(Ljava/lang/reflect/Method;Ljava/lang/Class;)Ljava/lang/Object;+3
j  org.springframework.web.servlet.handler.AbstractHandlerMethodMapping.lambda$detectHandlerMethods$1(Ljava/lang/Class;Ljava/lang/reflect/Method;)Ljava/lang/Object;+3
j  org.springframework.web.servlet.handler.AbstractHandlerMethodMapping$$Lambda$652+0x0000000100454170.inspect(Ljava/lang/reflect/Method;)Ljava/lang/Object;+9
j  org.springframework.core.MethodIntrospector.lambda$selectMethods$0(Ljava/lang/Class;Lorg/springframework/core/MethodIntrospector$MetadataLookup;Ljava/util/Map;Ljava/lang/reflect/Method;)V+10
j  org.springframework.core.MethodIntrospector$$Lambda$653+0x00000001004545a0.doWith(Ljava/lang/reflect/Method;)V+13
J 3162 c1 org.springframework.util.ReflectionUtils.doWithMethods(Ljava/lang/Class;Lorg/springframework/util/ReflectionUtils$MethodCallback;Lorg/springframework/util/ReflectionUtils$MethodFilter;)V (193 bytes) @ 0x00007f864e1e3eec [0x00007f864e1e3e20+0x00000000000000cc]
j  org.springframework.core.MethodIntrospector.selectMethods(Ljava/lang/Class;Lorg/springframework/core/MethodIntrospector$MetadataLookup;)Ljava/util/Map;+110
j  org.springframework.web.servlet.handler.AbstractHandlerMethodMapping.detectHandlerMethods(Ljava/lang/Object;)V+45
j  org.springframework.web.servlet.handler.AbstractHandlerMethodMapping.processCandidateBean(Ljava/lang/String;)V+77
j  org.springframework.web.servlet.handler.AbstractHandlerMethodMapping.initHandlerMethods()V+33
j  org.springframework.web.servlet.handler.AbstractHandlerMethodMapping.afterPropertiesSet()V+1
j  org.springframework.web.servlet.mvc.method.annotation.RequestMappingHandlerMapping.afterPropertiesSet()V+112
j  org.springframework.beans.factory.support.AbstractAutowireCapableBeanFactory.invokeInitMethods(Ljava/lang/String;Ljava/lang/Object;Lorg/springframework/beans/factory/support/RootBeanDefinition;)V+106
j  org.springframework.beans.factory.support.AbstractAutowireCapableBeanFactory.initializeBean(Ljava/lang/String;Ljava/lang/Object;Lorg/springframework/beans/factory/support/RootBeanDefinition;)Ljava/lang/Object;+59
j  org.springframework.beans.factory.support.AbstractAutowireCapableBeanFactory.doCreateBean(Ljava/lang/String;Lorg/springframework/beans/factory/support/RootBeanDefinition;[Ljava/lang/Object;)Ljava/lang/Object;+245
j  org.springframework.beans.factory.support.AbstractAutowireCapableBeanFactory.createBean(Ljava/lang/String;Lorg/springframework/beans/factory/support/RootBeanDefinition;[Ljava/lang/Object;)Ljava/lang/Object;+169
j  org.springframework.beans.factory.support.AbstractBeanFactory.lambda$doGetBean$0(Ljava/lang/String;Lorg/springframework/beans/factory/support/RootBeanDefinition;[Ljava/lang/Object;)Ljava/lang/Object;+4
j  org.springframework.beans.factory.support.AbstractBeanFactory$$Lambda$354+0x00000001002e87c8.getObject()Ljava/lang/Object;+16
j  org.springframework.beans.factory.support.DefaultSingletonBeanRegistry.getSingleton(Ljava/lang/String;Lorg/springframework/beans/factory/ObjectFactory;)Ljava/lang/Object;+132
J 2732 c1 org.springframework.beans.factory.support.AbstractBeanFactory.doGetBean(Ljava/lang/String;Ljava/lang/Class;[Ljava/lang/Object;Z)Ljava/lang/Object; (832 bytes) @ 0x00007f864e11ebe4 [0x00007f864e11e580+0x0000000000000664]
j  org.springframework.beans.factory.support.AbstractBeanFactory.getBean(Ljava/lang/String;)Ljava/lang/Object;+5
j  org.springframework.beans.factory.support.DefaultListableBeanFactory.preInstantiateSingletons()V+248
j  org.springframework.context.support.AbstractApplicationContext.finishBeanFactoryInitialization(Lorg/springframework/beans/factory/config/ConfigurableListableBeanFactory;)V+124
j  org.springframework.context.support.AbstractApplicationContext.refresh()V+86
j  org.springframework.boot.web.servlet.context.ServletWebServerApplicationContext.refresh()V+1
j  org.springframework.boot.SpringApplication.refresh(Lorg/springframework/context/ConfigurableApplicationContext;)V+1
j  org.springframework.boot.SpringApplication.refresh(Lorg/springframework/context/ApplicationContext;)V+12
j  org.springframework.boot.SpringApplication.refreshContext(Lorg/springframework/context/ConfigurableApplicationContext;)V+19
j  org.springframework.boot.SpringApplication.run([Ljava/lang/String;)Lorg/springframework/context/ConfigurableApplicationContext;+111
j  org.springframework.boot.SpringApplication.run([Ljava/lang/Class;[Ljava/lang/String;)Lorg/springframework/context/ConfigurableApplicationContext;+9
j  org.springframework.boot.SpringApplication.run(Ljava/lang/Class;[Ljava/lang/String;)Lorg/springframework/context/ConfigurableApplicationContext;+9
j  com.pool.StudentPoolFriendsApplication.main([Ljava/lang/String;)V+3
v  ~StubRoutines::call_stub
V  [libjvm.so+0x773a29]  JavaCalls::call_helper(JavaValue*, methodHandle const&, JavaCallArguments*, Thread*)+0x299
V  [libjvm.so+0xbd2d11]  invoke(InstanceKlass*, methodHandle const&, Handle, bool, objArrayHandle, BasicType, objArrayHandle, bool, Thread*) [clone .constprop.0]+0x7e1
V  [libjvm.so+0xbd3826]  Reflection::invoke_method(oopDesc*, Handle, objArrayHandle, Thread*)+0x106
V  [libjvm.so+0x83be38]  JVM_InvokeMethod+0x138
j  jdk.internal.reflect.NativeMethodAccessorImpl.invoke0(Ljava/lang/reflect/Method;Ljava/lang/Object;[Ljava/lang/Object;)Ljava/lang/Object;+0 java.base@15.0.1
j  jdk.internal.reflect.NativeMethodAccessorImpl.invoke(Ljava/lang/Object;[Ljava/lang/Object;)Ljava/lang/Object;+113 java.base@15.0.1
j  jdk.internal.reflect.DelegatingMethodAccessorImpl.invoke(Ljava/lang/Object;[Ljava/lang/Object;)Ljava/lang/Object;+6 java.base@15.0.1
j  java.lang.reflect.Method.invoke(Ljava/lang/Object;[Ljava/lang/Object;)Ljava/lang/Object;+59 java.base@15.0.1
j  org.springframework.boot.devtools.restart.RestartLauncher.run()V+42
v  ~StubRoutines::call_stub
V  [libjvm.so+0x773a29]  JavaCalls::call_helper(JavaValue*, methodHandle const&, JavaCallArguments*, Thread*)+0x299
V  [libjvm.so+0x77530b]  JavaCalls::call_virtual(JavaValue*, Handle, Klass*, Symbol*, Symbol*, Thread*)+0x1cb
V  [libjvm.so+0x82fb4d]  thread_entry(JavaThread*, Thread*)+0x6d
V  [libjvm.so+0xcf23de]  JavaThread::thread_main_inner()+0xde
V  [libjvm.so+0xcf724d]  Thread::call_run()+0xfd
V  [libjvm.so+0xb4a397]  thread_native_entry(Thread*)+0xe7

Java frames: (J=compiled Java code, j=interpreted, Vv=VM code)
v  ~RuntimeStub::throw_class_cast_exception Runtime1 stub
J 1786 c1 java.lang.invoke.VarHandleReferences$FieldInstanceReadWrite.compareAndSet(Ljava/lang/invoke/VarHandle;Ljava/lang/Object;Ljava/lang/Object;Ljava/lang/Object;)Z java.base@15.0.1 (48 bytes) @ 0x00007f864dfaae52 [0x00007f864dfaaaa0+0x00000000000003b2]
J 1783 c1 java.lang.invoke.VarHandleGuards.guard_LLL_Z(Ljava/lang/invoke/VarHandle;Ljava/lang/Object;Ljava/lang/Object;Ljava/lang/Object;Ljava/lang/invoke/VarHandle$AccessDescriptor;)Z java.base@15.0.1 (80 bytes) @ 0x00007f864dfa9a94 [0x00007f864dfa97c0+0x00000000000002d4]
j  java.util.concurrent.ConcurrentLinkedDeque.linkLast(Ljava/lang/Object;)V+91 java.base@15.0.1
j  java.util.concurrent.ConcurrentLinkedDeque.offerLast(Ljava/lang/Object;)Z+2 java.base@15.0.1
j  java.util.concurrent.ConcurrentLinkedDeque.offer(Ljava/lang/Object;)Z+2 java.base@15.0.1
j  org.springframework.util.ConcurrentLruCache.get(Ljava/lang/Object;)Ljava/lang/Object;+231
j  org.springframework.util.MimeTypeUtils.parseMimeType(Ljava/lang/String;)Lorg/springframework/util/MimeType;+36
j  org.springframework.http.MediaType.parseMediaType(Ljava/lang/String;)Lorg/springframework/http/MediaType;+1
j  org.springframework.web.servlet.mvc.condition.AbstractMediaTypeExpression.<init>(Ljava/lang/String;)V+34
j  org.springframework.web.servlet.mvc.condition.ProducesRequestCondition$ProduceMediaTypeExpression.<init>(Ljava/lang/String;)V+2
j  org.springframework.web.servlet.mvc.condition.ProducesRequestCondition.<clinit>()V+30
v  ~StubRoutines::call_stub
j  org.springframework.web.servlet.mvc.method.RequestMappingInfo.<clinit>()V+80
v  ~StubRoutines::call_stub
j  org.springframework.web.servlet.mvc.method.annotation.RequestMappingHandlerMapping.createRequestMappingInfo(Lorg/springframework/web/bind/annotation/RequestMapping;Lorg/springframework/web/servlet/mvc/condition/RequestCondition;)Lorg/springframework/web/servlet/mvc/method/RequestMappingInfo;+10
j  org.springframework.web.servlet.mvc.method.annotation.RequestMappingHandlerMapping.createRequestMappingInfo(Ljava/lang/reflect/AnnotatedElement;)Lorg/springframework/web/servlet/mvc/method/RequestMappingInfo;+44
j  org.springframework.web.servlet.mvc.method.annotation.RequestMappingHandlerMapping.getMappingForMethod(Ljava/lang/reflect/Method;Ljava/lang/Class;)Lorg/springframework/web/servlet/mvc/method/RequestMappingInfo;+2
j  org.springframework.web.servlet.mvc.method.annotation.RequestMappingHandlerMapping.getMappingForMethod(Ljava/lang/reflect/Method;Ljava/lang/Class;)Ljava/lang/Object;+3
j  org.springframework.web.servlet.handler.AbstractHandlerMethodMapping.lambda$detectHandlerMethods$1(Ljava/lang/Class;Ljava/lang/reflect/Method;)Ljava/lang/Object;+3
j  org.springframework.web.servlet.handler.AbstractHandlerMethodMapping$$Lambda$652+0x0000000100454170.inspect(Ljava/lang/reflect/Method;)Ljava/lang/Object;+9
j  org.springframework.core.MethodIntrospector.lambda$selectMethods$0(Ljava/lang/Class;Lorg/springframework/core/MethodIntrospector$MetadataLookup;Ljava/util/Map;Ljava/lang/reflect/Method;)V+10
j  org.springframework.core.MethodIntrospector$$Lambda$653+0x00000001004545a0.doWith(Ljava/lang/reflect/Method;)V+13
J 3162 c1 org.springframework.util.ReflectionUtils.doWithMethods(Ljava/lang/Class;Lorg/springframework/util/ReflectionUtils$MethodCallback;Lorg/springframework/util/ReflectionUtils$MethodFilter;)V (193 bytes) @ 0x00007f864e1e3eec [0x00007f864e1e3e20+0x00000000000000cc]
j  org.springframework.core.MethodIntrospector.selectMethods(Ljava/lang/Class;Lorg/springframework/core/MethodIntrospector$MetadataLookup;)Ljava/util/Map;+110
j  org.springframework.web.servlet.handler.AbstractHandlerMethodMapping.detectHandlerMethods(Ljava/lang/Object;)V+45
j  org.springframework.web.servlet.handler.AbstractHandlerMethodMapping.processCandidateBean(Ljava/lang/String;)V+77
j  org.springframework.web.servlet.handler.AbstractHandlerMethodMapping.initHandlerMethods()V+33
j  org.springframework.web.servlet.handler.AbstractHandlerMethodMapping.afterPropertiesSet()V+1
j  org.springframework.web.servlet.mvc.method.annotation.RequestMappingHandlerMapping.afterPropertiesSet()V+112
j  org.springframework.beans.factory.support.AbstractAutowireCapableBeanFactory.invokeInitMethods(Ljava/lang/String;Ljava/lang/Object;Lorg/springframework/beans/factory/support/RootBeanDefinition;)V+106
j  org.springframework.beans.factory.support.AbstractAutowireCapableBeanFactory.initializeBean(Ljava/lang/String;Ljava/lang/Object;Lorg/springframework/beans/factory/support/RootBeanDefinition;)Ljava/lang/Object;+59
j  org.springframework.beans.factory.support.AbstractAutowireCapableBeanFactory.doCreateBean(Ljava/lang/String;Lorg/springframework/beans/factory/support/RootBeanDefinition;[Ljava/lang/Object;)Ljava/lang/Object;+245
j  org.springframework.beans.factory.support.AbstractAutowireCapableBeanFactory.createBean(Ljava/lang/String;Lorg/springframework/beans/factory/support/RootBeanDefinition;[Ljava/lang/Object;)Ljava/lang/Object;+169
j  org.springframework.beans.factory.support.AbstractBeanFactory.lambda$doGetBean$0(Ljava/lang/String;Lorg/springframework/beans/factory/support/RootBeanDefinition;[Ljava/lang/Object;)Ljava/lang/Object;+4
j  org.springframework.beans.factory.support.AbstractBeanFactory$$Lambda$354+0x00000001002e87c8.getObject()Ljava/lang/Object;+16
j  org.springframework.beans.factory.support.DefaultSingletonBeanRegistry.getSingleton(Ljava/lang/String;Lorg/springframework/beans/factory/ObjectFactory;)Ljava/lang/Object;+132
J 2732 c1 org.springframework.beans.factory.support.AbstractBeanFactory.doGetBean(Ljava/lang/String;Ljava/lang/Class;[Ljava/lang/Object;Z)Ljava/lang/Object; (832 bytes) @ 0x00007f864e11ebe4 [0x00007f864e11e580+0x0000000000000664]
j  org.springframework.beans.factory.support.AbstractBeanFactory.getBean(Ljava/lang/String;)Ljava/lang/Object;+5
j  org.springframework.beans.factory.support.DefaultListableBeanFactory.preInstantiateSingletons()V+248
j  org.springframework.context.support.AbstractApplicationContext.finishBeanFactoryInitialization(Lorg/springframework/beans/factory/config/ConfigurableListableBeanFactory;)V+124
j  org.springframework.context.support.AbstractApplicationContext.refresh()V+86
j  org.springframework.boot.web.servlet.context.ServletWebServerApplicationContext.refresh()V+1
j  org.springframework.boot.SpringApplication.refresh(Lorg/springframework/context/ConfigurableApplicationContext;)V+1
j  org.springframework.boot.SpringApplication.refresh(Lorg/springframework/context/ApplicationContext;)V+12
j  org.springframework.boot.SpringApplication.refreshContext(Lorg/springframework/context/ConfigurableApplicationContext;)V+19
j  org.springframework.boot.SpringApplication.run([Ljava/lang/String;)Lorg/springframework/context/ConfigurableApplicationContext;+111
j  org.springframework.boot.SpringApplication.run([Ljava/lang/Class;[Ljava/lang/String;)Lorg/springframework/context/ConfigurableApplicationContext;+9
j  org.springframework.boot.SpringApplication.run(Ljava/lang/Class;[Ljava/lang/String;)Lorg/springframework/context/ConfigurableApplicationContext;+9
j  com.pool.StudentPoolFriendsApplication.main([Ljava/lang/String;)V+3
v  ~StubRoutines::call_stub
j  jdk.internal.reflect.NativeMethodAccessorImpl.invoke0(Ljava/lang/reflect/Method;Ljava/lang/Object;[Ljava/lang/Object;)Ljava/lang/Object;+0 java.base@15.0.1
j  jdk.internal.reflect.NativeMethodAccessorImpl.invoke(Ljava/lang/Object;[Ljava/lang/Object;)Ljava/lang/Object;+113 java.base@15.0.1
j  jdk.internal.reflect.DelegatingMethodAccessorImpl.invoke(Ljava/lang/Object;[Ljava/lang/Object;)Ljava/lang/Object;+6 java.base@15.0.1
j  java.lang.reflect.Method.invoke(Ljava/lang/Object;[Ljava/lang/Object;)Ljava/lang/Object;+59 java.base@15.0.1
j  org.springframework.boot.devtools.restart.RestartLauncher.run()V+42
v  ~StubRoutines::call_stub

siginfo: si_signo: 11 (SIGSEGV), si_code: 2 (SEGV_ACCERR), si_addr: 0x00000001040f4ba0

Register to memory mapping:

RAX=0x0 is NULL
RBX=0x00000001040f4b98 is an unknown value
RCX=0x0000000000000100 is an unknown value
RDX=0x0 is NULL
RSP=0x00007f86482c9400 is pointing into the stack for thread: 0x00007f85f4002960
RBP=0x00007f86482c9450 is pointing into the stack for thread: 0x00007f85f4002960
RSI=0x00000001000f4b98 is a pointer to class: 
java.lang.invoke.VarHandleReferences$FieldInstanceReadWrite {0x00000001000f4b98}
RDI=0x00000001040f4b98 is an unknown value
R8 =0x00007f864dfab1c0 is at entry_point+1824 in (nmethod*)0x00007f864dfaa890
R9 =0x00007f864dfab0f4 is at entry_point+1620 in (nmethod*)0x00007f864dfaa890
R10=0x00000000000000b3 is an unknown value
R11=0x00007f86674bc5c0: <offset 0x00000000004615c0> in /home/shiva/shiva/spring-tool-suite-4-4.9.0.RELEASE-e4.18.0-linux.gtk.x86_64/sts-4.9.0.RELEASE/plugins/org.eclipse.justj.openjdk.hotspot.jre.full.linux.x86_64_15.0.1.v20201027-0507/jre/lib/server/libjvm.so at 0x00007f866705b000
R12=0x00000001040f4b98 is an unknown value
R13=0x00007f8648c911d1 is pointing into metadata
R14=0x0 is NULL
R15=0x00000001000f4b98 is a pointer to class: 
java.lang.invoke.VarHandleReferences$FieldInstanceReadWrite {0x00000001000f4b98}


Registers:
RAX=0x0000000000000000, RBX=0x00000001040f4b98, RCX=0x0000000000000100, RDX=0x0000000000000000
RSP=0x00007f86482c9400, RBP=0x00007f86482c9450, RSI=0x00000001000f4b98, RDI=0x00000001040f4b98
R8 =0x00007f864dfab1c0, R9 =0x00007f864dfab0f4, R10=0x00000000000000b3, R11=0x00007f86674bc5c0
R12=0x00000001040f4b98, R13=0x00007f8648c911d1, R14=0x0000000000000000, R15=0x00000001000f4b98
RIP=0x00007f86679f2cf3, EFLAGS=0x0000000000010246, CSGSFS=0x002b000000000033, ERR=0x0000000000000004
  TRAPNO=0x000000000000000e

Top of Stack: (sp=0x00007f86482c9400)
0x00007f86482c9400:   00007f86482c94b0 00007f86678a28c6
0x00007f86482c9410:   00007f86641d3940 2a3e274cd65e8d00
0x00007f86482c9420:   00007f86482cac90 00007f8668177ec0
0x00007f86482c9430:   00000001040f4b98 00007f8648c911d1 

Instructions: (pc=0x00007f86679f2cf3)
0x00007f86679f2bf3:   30 48 d3 ee 48 89 f0 89 87 c8 00 00 00 c3 90 66
0x00007f86679f2c03:   66 2e 0f 1f 84 00 00 00 00 00 0f 1f 00 55 48 89
0x00007f86679f2c13:   e5 41 56 41 55 4c 8d 75 d8 41 89 f5 48 8d 75 d0
0x00007f86679f2c23:   41 54 49 89 fc 4c 89 f7 48 83 ec 18 48 c7 45 d0
0x00007f86679f2c33:   00 00 00 00 e8 84 02 c7 ff 49 8b 04 24 48 8b 4d
0x00007f86679f2c43:   d0 44 89 ea 4c 89 e7 be 01 00 00 00 ff 90 d0 00
0x00007f86679f2c53:   00 00 4c 89 f7 49 89 c4 e8 e0 02 c7 ff 48 83 c4
0x00007f86679f2c63:   18 4c 89 e0 41 5c 41 5d 41 5e 5d c3 90 55 48 89
0x00007f86679f2c73:   e5 41 55 41 54 4c 8d 6d e8 49 89 fc 48 8d 75 e0
0x00007f86679f2c83:   4c 89 ef 48 83 ec 10 48 c7 45 e0 00 00 00 00 e8
0x00007f86679f2c93:   29 02 c7 ff 49 8b 04 24 48 8b 55 e0 4c 89 e7 be
0x00007f86679f2ca3:   01 00 00 00 ff 90 d8 00 00 00 4c 89 ef 49 89 c4
0x00007f86679f2cb3:   e8 88 02 c7 ff 48 83 c4 10 4c 89 e0 41 5c 41 5d
0x00007f86679f2cc3:   5d c3 90 66 2e 0f 1f 84 00 00 00 00 00 55 48 89
0x00007f86679f2cd3:   e5 41 57 41 56 41 55 41 54 53 48 89 fb 48 83 ec
0x00007f86679f2ce3:   28 64 48 8b 04 25 28 00 00 00 48 89 45 c8 31 c0
0x00007f86679f2cf3:   8b 47 08 85 c0 7e 5e f6 87 3e 01 00 00 08 0f 85
0x00007f86679f2d03:   d1 00 00 00 4c 8b 67 18 f6 87 a7 00 00 00 04 0f
0x00007f86679f2d13:   85 58 01 00 00 4c 8d 2d dd c4 45 00 4d 85 e4 74
0x00007f86679f2d23:   0b 4c 89 e7 e8 a4 71 2f 00 49 89 c5 48 8b 45 c8
0x00007f86679f2d33:   64 48 33 04 25 28 00 00 00 0f 85 98 01 00 00 48
0x00007f86679f2d43:   83 c4 28 4c 89 e8 5b 41 5c 41 5d 41 5e 41 5f 5d
0x00007f86679f2d53:   c3 0f 1f 40 00 4c 8b 67 18 3d 00 00 00 c0 7d b5
0x00007f86679f2d63:   48 8b 87 e8 00 00 00 f6 80 a7 00 00 00 04 74 a5
0x00007f86679f2d73:   45 0f b7 74 24 04 31 f6 49 8d 7e 01 4c 89 f3 e8
0x00007f86679f2d83:   49 e9 24 00 41 8d 56 01 4c 89 e7 48 89 c6 49 89
0x00007f86679f2d93:   c5 e8 f7 6e 2f 00 45 85 f6 74 91 41 8d 56 ff 48
0x00007f86679f2da3:   83 eb 01 4b 8d 44 35 00 48 29 d3 49 8d 54 1d 00
0x00007f86679f2db3:   eb 10 0f 1f 00 48 83 e8 01 48 39 d0 0f 84 6a ff
0x00007f86679f2dc3:   ff ff 80 38 2b 75 ee c6 00 2f e9 5d ff ff ff 66
0x00007f86679f2dd3:   0f 1f 44 00 00 4c 8d 75 b0 48 89 f9 48 8d 15 d0
0x00007f86679f2de3:   37 47 00 31 c0 be 14 00 00 00 4c 89 f7 e8 4b 9a 


Stack slot to memory mapping:
stack at sp + 0 slots: 0x00007f86482c94b0 is pointing into the stack for thread: 0x00007f85f4002960
stack at sp + 1 slots: 0x00007f86678a28c6: <offset 0x00000000008478c6> in /home/shiva/shiva/spring-tool-suite-4-4.9.0.RELEASE-e4.18.0-linux.gtk.x86_64/sts-4.9.0.RELEASE/plugins/org.eclipse.justj.openjdk.hotspot.jre.full.linux.x86_64_15.0.1.v20201027-0507/jre/lib/server/libjvm.so at 0x00007f866705b000
stack at sp + 2 slots: 0x00007f86641d3940 points into unknown readable memory: 0x693c00063912ffff | ff ff 12 39 06 00 3c 69
stack at sp + 3 slots: 0x2a3e274cd65e8d00 is an unknown value
stack at sp + 4 slots: 0x00007f86482cac90 is pointing into the stack for thread: 0x00007f85f4002960
stack at sp + 5 slots: 0x00007f8668177ec0: <offset 0x000000000111cec0> in /home/shiva/shiva/spring-tool-suite-4-4.9.0.RELEASE-e4.18.0-linux.gtk.x86_64/sts-4.9.0.RELEASE/plugins/org.eclipse.justj.openjdk.hotspot.jre.full.linux.x86_64_15.0.1.v20201027-0507/jre/lib/server/libjvm.so at 0x00007f866705b000
stack at sp + 6 slots: 0x00000001040f4b98 is an unknown value
stack at sp + 7 slots: 0x00007f8648c911d1 is pointing into metadata


---------------  P R O C E S S  ---------------

Threads class SMR info:
_java_thread_list=0x00007f85f8640670, length=21, elements={
0x00007f8660029730, 0x00007f866018b0d0, 0x00007f866018ca40, 0x00007f86601a5130,
0x00007f86601a6840, 0x00007f86601a8050, 0x00007f86601a97b0, 0x00007f866028fb00,
0x00007f86602d3380, 0x00007f8660593b80, 0x00007f866059ca50, 0x00007f86605d2e10,
0x00007f86608224d0, 0x00007f85f4002960, 0x00007f8608001ad0, 0x00007f8604001c10,
0x00007f85cc00f4f0, 0x00007f85d000cbb0, 0x00007f85f863e5f0, 0x00007f85bc19bcf0,
0x00007f85f863f960
}

Java Threads: ( => current thread )
  0x00007f8660029730 JavaThread "main" [_thread_blocked, id=15714, stack(0x00007f8666e0b000,0x00007f8666f0c000)]
  0x00007f866018b0d0 JavaThread "Reference Handler" daemon [_thread_blocked, id=15722, stack(0x00007f86497ee000,0x00007f86498ef000)]
  0x00007f866018ca40 JavaThread "Finalizer" daemon [_thread_blocked, id=15723, stack(0x00007f86496ed000,0x00007f86497ee000)]
  0x00007f86601a5130 JavaThread "Signal Dispatcher" daemon [_thread_blocked, id=15724, stack(0x00007f864931f000,0x00007f8649420000)]
  0x00007f86601a6840 JavaThread "Service Thread" daemon [_thread_blocked, id=15725, stack(0x00007f864921e000,0x00007f864931f000)]
  0x00007f86601a8050 JavaThread "C1 CompilerThread0" daemon [_thread_blocked, id=15726, stack(0x00007f864911d000,0x00007f864921e000)]
  0x00007f86601a97b0 JavaThread "Sweeper thread" daemon [_thread_blocked, id=15727, stack(0x00007f864901c000,0x00007f864911d000)]
  0x00007f866028fb00 JavaThread "Common-Cleaner" daemon [_thread_blocked, id=15728, stack(0x00007f8648f1b000,0x00007f864901c000)]
  0x00007f86602d3380 JavaThread "Notification Thread" daemon [_thread_blocked, id=15729, stack(0x00007f8648e1a000,0x00007f8648f1b000)]
  0x00007f8660593b80 JavaThread "RMI TCP Accept-0" daemon [_thread_in_native, id=15730, stack(0x00007f86488e7000,0x00007f86489e8000)]
  0x00007f866059ca50 JavaThread "RMI TCP Accept-33301" daemon [_thread_in_native, id=15731, stack(0x00007f86487e6000,0x00007f86488e7000)]
  0x00007f86605d2e10 JavaThread "RMI TCP Accept-0" daemon [_thread_in_native, id=15732, stack(0x00007f86486e5000,0x00007f86487e6000)]
  0x00007f86608224d0 JavaThread "Thread-0" [_thread_blocked, id=15734, stack(0x00007f86482cf000,0x00007f86483d0000)]
=>0x00007f85f4002960 JavaThread "restartedMain" [_thread_in_vm, id=15735, stack(0x00007f86481ce000,0x00007f86482cf000)]
  0x00007f8608001ad0 JavaThread "RMI TCP Connection(1)-127.0.0.1" daemon [_thread_in_native, id=15744, stack(0x00007f86395ef000,0x00007f86396f0000)]
  0x00007f8604001c10 JavaThread "RMI TCP Connection(2)-127.0.0.1" daemon [_thread_in_native, id=15746, stack(0x00007f86392eb000,0x00007f86393ec000)]
  0x00007f85cc00f4f0 JavaThread "RMI Scheduler(0)" daemon [_thread_blocked, id=15747, stack(0x00007f86391ea000,0x00007f86392eb000)]
  0x00007f85d000cbb0 JavaThread "JMX server connection timeout 23" daemon [_thread_blocked, id=15748, stack(0x00007f86390e9000,0x00007f86391ea000)]
  0x00007f85f863e5f0 JavaThread "Catalina-utility-1" [_thread_blocked, id=15755, stack(0x00007f8638fe8000,0x00007f86390e9000)]
  0x00007f85bc19bcf0 JavaThread "Catalina-utility-2" [_thread_blocked, id=15756, stack(0x00007f85b3eff000,0x00007f85b4000000)]
  0x00007f85f863f960 JavaThread "container-0" [_thread_blocked, id=15757, stack(0x00007f85b3dfe000,0x00007f85b3eff000)]

Other Threads:
  0x00007f8660170e70 VMThread "VM Thread" [stack: 0x00007f8664045000,0x00007f8664145000] [id=15721]
  0x00007f86604ff580 WatcherThread [stack: 0x00007f86485e5000,0x00007f86486e5000] [id=15733]
  0x00007f8660068910 GCTaskThread "GC Thread#0" [stack: 0x00007f86656c1000,0x00007f86657c1000] [id=15716]
  0x00007f8630001090 GCTaskThread "GC Thread#1" [stack: 0x00007f86480ce000,0x00007f86481ce000] [id=15736]
  0x00007f8630001dc0 GCTaskThread "GC Thread#2" [stack: 0x00007f8639f00000,0x00007f863a000000] [id=15737]
  0x00007f8630002f40 GCTaskThread "GC Thread#3" [stack: 0x00007f8639dfe000,0x00007f8639efe000] [id=15738]
  0x00007f86300040c0 GCTaskThread "GC Thread#4" [stack: 0x00007f8639cfc000,0x00007f8639dfc000] [id=15739]
  0x00007f8630005240 GCTaskThread "GC Thread#5" [stack: 0x00007f8639bfa000,0x00007f8639cfa000] [id=15740]
  0x00007f8630009f20 GCTaskThread "GC Thread#6" [stack: 0x00007f8638ce8000,0x00007f8638de8000] [id=15751]
  0x00007f863000a820 GCTaskThread "GC Thread#7" [stack: 0x00007f8638be6000,0x00007f8638ce6000] [id=15752]
  0x00007f8660079710 ConcurrentGCThread "G1 Main Marker" [stack: 0x00007f86655bf000,0x00007f86656bf000] [id=15717]
  0x00007f866007a9a0 ConcurrentGCThread "G1 Conc#0" [stack: 0x00007f86654bd000,0x00007f86655bd000] [id=15718]
  0x00007f863c000e90 ConcurrentGCThread "G1 Conc#1" [stack: 0x00007f8638ae4000,0x00007f8638be4000] [id=15753]
  0x00007f86600f15d0 ConcurrentGCThread "G1 Refine#0" [stack: 0x00007f8664bb3000,0x00007f8664cb3000] [id=15719]
  0x00007f8634000e90 ConcurrentGCThread "G1 Refine#1" [stack: 0x00007f8639af8000,0x00007f8639bf8000] [id=15741]
  0x00007f85e0000e90 ConcurrentGCThread "G1 Refine#2" [stack: 0x00007f86399f6000,0x00007f8639af6000] [id=15742]
  0x00007f85d4000e90 ConcurrentGCThread "G1 Refine#3" [stack: 0x00007f86398f4000,0x00007f86399f4000] [id=15743]
  0x00007f86600f27e0 ConcurrentGCThread "G1 Young RemSet Sampling" [stack: 0x00007f8664ab1000,0x00007f8664bb1000] [id=15720]

Threads with active compile tasks:

VM state: not at safepoint (normal execution)

VM Mutex/Monitor currently owned by a thread: None

Heap address: 0x0000000085c00000, size: 1956 MB, Compressed Oops mode: 32-bit
CDS disabled.
Compressed class space mapped at: 0x0000000100000000-0x0000000140000000, size: 1073741824
Narrow klass base: 0x0000000000000000, Narrow klass shift: 3, Narrow klass range: 0x140000000

GC Precious Log:
 CPUs: 8 total, 8 available
 Memory: 7818M
 Large Page Support: Disabled
 NUMA Support: Disabled
 Compressed Oops: Enabled (32-bit)
 Heap Region Size: 1M
 Heap Min Capacity: 8M
 Heap Initial Capacity: 124M
 Heap Max Capacity: 1956M
 Pre-touch: Disabled
 Parallel Workers: 8
 Concurrent Workers: 2
 Concurrent Refinement Workers: 8
 Periodic GC: Disabled

Heap:
 garbage-first heap   total 78848K, used 45948K [0x0000000085c00000, 0x0000000100000000)
  region size 1024K, 39 young (39936K), 2 survivors (2048K)
 Metaspace       used 35242K, capacity 35694K, committed 35840K, reserved 1081344K
  class space    used 4260K, capacity 4453K, committed 4480K, reserved 1048576K

Heap Regions: E=young(eden), S=young(survivor), O=old, HS=humongous(starts), HC=humongous(continues), CS=collection set, F=free, OA=open archive, CA=closed archive, TAMS=top-at-mark-start (previous, next)
|   0|0x0000000085c00000, 0x0000000085d00000, 0x0000000085d00000|100%| O|  |TAMS 0x0000000085d00000, 0x0000000085c00000| Untracked 
|   1|0x0000000085d00000, 0x0000000085e00000, 0x0000000085e00000|100%| O|  |TAMS 0x0000000085da2e00, 0x0000000085d00000| Untracked 
|   2|0x0000000085e00000, 0x0000000085f00000, 0x0000000085f00000|100%| O|  |TAMS 0x0000000085e00000, 0x0000000085e00000| Untracked 
|   3|0x0000000085f00000, 0x0000000086000000, 0x0000000086000000|100%| O|  |TAMS 0x0000000085f00000, 0x0000000085f00000| Untracked 
|   4|0x0000000086000000, 0x00000000860c4600, 0x0000000086100000| 76%| O|  |TAMS 0x0000000086000000, 0x0000000086000000| Untracked 
|   5|0x0000000086100000, 0x0000000086200000, 0x0000000086200000|100%| O|  |TAMS 0x0000000086100000, 0x0000000086100000| Untracked 
|   6|0x0000000086200000, 0x0000000086300000, 0x0000000086300000|100%| O|  |TAMS 0x0000000086200000, 0x0000000086200000| Untracked 
|   7|0x0000000086300000, 0x0000000086400000, 0x0000000086400000|100%| O|  |TAMS 0x0000000086300000, 0x0000000086300000| Untracked 
|   8|0x0000000086400000, 0x000000008640a000, 0x0000000086500000|  3%| O|  |TAMS 0x0000000086400000, 0x0000000086400000| Untracked 
|   9|0x0000000086500000, 0x0000000086500000, 0x0000000086600000|  0%| F|  |TAMS 0x0000000086500000, 0x0000000086500000| Untracked 
|  10|0x0000000086600000, 0x0000000086600000, 0x0000000086700000|  0%| F|  |TAMS 0x0000000086600000, 0x0000000086600000| Untracked 
|  11|0x0000000086700000, 0x0000000086700000, 0x0000000086800000|  0%| F|  |TAMS 0x0000000086700000, 0x0000000086700000| Untracked 
|  12|0x0000000086800000, 0x0000000086800000, 0x0000000086900000|  0%| F|  |TAMS 0x0000000086800000, 0x0000000086800000| Untracked 
|  13|0x0000000086900000, 0x0000000086900000, 0x0000000086a00000|  0%| F|  |TAMS 0x0000000086900000, 0x0000000086900000| Untracked 
|  14|0x0000000086a00000, 0x0000000086a00000, 0x0000000086b00000|  0%| F|  |TAMS 0x0000000086a00000, 0x0000000086a00000| Untracked 
|  15|0x0000000086b00000, 0x0000000086b10bf0, 0x0000000086c00000|  6%| S|CS|TAMS 0x0000000086b00000, 0x0000000086b00000| Complete 
|  16|0x0000000086c00000, 0x0000000086d00000, 0x0000000086d00000|100%| S|CS|TAMS 0x0000000086c00000, 0x0000000086c00000| Complete 
|  17|0x0000000086d00000, 0x0000000086d00000, 0x0000000086e00000|  0%| F|  |TAMS 0x0000000086d00000, 0x0000000086d00000| Untracked 
|  18|0x0000000086e00000, 0x0000000086e00000, 0x0000000086f00000|  0%| F|  |TAMS 0x0000000086e00000, 0x0000000086e00000| Untracked 
|  19|0x0000000086f00000, 0x0000000086f00000, 0x0000000087000000|  0%| F|  |TAMS 0x0000000086f00000, 0x0000000086f00000| Untracked 
|  20|0x0000000087000000, 0x0000000087000000, 0x0000000087100000|  0%| F|  |TAMS 0x0000000087000000, 0x0000000087000000| Untracked 
|  21|0x0000000087100000, 0x0000000087100000, 0x0000000087200000|  0%| F|  |TAMS 0x0000000087100000, 0x0000000087100000| Untracked 
|  22|0x0000000087200000, 0x0000000087200000, 0x0000000087300000|  0%| F|  |TAMS 0x0000000087200000, 0x0000000087200000| Untracked 
|  23|0x0000000087300000, 0x0000000087300000, 0x0000000087400000|  0%| F|  |TAMS 0x0000000087300000, 0x0000000087300000| Untracked 
|  24|0x0000000087400000, 0x0000000087400000, 0x0000000087500000|  0%| F|  |TAMS 0x0000000087400000, 0x0000000087400000| Untracked 
|  25|0x0000000087500000, 0x0000000087500000, 0x0000000087600000|  0%| F|  |TAMS 0x0000000087500000, 0x0000000087500000| Untracked 
|  26|0x0000000087600000, 0x0000000087600000, 0x0000000087700000|  0%| F|  |TAMS 0x0000000087600000, 0x0000000087600000| Untracked 
|  27|0x0000000087700000, 0x0000000087700000, 0x0000000087800000|  0%| F|  |TAMS 0x0000000087700000, 0x0000000087700000| Untracked 
|  28|0x0000000087800000, 0x0000000087800000, 0x0000000087900000|  0%| F|  |TAMS 0x0000000087800000, 0x0000000087800000| Untracked 
|  29|0x0000000087900000, 0x0000000087900000, 0x0000000087a00000|  0%| F|  |TAMS 0x0000000087900000, 0x0000000087900000| Untracked 
|  30|0x0000000087a00000, 0x0000000087a00000, 0x0000000087b00000|  0%| F|  |TAMS 0x0000000087a00000, 0x0000000087a00000| Untracked 
|  31|0x0000000087b00000, 0x0000000087b00000, 0x0000000087c00000|  0%| F|  |TAMS 0x0000000087b00000, 0x0000000087b00000| Untracked 
|  32|0x0000000087c00000, 0x0000000087c00000, 0x0000000087d00000|  0%| F|  |TAMS 0x0000000087c00000, 0x0000000087c00000| Untracked 
|  33|0x0000000087d00000, 0x0000000087d00000, 0x0000000087e00000|  0%| F|  |TAMS 0x0000000087d00000, 0x0000000087d00000| Untracked 
|  34|0x0000000087e00000, 0x0000000087e00000, 0x0000000087f00000|  0%| F|  |TAMS 0x0000000087e00000, 0x0000000087e00000| Untracked 
|  35|0x0000000087f00000, 0x0000000087f00000, 0x0000000088000000|  0%| F|  |TAMS 0x0000000087f00000, 0x0000000087f00000| Untracked 
|  36|0x0000000088000000, 0x0000000088000000, 0x0000000088100000|  0%| F|  |TAMS 0x0000000088000000, 0x0000000088000000| Untracked 
|  37|0x0000000088100000, 0x0000000088100000, 0x0000000088200000|  0%| F|  |TAMS 0x0000000088100000, 0x0000000088100000| Untracked 
|  38|0x0000000088200000, 0x0000000088200000, 0x0000000088300000|  0%| F|  |TAMS 0x0000000088200000, 0x0000000088200000| Untracked 
|  39|0x0000000088300000, 0x0000000088300000, 0x0000000088400000|  0%| F|  |TAMS 0x0000000088300000, 0x0000000088300000| Untracked 
|  40|0x0000000088400000, 0x0000000088480960, 0x0000000088500000| 50%| E|  |TAMS 0x0000000088400000, 0x0000000088400000| Complete 
|  41|0x0000000088500000, 0x0000000088600000, 0x0000000088600000|100%| E|CS|TAMS 0x0000000088500000, 0x0000000088500000| Complete 
|  42|0x0000000088600000, 0x0000000088700000, 0x0000000088700000|100%| E|CS|TAMS 0x0000000088600000, 0x0000000088600000| Complete 
|  43|0x0000000088700000, 0x0000000088800000, 0x0000000088800000|100%| E|CS|TAMS 0x0000000088700000, 0x0000000088700000| Complete 
|  44|0x0000000088800000, 0x0000000088900000, 0x0000000088900000|100%| E|CS|TAMS 0x0000000088800000, 0x0000000088800000| Complete 
|  45|0x0000000088900000, 0x0000000088a00000, 0x0000000088a00000|100%| E|CS|TAMS 0x0000000088900000, 0x0000000088900000| Complete 
|  46|0x0000000088a00000, 0x0000000088b00000, 0x0000000088b00000|100%| E|CS|TAMS 0x0000000088a00000, 0x0000000088a00000| Complete 
|  47|0x0000000088b00000, 0x0000000088c00000, 0x0000000088c00000|100%| E|CS|TAMS 0x0000000088b00000, 0x0000000088b00000| Complete 
|  48|0x0000000088c00000, 0x0000000088d00000, 0x0000000088d00000|100%| E|CS|TAMS 0x0000000088c00000, 0x0000000088c00000| Complete 
|  49|0x0000000088d00000, 0x0000000088e00000, 0x0000000088e00000|100%| E|CS|TAMS 0x0000000088d00000, 0x0000000088d00000| Complete 
|  50|0x0000000088e00000, 0x0000000088f00000, 0x0000000088f00000|100%| E|CS|TAMS 0x0000000088e00000, 0x0000000088e00000| Complete 
|  51|0x0000000088f00000, 0x0000000089000000, 0x0000000089000000|100%| E|CS|TAMS 0x0000000088f00000, 0x0000000088f00000| Complete 
|  52|0x0000000089000000, 0x0000000089100000, 0x0000000089100000|100%| E|CS|TAMS 0x0000000089000000, 0x0000000089000000| Complete 
|  53|0x0000000089100000, 0x0000000089200000, 0x0000000089200000|100%| E|CS|TAMS 0x0000000089100000, 0x0000000089100000| Complete 
|  54|0x0000000089200000, 0x0000000089300000, 0x0000000089300000|100%| E|CS|TAMS 0x0000000089200000, 0x0000000089200000| Complete 
|  55|0x0000000089300000, 0x0000000089400000, 0x0000000089400000|100%| E|CS|TAMS 0x0000000089300000, 0x0000000089300000| Complete 
|  56|0x0000000089400000, 0x0000000089500000, 0x0000000089500000|100%| E|CS|TAMS 0x0000000089400000, 0x0000000089400000| Complete 
|  57|0x0000000089500000, 0x0000000089600000, 0x0000000089600000|100%| E|CS|TAMS 0x0000000089500000, 0x0000000089500000| Complete 
|  58|0x0000000089600000, 0x0000000089700000, 0x0000000089700000|100%| E|CS|TAMS 0x0000000089600000, 0x0000000089600000| Complete 
|  59|0x0000000089700000, 0x0000000089800000, 0x0000000089800000|100%| E|CS|TAMS 0x0000000089700000, 0x0000000089700000| Complete 
|  60|0x0000000089800000, 0x0000000089900000, 0x0000000089900000|100%| E|CS|TAMS 0x0000000089800000, 0x0000000089800000| Complete 
|  61|0x0000000089900000, 0x0000000089a00000, 0x0000000089a00000|100%| E|CS|TAMS 0x0000000089900000, 0x0000000089900000| Complete 
|  62|0x0000000089a00000, 0x0000000089b00000, 0x0000000089b00000|100%| E|CS|TAMS 0x0000000089a00000, 0x0000000089a00000| Complete 
|  63|0x0000000089b00000, 0x0000000089c00000, 0x0000000089c00000|100%| E|CS|TAMS 0x0000000089b00000, 0x0000000089b00000| Complete 
|  64|0x0000000089c00000, 0x0000000089d00000, 0x0000000089d00000|100%| E|CS|TAMS 0x0000000089c00000, 0x0000000089c00000| Complete 
|  65|0x0000000089d00000, 0x0000000089e00000, 0x0000000089e00000|100%| E|CS|TAMS 0x0000000089d00000, 0x0000000089d00000| Complete 
|  66|0x0000000089e00000, 0x0000000089f00000, 0x0000000089f00000|100%| E|CS|TAMS 0x0000000089e00000, 0x0000000089e00000| Complete 
|  67|0x0000000089f00000, 0x000000008a000000, 0x000000008a000000|100%| E|CS|TAMS 0x0000000089f00000, 0x0000000089f00000| Complete 
|  68|0x000000008a000000, 0x000000008a100000, 0x000000008a100000|100%| E|CS|TAMS 0x000000008a000000, 0x000000008a000000| Complete 
|  69|0x000000008a100000, 0x000000008a200000, 0x000000008a200000|100%| E|CS|TAMS 0x000000008a100000, 0x000000008a100000| Complete 
|  70|0x000000008a200000, 0x000000008a300000, 0x000000008a300000|100%| E|CS|TAMS 0x000000008a200000, 0x000000008a200000| Complete 
|  71|0x000000008a300000, 0x000000008a400000, 0x000000008a400000|100%| E|CS|TAMS 0x000000008a300000, 0x000000008a300000| Complete 
|  72|0x000000008a400000, 0x000000008a500000, 0x000000008a500000|100%| E|CS|TAMS 0x000000008a400000, 0x000000008a400000| Complete 
|  73|0x000000008a500000, 0x000000008a600000, 0x000000008a600000|100%| E|CS|TAMS 0x000000008a500000, 0x000000008a500000| Complete 
| 103|0x000000008c300000, 0x000000008c400000, 0x000000008c400000|100%| E|CS|TAMS 0x000000008c300000, 0x000000008c300000| Complete 
| 104|0x000000008c400000, 0x000000008c500000, 0x000000008c500000|100%| E|CS|TAMS 0x000000008c400000, 0x000000008c400000| Complete 
| 123|0x000000008d700000, 0x000000008d800000, 0x000000008d800000|100%| E|CS|TAMS 0x000000008d700000, 0x000000008d700000| Complete 

Card table byte_map: [0x00007f8665c12000,0x00007f8665fe4000] _byte_map_base: 0x00007f86657e4000

Marking Bits (Prev, Next): (CMBitMap*) 0x00007f86600696f0, (CMBitMap*) 0x00007f86600696b0
 Prev Bits: [0x00007f86498ef000, 0x00007f864b77f000)
 Next Bits: [0x00007f864b77f000, 0x00007f864d60f000)

Polling page: 0x00007f8668451000

Metaspace:

Usage:
  Non-class:     30.51 MB capacity,    30.26 MB (>99%) used,   205.04 KB ( <1%) free+waste,    53.19 KB ( <1%) overhead. 
      Class:      4.35 MB capacity,     4.16 MB ( 96%) used,   171.80 KB (  4%) free+waste,    21.06 KB ( <1%) overhead. 
       Both:     34.86 MB capacity,    34.42 MB ( 99%) used,   376.84 KB (  1%) free+waste,    74.25 KB ( <1%) overhead. 

Virtual space:
  Non-class space:       32.00 MB reserved,      30.62 MB ( 96%) committed 
      Class space:        1.00 GB reserved,       4.38 MB ( <1%) committed 
             Both:        1.03 GB reserved,      35.00 MB (  3%) committed 

Chunk freelists:
   Non-Class:  71.00 KB
       Class:  27.00 KB
        Both:  98.00 KB

MaxMetaspaceSize: 17179869184.00 GB
CompressedClassSpaceSize: 1.00 GB

CodeHeap 'non-profiled nmethods': size=238384Kb used=4755Kb max_used=4755Kb free=233628Kb
 bounds [0x00007f864dd43000, 0x00007f864e1f3000, 0x00007f865c60f000]
CodeHeap 'non-nmethods': size=7376Kb used=1192Kb max_used=1192Kb free=6183Kb
 bounds [0x00007f864d60f000, 0x00007f864d87f000, 0x00007f864dd43000]
 total_blobs=3628 nmethods=3167 adapters=389
 compilation: enabled
              stopped_count=0, restarted_count=0
 full_count=0

Compilation events (20 events):
Event: 1.455 Thread 0x00007f86601a8050 3158       1       org.springframework.core.SerializableTypeWrapper::unwrap (34 bytes)
Event: 1.455 Thread 0x00007f86601a8050 nmethod 3158 0x00007f864e1e2490 code [0x00007f864e1e2640, 0x00007f864e1e27f0]
Event: 1.456 Thread 0x00007f86601a8050 3159   !   1       org.springframework.util.ReflectionUtils::doWithLocalFields (84 bytes)
Event: 1.457 Thread 0x00007f86601a8050 nmethod 3159 0x00007f864e1e2890 code [0x00007f864e1e2ac0, 0x00007f864e1e2fc0]
Event: 1.457 Thread 0x00007f86601a8050 3160       1       java.lang.ReflectiveOperationException::<init> (6 bytes)
Event: 1.457 Thread 0x00007f86601a8050 nmethod 3160 0x00007f864e1e3310 code [0x00007f864e1e34a0, 0x00007f864e1e3560]
Event: 1.464 Thread 0x00007f86601a8050 3161       1       org.springframework.core.annotation.AnnotationUtils::isCandidateClass (9 bytes)
Event: 1.464 Thread 0x00007f86601a8050 nmethod 3161 0x00007f864e1e3610 code [0x00007f864e1e37e0, 0x00007f864e1e39b0]
Event: 1.464 Thread 0x00007f86601a8050 3162   !   1       org.springframework.util.ReflectionUtils::doWithMethods (193 bytes)
Event: 1.465 Thread 0x00007f86601a8050 nmethod 3162 0x00007f864e1e3b90 code [0x00007f864e1e3e20, 0x00007f864e1e4540]
Event: 1.465 Thread 0x00007f86601a8050 3164       1       org.springframework.core.annotation.TypeMappedAnnotations$IsPresent::doWithAnnotations (183 bytes)
Event: 1.466 Thread 0x00007f86601a8050 nmethod 3164 0x00007f864e1e4a90 code [0x00007f864e1e4cc0, 0x00007f864e1e5150]
Event: 1.466 Thread 0x00007f86601a8050 3163       1       org.springframework.core.annotation.TypeMappedAnnotations$IsPresent::doWithAnnotations (10 bytes)
Event: 1.466 Thread 0x00007f86601a8050 nmethod 3163 0x00007f864e1e5510 code [0x00007f864e1e56a0, 0x00007f864e1e5760]
Event: 1.467 Thread 0x00007f86601a8050 3165       1       org.springframework.core.annotation.AnnotationTypeMapping::collectAliases (73 bytes)
Event: 1.467 Thread 0x00007f86601a8050 nmethod 3165 0x00007f864e1e5810 code [0x00007f864e1e59e0, 0x00007f864e1e5c10]
Event: 1.467 Thread 0x00007f86601a8050 3166       1       java.util.HashSet::add (20 bytes)
Event: 1.467 Thread 0x00007f86601a8050 nmethod 3166 0x00007f864e1e5d90 code [0x00007f864e1e5f20, 0x00007f864e1e6020]
Event: 1.467 Thread 0x00007f86601a8050 3167       1       org.springframework.core.annotation.AnnotationTypeMapping$MirrorSets$MirrorSet::resolve (258 bytes)
Event: 1.468 Thread 0x00007f86601a8050 nmethod 3167 0x00007f864e1e6090 code [0x00007f864e1e63e0, 0x00007f864e1e74a0]

GC Heap History (10 events):
Event: 0.476 GC heap before
{Heap before GC invocations=0 (full 0):
 garbage-first heap   total 126976K, used 22528K [0x0000000085c00000, 0x0000000100000000)
  region size 1024K, 23 young (23552K), 0 survivors (0K)
 Metaspace       used 15736K, capacity 15916K, committed 16128K, reserved 1062912K
  class space    used 1655K, capacity 1718K, committed 1792K, reserved 1048576K
}
Event: 0.480 GC heap after
{Heap after GC invocations=1 (full 0):
 garbage-first heap   total 126976K, used 4747K [0x0000000085c00000, 0x0000000100000000)
  region size 1024K, 3 young (3072K), 3 survivors (3072K)
 Metaspace       used 15736K, capacity 15916K, committed 16128K, reserved 1062912K
  class space    used 1655K, capacity 1718K, committed 1792K, reserved 1048576K
}
Event: 0.671 GC heap before
{Heap before GC invocations=1 (full 0):
 garbage-first heap   total 126976K, used 23179K [0x0000000085c00000, 0x0000000100000000)
  region size 1024K, 22 young (22528K), 3 survivors (3072K)
 Metaspace       used 20836K, capacity 21083K, committed 21248K, reserved 1069056K
  class space    used 2391K, capacity 2504K, committed 2560K, reserved 1048576K
}
Event: 0.675 GC heap after
{Heap after GC invocations=2 (full 0):
 garbage-first heap   total 126976K, used 6626K [0x0000000085c00000, 0x0000000100000000)
  region size 1024K, 2 young (2048K), 2 survivors (2048K)
 Metaspace       used 20836K, capacity 21083K, committed 21248K, reserved 1069056K
  class space    used 2391K, capacity 2504K, committed 2560K, reserved 1048576K
}
Event: 0.786 GC heap before
{Heap before GC invocations=3 (full 0):
 garbage-first heap   total 27648K, used 27106K [0x0000000085c00000, 0x0000000100000000)
  region size 1024K, 22 young (22528K), 2 survivors (2048K)
 Metaspace       used 25908K, capacity 26291K, committed 26496K, reserved 1073152K
  class space    used 3036K, capacity 3151K, committed 3200K, reserved 1048576K
}
Event: 0.788 GC heap after
{Heap after GC invocations=4 (full 0):
 garbage-first heap   total 30720K, used 7352K [0x0000000085c00000, 0x0000000100000000)
  region size 1024K, 3 young (3072K), 3 survivors (3072K)
 Metaspace       used 25908K, capacity 26291K, committed 26496K, reserved 1073152K
  class space    used 3036K, capacity 3151K, committed 3200K, reserved 1048576K
}
Event: 0.918 GC heap before
{Heap before GC invocations=4 (full 0):
 garbage-first heap   total 30720K, used 21688K [0x0000000085c00000, 0x0000000100000000)
  region size 1024K, 17 young (17408K), 3 survivors (3072K)
 Metaspace       used 27171K, capacity 27522K, committed 27648K, reserved 1073152K
  class space    used 3212K, capacity 3324K, committed 3328K, reserved 1048576K
}
Event: 0.921 GC heap after
{Heap after GC invocations=5 (full 0):
 garbage-first heap   total 30720K, used 8588K [0x0000000085c00000, 0x0000000100000000)
  region size 1024K, 3 young (3072K), 3 survivors (3072K)
 Metaspace       used 27171K, capacity 27522K, committed 27648K, reserved 1073152K
  class space    used 3212K, capacity 3324K, committed 3328K, reserved 1048576K
}
Event: 1.052 GC heap before
{Heap before GC invocations=5 (full 0):
 garbage-first heap   total 30720K, used 21900K [0x0000000085c00000, 0x0000000100000000)
  region size 1024K, 16 young (16384K), 3 survivors (3072K)
 Metaspace       used 28968K, capacity 29328K, committed 29568K, reserved 1075200K
  class space    used 3469K, capacity 3599K, committed 3712K, reserved 1048576K
}
Event: 1.055 GC heap after
{Heap after GC invocations=6 (full 0):
 garbage-first heap   total 78848K, used 9084K [0x0000000085c00000, 0x0000000100000000)
  region size 1024K, 2 young (2048K), 2 survivors (2048K)
 Metaspace       used 28968K, capacity 29328K, committed 29568K, reserved 1075200K
  class space    used 3469K, capacity 3599K, committed 3712K, reserved 1048576K
}

Deoptimization events (2 events):
Event: 1.349 Thread 0x00007f85f863e5f0 DEOPT PACKING pc=0x00007f864df2a5e8 sp=0x00007f86390e74f0
Event: 1.349 Thread 0x00007f85f863e5f0 DEOPT UNPACKING pc=0x00007f864d65cf2b sp=0x00007f86390e6968 mode 3

Classes unloaded (0 events):
No events

Classes redefined (0 events):
No events

Internal exceptions (20 events):
Event: 1.135 Thread 0x00007f85f4002960 Exception <a 'java/lang/NoSuchMethodError'{0x000000008a2bcda8}: 'void java.lang.invoke.DirectMethodHandle$Holder.invokeInterface(java.lang.Object, java.lang.Object, int)'> (0x000000008a2bcda8) 
thrown [open/src/hotspot/share/interpreter/linkResolver.cpp, line 781]
Event: 1.136 Thread 0x00007f85f4002960 Exception <a 'java/lang/NoSuchMethodError'{0x000000008a2d8310}: 'int java.lang.invoke.DirectMethodHandle$Holder.invokeVirtual(java.lang.Object, java.lang.Object)'> (0x000000008a2d8310) 
thrown [open/src/hotspot/share/interpreter/linkResolver.cpp, line 781]
Event: 1.138 Thread 0x00007f85f4002960 Exception <a 'java/lang/IncompatibleClassChangeError'{0x000000008a116788}: Found class java.lang.Object, but interface was expected> (0x000000008a116788) 
thrown [open/src/hotspot/share/interpreter/linkResolver.cpp, line 848]
Event: 1.138 Thread 0x00007f85f4002960 Exception <a 'java/lang/NoSuchMethodError'{0x000000008a11be70}: 'void java.lang.invoke.DirectMethodHandle$Holder.invokeStatic(java.lang.Object, int, java.lang.Object)'> (0x000000008a11be70) 
thrown [open/src/hotspot/share/interpreter/linkResolver.cpp, line 781]
Event: 1.140 Thread 0x00007f85f4002960 Exception <a 'java/lang/NoSuchMethodError'{0x000000008a14eae0}: 'int java.lang.invoke.DirectMethodHandle$Holder.invokeSpecial(java.lang.Object, java.lang.Object, int)'> (0x000000008a14eae0) 
thrown [open/src/hotspot/share/interpreter/linkResolver.cpp, line 781]
Event: 1.318 Thread 0x00007f85f4002960 Exception <a 'java/io/FileNotFoundException'{0x00000000892c1258}> (0x00000000892c1258) 
thrown [open/src/hotspot/share/prims/jni.cpp, line 578]
Event: 1.324 Thread 0x00007f85f4002960 Exception <a 'java/lang/NoSuchMethodError'{0x000000008915cc88}: 'int java.lang.invoke.DirectMethodHandle$Holder.invokeInterface(java.lang.Object, java.lang.Object, java.lang.Object, java.lang.Object)'> (0x000000008915cc88) 
thrown [open/src/hotspot/share/interpreter/linkResolver.cpp, line 781]
Event: 1.345 Thread 0x00007f85f4002960 Exception <a 'java/io/FileNotFoundException'{0x00000000890ee5c8}> (0x00000000890ee5c8) 
thrown [open/src/hotspot/share/prims/jni.cpp, line 578]
Event: 1.375 Thread 0x00007f85f4002960 Exception <a 'java/lang/ClassNotFoundException'{0x0000000088dd0980}: java/lang/ObjectCustomizer> (0x0000000088dd0980) 
thrown [open/src/hotspot/share/classfile/systemDictionary.cpp, line 295]
Event: 1.375 Thread 0x00007f85f4002960 Exception <a 'java/lang/ClassNotFoundException'{0x0000000088dd7fd0}: org/springframework/web/servlet/config/annotation/WebMvcConfigurationSupportCustomizer> (0x0000000088dd7fd0) 
thrown [open/src/hotspot/share/classfile/systemDictionary.cpp, line 295]
Event: 1.376 Thread 0x00007f85f4002960 Exception <a 'java/lang/ClassNotFoundException'{0x0000000088deb7a8}: org/springframework/web/servlet/config/annotation/DelegatingWebMvcConfigurationCustomizer> (0x0000000088deb7a8) 
thrown [open/src/hotspot/share/classfile/systemDictionary.cpp, line 295]
Event: 1.376 Thread 0x00007f85f4002960 Exception <a 'java/lang/ClassNotFoundException'{0x0000000088df4b18}: org/springframework/boot/autoconfigure/web/servlet/WebMvcAutoConfiguration$EnableWebMvcConfigurationCustomizer> (0x0000000088df4b18) 
thrown [open/src/hotspot/share/classfile/systemDictionary.cpp, line 295]
Event: 1.377 Thread 0x00007f85f4002960 Exception <a 'java/lang/ClassNotFoundException'{0x0000000088c09120}: org/springframework/context/ResourceLoaderAwareCustomizer> (0x0000000088c09120) 
thrown [open/src/hotspot/share/classfile/systemDictionary.cpp, line 295]
Event: 1.377 Thread 0x00007f85f4002960 Exception <a 'java/lang/ClassNotFoundException'{0x0000000088c0dbf8}: org/springframework/beans/factory/AwareCustomizer> (0x0000000088c0dbf8) 
thrown [open/src/hotspot/share/classfile/systemDictionary.cpp, line 295]
Event: 1.377 Thread 0x00007f85f4002960 Exception <a 'java/lang/ClassNotFoundException'{0x0000000088c11a38}: org/springframework/context/ApplicationContextAwareCustomizer> (0x0000000088c11a38) 
thrown [open/src/hotspot/share/classfile/systemDictionary.cpp, line 295]
Event: 1.378 Thread 0x00007f85f4002960 Exception <a 'java/lang/ClassNotFoundException'{0x0000000088c170f0}: org/springframework/beans/factory/AwareCustomizer> (0x0000000088c170f0) 
thrown [open/src/hotspot/share/classfile/systemDictionary.cpp, line 295]
Event: 1.378 Thread 0x00007f85f4002960 Exception <a 'java/lang/ClassNotFoundException'{0x0000000088c1af08}: org/springframework/web/context/ServletContextAwareCustomizer> (0x0000000088c1af08) 
thrown [open/src/hotspot/share/classfile/systemDictionary.cpp, line 295]
Event: 1.378 Thread 0x00007f85f4002960 Exception <a 'java/lang/ClassNotFoundException'{0x0000000088c1fe48}: org/springframework/beans/factory/AwareCustomizer> (0x0000000088c1fe48) 
thrown [open/src/hotspot/share/classfile/systemDictionary.cpp, line 295]
Event: 1.430 Thread 0x00007f85f4002960 Exception <a 'java/lang/NoSuchMethodError'{0x0000000088874228}: 'void java.lang.invoke.DirectMethodHandle$Holder.invokeVirtual(java.lang.Object, java.lang.Object, int)'> (0x0000000088874228) 
thrown [open/src/hotspot/share/interpreter/linkResolver.cpp, line 781]
Event: 1.432 Thread 0x00007f85f4002960 Exception <a 'java/lang/NoSuchMethodError'{0x00000000888904f8}: 'void java.lang.invoke.DirectMethodHandle$Holder.invokeVirtual(java.lang.Object, java.lang.Object, long)'> (0x00000000888904f8) 
thrown [open/src/hotspot/share/interpreter/linkResolver.cpp, line 781]

Events (20 events):
Event: 1.442 Executing VM operation: HandshakeAllThreads
Event: 1.442 Executing VM operation: HandshakeAllThreads done
Event: 1.446 loading class java/nio/charset/UnsupportedCharsetException
Event: 1.446 loading class java/nio/charset/UnsupportedCharsetException done
Event: 1.450 Executing VM operation: HandshakeAllThreads
Event: 1.450 Executing VM operation: HandshakeAllThreads done
Event: 1.456 loading class java/util/stream/ReduceOps$5
Event: 1.456 loading class java/util/stream/ReduceOps$5 done
Event: 1.456 loading class java/util/stream/ReduceOps$CountingSink$OfRef
Event: 1.456 loading class java/util/stream/ReduceOps$CountingSink
Event: 1.456 loading class java/util/stream/ReduceOps$CountingSink done
Event: 1.456 loading class java/util/stream/ReduceOps$CountingSink$OfRef done
Event: 1.466 Executing VM operation: ICBufferFull
Event: 1.466 Executing VM operation: ICBufferFull done
Event: 1.466 Executing VM operation: HandshakeAllThreads
Event: 1.466 Executing VM operation: HandshakeAllThreads done
Event: 1.468 loading class java/util/regex/PatternSyntaxException
Event: 1.469 loading class java/util/regex/PatternSyntaxException done
Event: 1.471 loading class java/util/Comparators$NullComparator
Event: 1.471 loading class java/util/Comparators$NullComparator done


Dynamic libraries:
85c00000-8a600000 rw-p 00000000 00:00 0 
8a600000-8c300000 ---p 00000000 00:00 0 
8c300000-8c500000 rw-p 00000000 00:00 0 
8c500000-8d700000 ---p 00000000 00:00 0 
8d700000-8d800000 rw-p 00000000 00:00 0 
8d800000-100000000 ---p 00000000 00:00 0 
100000000-100460000 rw-p 00000000 00:00 0 
100460000-140000000 ---p 00000000 00:00 0 
55bb66282000-55bb66283000 r-xp 00000000 08:02 47448670                   /home/shiva/shiva/spring-tool-suite-4-4.9.0.RELEASE-e4.18.0-linux.gtk.x86_64/sts-4.9.0.RELEASE/plugins/org.eclipse.justj.openjdk.hotspot.jre.full.linux.x86_64_15.0.1.v20201027-0507/jre/bin/java
55bb66284000-55bb66285000 r--p 00001000 08:02 47448670                   /home/shiva/shiva/spring-tool-suite-4-4.9.0.RELEASE-e4.18.0-linux.gtk.x86_64/sts-4.9.0.RELEASE/plugins/org.eclipse.justj.openjdk.hotspot.jre.full.linux.x86_64_15.0.1.v20201027-0507/jre/bin/java
55bb66285000-55bb66286000 rw-p 00002000 08:02 47448670                   /home/shiva/shiva/spring-tool-suite-4-4.9.0.RELEASE-e4.18.0-linux.gtk.x86_64/sts-4.9.0.RELEASE/plugins/org.eclipse.justj.openjdk.hotspot.jre.full.linux.x86_64_15.0.1.v20201027-0507/jre/bin/java
55bb66f90000-55bb66fb1000 rw-p 00000000 00:00 0                          [heap]
7f85a4000000-7f85a4021000 rw-p 00000000 00:00 0 
7f85a4021000-7f85a8000000 ---p 00000000 00:00 0 
7f85ac000000-7f85ac021000 rw-p 00000000 00:00 0 
7f85ac021000-7f85b0000000 ---p 00000000 00:00 0 
7f85b3895000-7f85b3c9c000 rw-p 00000000 00:00 0 
7f85b3c9c000-7f85b3dfc000 ---p 00000000 00:00 0 
7f85b3dfe000-7f85b3e02000 ---p 00000000 00:00 0 
7f85b3e02000-7f85b3eff000 rw-p 00000000 00:00 0 
7f85b3eff000-7f85b3f03000 ---p 00000000 00:00 0 
7f85b3f03000-7f85b4000000 rw-p 00000000 00:00 0 
7f85b4000000-7f85b4021000 rw-p 00000000 00:00 0 
7f85b4021000-7f85b8000000 ---p 00000000 00:00 0 
7f85b8000000-7f85b8021000 rw-p 00000000 00:00 0 
7f85b8021000-7f85bc000000 ---p 00000000 00:00 0 
7f85bc000000-7f85bc1a0000 rw-p 00000000 00:00 0 
7f85bc1a0000-7f85c0000000 ---p 00000000 00:00 0 
7f85c0000000-7f85c0021000 rw-p 00000000 00:00 0 
7f85c0021000-7f85c4000000 ---p 00000000 00:00 0 
7f85c4000000-7f85c4021000 rw-p 00000000 00:00 0 
7f85c4021000-7f85c8000000 ---p 00000000 00:00 0 
7f85c8000000-7f85c8021000 rw-p 00000000 00:00 0 
7f85c8021000-7f85cc000000 ---p 00000000 00:00 0 
7f85cc000000-7f85cc021000 rw-p 00000000 00:00 0 
7f85cc021000-7f85d0000000 ---p 00000000 00:00 0 
7f85d0000000-7f85d0021000 rw-p 00000000 00:00 0 
7f85d0021000-7f85d4000000 ---p 00000000 00:00 0 
7f85d4000000-7f85d4021000 rw-p 00000000 00:00 0 
7f85d4021000-7f85d8000000 ---p 00000000 00:00 0 
7f85d8000000-7f85d8021000 rw-p 00000000 00:00 0 
7f85d8021000-7f85dc000000 ---p 00000000 00:00 0 
7f85dc000000-7f85dc021000 rw-p 00000000 00:00 0 
7f85dc021000-7f85e0000000 ---p 00000000 00:00 0 
7f85e0000000-7f85e0021000 rw-p 00000000 00:00 0 
7f85e0021000-7f85e4000000 ---p 00000000 00:00 0 
7f85e4000000-7f85e4021000 rw-p 00000000 00:00 0 
7f85e4021000-7f85e8000000 ---p 00000000 00:00 0 
7f85e8000000-7f85e8021000 rw-p 00000000 00:00 0 
7f85e8021000-7f85ec000000 ---p 00000000 00:00 0 
7f85ec000000-7f85ec021000 rw-p 00000000 00:00 0 
7f85ec021000-7f85f0000000 ---p 00000000 00:00 0 
7f85f0000000-7f85f0021000 rw-p 00000000 00:00 0 
7f85f0021000-7f85f4000000 ---p 00000000 00:00 0 
7f85f4000000-7f85f4021000 rw-p 00000000 00:00 0 
7f85f4021000-7f85f8000000 ---p 00000000 00:00 0 
7f85f8000000-7f85f86cf000 rw-p 00000000 00:00 0 
7f85f86cf000-7f85fc000000 ---p 00000000 00:00 0 
7f85fc000000-7f85fc021000 rw-p 00000000 00:00 0 
7f85fc021000-7f8600000000 ---p 00000000 00:00 0 
7f8600000000-7f8600021000 rw-p 00000000 00:00 0 
7f8600021000-7f8604000000 ---p 00000000 00:00 0 
7f8604000000-7f8604021000 rw-p 00000000 00:00 0 
7f8604021000-7f8608000000 ---p 00000000 00:00 0 
7f8608000000-7f8608021000 rw-p 00000000 00:00 0 
7f8608021000-7f860c000000 ---p 00000000 00:00 0 
7f860c000000-7f860c021000 rw-p 00000000 00:00 0 
7f860c021000-7f8610000000 ---p 00000000 00:00 0 
7f8610000000-7f8610021000 rw-p 00000000 00:00 0 
7f8610021000-7f8614000000 ---p 00000000 00:00 0 
7f8614000000-7f8614402000 rw-p 00000000 00:00 0 
7f8614402000-7f8618000000 ---p 00000000 00:00 0 
7f8618000000-7f8618021000 rw-p 00000000 00:00 0 
7f8618021000-7f861c000000 ---p 00000000 00:00 0 
7f861c000000-7f861c021000 rw-p 00000000 00:00 0 
7f861c021000-7f8620000000 ---p 00000000 00:00 0 
7f8620000000-7f8620021000 rw-p 00000000 00:00 0 
7f8620021000-7f8624000000 ---p 00000000 00:00 0 
7f8624000000-7f8624021000 rw-p 00000000 00:00 0 
7f8624021000-7f8628000000 ---p 00000000 00:00 0 
7f8628000000-7f8628021000 rw-p 00000000 00:00 0 
7f8628021000-7f862c000000 ---p 00000000 00:00 0 
7f862c000000-7f862c021000 rw-p 00000000 00:00 0 
7f862c021000-7f8630000000 ---p 00000000 00:00 0 
7f8630000000-7f8630021000 rw-p 00000000 00:00 0 
7f8630021000-7f8634000000 ---p 00000000 00:00 0 
7f8634000000-7f8634021000 rw-p 00000000 00:00 0 
7f8634021000-7f8638000000 ---p 00000000 00:00 0 
7f86380e0000-7f86382e0000 rw-p 00000000 00:00 0 
7f86382e0000-7f86384e0000 rw-p 00000000 00:00 0 
7f86384e0000-7f86386e0000 rw-p 00000000 00:00 0 
7f86386e0000-7f86388e0000 rw-p 00000000 00:00 0 
7f86388e0000-7f8638ae0000 rw-p 00000000 00:00 0 
7f8638ae2000-7f8638ae3000 ---p 00000000 00:00 0 
7f8638ae3000-7f8638be4000 rw-p 00000000 00:00 0 
7f8638be4000-7f8638be5000 ---p 00000000 00:00 0 
7f8638be5000-7f8638ce6000 rw-p 00000000 00:00 0 
7f8638ce6000-7f8638ce7000 ---p 00000000 00:00 0 
7f8638ce7000-7f8638fe8000 rw-p 00000000 00:00 0 
7f8638fe8000-7f8638fec000 ---p 00000000 00:00 0 
7f8638fec000-7f86390e9000 rw-p 00000000 00:00 0 
7f86390e9000-7f86390ed000 ---p 00000000 00:00 0 
7f86390ed000-7f86391ea000 rw-p 00000000 00:00 0 
7f86391ea000-7f86391ee000 ---p 00000000 00:00 0 
7f86391ee000-7f86392eb000 rw-p 00000000 00:00 0 
7f86392eb000-7f86392ef000 ---p 00000000 00:00 0 
7f86392ef000-7f86395ec000 rw-p 00000000 00:00 0 
7f86395ef000-7f86395f3000 ---p 00000000 00:00 0 
7f86395f3000-7f86398f0000 rw-p 00000000 00:00 0 
7f86398f2000-7f86398f3000 ---p 00000000 00:00 0 
7f86398f3000-7f86399f4000 rw-p 00000000 00:00 0 
7f86399f4000-7f86399f5000 ---p 00000000 00:00 0 
7f86399f5000-7f8639af6000 rw-p 00000000 00:00 0 
7f8639af6000-7f8639af7000 ---p 00000000 00:00 0 
7f8639af7000-7f8639bf8000 rw-p 00000000 00:00 0 
7f8639bf8000-7f8639bf9000 ---p 00000000 00:00 0 
7f8639bf9000-7f8639cfa000 rw-p 00000000 00:00 0 
7f8639cfa000-7f8639cfb000 ---p 00000000 00:00 0 
7f8639cfb000-7f8639dfc000 rw-p 00000000 00:00 0 
7f8639dfc000-7f8639dfd000 ---p 00000000 00:00 0 
7f8639dfd000-7f8639efe000 rw-p 00000000 00:00 0 
7f8639efe000-7f8639eff000 ---p 00000000 00:00 0 
7f8639eff000-7f863c000000 rw-p 00000000 00:00 0 
7f863c000000-7f863c021000 rw-p 00000000 00:00 0 
7f863c021000-7f8640000000 ---p 00000000 00:00 0 
7f8640000000-7f8640021000 rw-p 00000000 00:00 0 
7f8640021000-7f8644000000 ---p 00000000 00:00 0 
7f8644000000-7f8644021000 rw-p 00000000 00:00 0 
7f8644021000-7f8648000000 ---p 00000000 00:00 0 
7f86480cc000-7f86480cd000 ---p 00000000 00:00 0 
7f86480cd000-7f86481ce000 rw-p 00000000 00:00 0 
7f86481ce000-7f86481d2000 ---p 00000000 00:00 0 
7f86481d2000-7f86482cf000 rw-p 00000000 00:00 0 
7f86482cf000-7f86482d3000 ---p 00000000 00:00 0 
7f86482d3000-7f86485d0000 rw-p 00000000 00:00 0 
7f86485d3000-7f86485e0000 r-xp 00000000 08:02 47448702                   /home/shiva/shiva/spring-tool-suite-4-4.9.0.RELEASE-e4.18.0-linux.gtk.x86_64/sts-4.9.0.RELEASE/plugins/org.eclipse.justj.openjdk.hotspot.jre.full.linux.x86_64_15.0.1.v20201027-0507/jre/lib/libverify.so
7f86485e0000-7f86485e2000 r--p 0000c000 08:02 47448702                   /home/shiva/shiva/spring-tool-suite-4-4.9.0.RELEASE-e4.18.0-linux.gtk.x86_64/sts-4.9.0.RELEASE/plugins/org.eclipse.justj.openjdk.hotspot.jre.full.linux.x86_64_15.0.1.v20201027-0507/jre/lib/libverify.so
7f86485e2000-7f86485e3000 rw-p 0000e000 08:02 47448702                   /home/shiva/shiva/spring-tool-suite-4-4.9.0.RELEASE-e4.18.0-linux.gtk.x86_64/sts-4.9.0.RELEASE/plugins/org.eclipse.justj.openjdk.hotspot.jre.full.linux.x86_64_15.0.1.v20201027-0507/jre/lib/libverify.so
7f86485e3000-7f86485e4000 ---p 00000000 00:00 0 
7f86485e4000-7f86486e5000 rw-p 00000000 00:00 0 
7f86486e5000-7f86486e9000 ---p 00000000 00:00 0 
7f86486e9000-7f86487e6000 rw-p 00000000 00:00 0 
7f86487e6000-7f86487ea000 ---p 00000000 00:00 0 
7f86487ea000-7f86488e7000 rw-p 00000000 00:00 0 
7f86488e7000-7f86488eb000 ---p 00000000 00:00 0 
7f86488eb000-7f8648be8000 rw-p 00000000 00:00 0 
7f8648be8000-7f8648de8000 rw-p 00000000 00:00 0 
7f8648de9000-7f8648e1a000 rw-p 00000000 00:00 0 
7f8648e1a000-7f8648e1e000 ---p 00000000 00:00 0 
7f8648e1e000-7f8648f1b000 rw-p 00000000 00:00 0 
7f8648f1b000-7f8648f1f000 ---p 00000000 00:00 0 
7f8648f1f000-7f864901c000 rw-p 00000000 00:00 0 
7f864901c000-7f8649020000 ---p 00000000 00:00 0 
7f8649020000-7f864911d000 rw-p 00000000 00:00 0 
7f864911d000-7f8649121000 ---p 00000000 00:00 0 
7f8649121000-7f864921e000 rw-p 00000000 00:00 0 
7f864921e000-7f8649222000 ---p 00000000 00:00 0 
7f8649222000-7f864931f000 rw-p 00000000 00:00 0 
7f864931f000-7f8649323000 ---p 00000000 00:00 0 
7f8649323000-7f8649420000 rw-p 00000000 00:00 0 
7f8649420000-7f8649475000 r--p 00000000 08:02 18878024                   /usr/lib/locale/aa_DJ.utf8/LC_CTYPE
7f8649475000-7f86496ed000 r--p 00000000 08:02 18878023                   /usr/lib/locale/aa_DJ.utf8/LC_COLLATE
7f86496ed000-7f86496f1000 ---p 00000000 00:00 0 
7f86496f1000-7f86497ee000 rw-p 00000000 00:00 0 
7f86497ee000-7f86497f2000 ---p 00000000 00:00 0 
7f86497f2000-7f8649a17000 rw-p 00000000 00:00 0 
7f8649a17000-7f8649a8b000 ---p 00000000 00:00 0 
7f8649a8b000-7f8649a93000 rw-p 00000000 00:00 0 
7f8649a93000-7f8649adb000 ---p 00000000 00:00 0 
7f8649adb000-7f8649adf000 rw-p 00000000 00:00 0 
7f8649adf000-7f864b77f000 ---p 00000000 00:00 0 
7f864b77f000-7f864b8a7000 rw-p 00000000 00:00 0 
7f864b8a7000-7f864b91b000 ---p 00000000 00:00 0 
7f864b91b000-7f864b923000 rw-p 00000000 00:00 0 
7f864b923000-7f864b96b000 ---p 00000000 00:00 0 
7f864b96b000-7f864b96f000 rw-p 00000000 00:00 0 
7f864b96f000-7f864d60f000 ---p 00000000 00:00 0 
7f864d60f000-7f864d87f000 rwxp 00000000 00:00 0 
7f864d87f000-7f864dd43000 ---p 00000000 00:00 0 
7f864dd43000-7f864e1f3000 rwxp 00000000 00:00 0 
7f864e1f3000-7f865c60f000 ---p 00000000 00:00 0 
7f865c60f000-7f8660000000 r--s 00000000 08:02 47448752                   /home/shiva/shiva/spring-tool-suite-4-4.9.0.RELEASE-e4.18.0-linux.gtk.x86_64/sts-4.9.0.RELEASE/plugins/org.eclipse.justj.openjdk.hotspot.jre.full.linux.x86_64_15.0.1.v20201027-0507/jre/lib/modules
7f8660000000-7f866082f000 rw-p 00000000 00:00 0 
7f866082f000-7f8664000000 ---p 00000000 00:00 0 
7f866400b000-7f8664010000 r-xp 00000000 08:02 47448718                   /home/shiva/shiva/spring-tool-suite-4-4.9.0.RELEASE-e4.18.0-linux.gtk.x86_64/sts-4.9.0.RELEASE/plugins/org.eclipse.justj.openjdk.hotspot.jre.full.linux.x86_64_15.0.1.v20201027-0507/jre/lib/libmanagement_ext.so
7f8664010000-7f8664011000 r--p 00004000 08:02 47448718                   /home/shiva/shiva/spring-tool-suite-4-4.9.0.RELEASE-e4.18.0-linux.gtk.x86_64/sts-4.9.0.RELEASE/plugins/org.eclipse.justj.openjdk.hotspot.jre.full.linux.x86_64_15.0.1.v20201027-0507/jre/lib/libmanagement_ext.so
7f8664011000-7f8664012000 rw-p 00005000 08:02 47448718                   /home/shiva/shiva/spring-tool-suite-4-4.9.0.RELEASE-e4.18.0-linux.gtk.x86_64/sts-4.9.0.RELEASE/plugins/org.eclipse.justj.openjdk.hotspot.jre.full.linux.x86_64_15.0.1.v20201027-0507/jre/lib/libmanagement_ext.so
7f8664012000-7f8664016000 r-xp 00000000 08:02 47448753                   /home/shiva/shiva/spring-tool-suite-4-4.9.0.RELEASE-e4.18.0-linux.gtk.x86_64/sts-4.9.0.RELEASE/plugins/org.eclipse.justj.openjdk.hotspot.jre.full.linux.x86_64_15.0.1.v20201027-0507/jre/lib/libmanagement.so
7f8664016000-7f8664017000 r--p 00003000 08:02 47448753                   /home/shiva/shiva/spring-tool-suite-4-4.9.0.RELEASE-e4.18.0-linux.gtk.x86_64/sts-4.9.0.RELEASE/plugins/org.eclipse.justj.openjdk.hotspot.jre.full.linux.x86_64_15.0.1.v20201027-0507/jre/lib/libmanagement.so
7f8664017000-7f8664018000 rw-p 00004000 08:02 47448753                   /home/shiva/shiva/spring-tool-suite-4-4.9.0.RELEASE-e4.18.0-linux.gtk.x86_64/sts-4.9.0.RELEASE/plugins/org.eclipse.justj.openjdk.hotspot.jre.full.linux.x86_64_15.0.1.v20201027-0507/jre/lib/libmanagement.so
7f8664018000-7f866402d000 r-xp 00000000 08:02 47448735                   /home/shiva/shiva/spring-tool-suite-4-4.9.0.RELEASE-e4.18.0-linux.gtk.x86_64/sts-4.9.0.RELEASE/plugins/org.eclipse.justj.openjdk.hotspot.jre.full.linux.x86_64_15.0.1.v20201027-0507/jre/lib/libnet.so
7f866402d000-7f866402e000 r--p 00014000 08:02 47448735                   /home/shiva/shiva/spring-tool-suite-4-4.9.0.RELEASE-e4.18.0-linux.gtk.x86_64/sts-4.9.0.RELEASE/plugins/org.eclipse.justj.openjdk.hotspot.jre.full.linux.x86_64_15.0.1.v20201027-0507/jre/lib/libnet.so
7f866402e000-7f866402f000 rw-p 00015000 08:02 47448735                   /home/shiva/shiva/spring-tool-suite-4-4.9.0.RELEASE-e4.18.0-linux.gtk.x86_64/sts-4.9.0.RELEASE/plugins/org.eclipse.justj.openjdk.hotspot.jre.full.linux.x86_64_15.0.1.v20201027-0507/jre/lib/libnet.so
7f866402f000-7f8664041000 r-xp 00000000 08:02 47448744                   /home/shiva/shiva/spring-tool-suite-4-4.9.0.RELEASE-e4.18.0-linux.gtk.x86_64/sts-4.9.0.RELEASE/plugins/org.eclipse.justj.openjdk.hotspot.jre.full.linux.x86_64_15.0.1.v20201027-0507/jre/lib/libnio.so
7f8664041000-7f8664042000 r--p 00011000 08:02 47448744                   /home/shiva/shiva/spring-tool-suite-4-4.9.0.RELEASE-e4.18.0-linux.gtk.x86_64/sts-4.9.0.RELEASE/plugins/org.eclipse.justj.openjdk.hotspot.jre.full.linux.x86_64_15.0.1.v20201027-0507/jre/lib/libnio.so
7f8664042000-7f8664043000 rw-p 00012000 08:02 47448744                   /home/shiva/shiva/spring-tool-suite-4-4.9.0.RELEASE-e4.18.0-linux.gtk.x86_64/sts-4.9.0.RELEASE/plugins/org.eclipse.justj.openjdk.hotspot.jre.full.linux.x86_64_15.0.1.v20201027-0507/jre/lib/libnio.so
7f8664043000-7f8664044000 ---p 00000000 00:00 0 
7f8664044000-7f8664145000 rw-p 00000000 00:00 0 
7f8664145000-7f866414c000 r-xp 00000000 08:02 47448725                   /home/shiva/shiva/spring-tool-suite-4-4.9.0.RELEASE-e4.18.0-linux.gtk.x86_64/sts-4.9.0.RELEASE/plugins/org.eclipse.justj.openjdk.hotspot.jre.full.linux.x86_64_15.0.1.v20201027-0507/jre/lib/libzip.so
7f866414c000-7f866414d000 ---p 00007000 08:02 47448725                   /home/shiva/shiva/spring-tool-suite-4-4.9.0.RELEASE-e4.18.0-linux.gtk.x86_64/sts-4.9.0.RELEASE/plugins/org.eclipse.justj.openjdk.hotspot.jre.full.linux.x86_64_15.0.1.v20201027-0507/jre/lib/libzip.so
7f866414d000-7f866414e000 r--p 00007000 08:02 47448725                   /home/shiva/shiva/spring-tool-suite-4-4.9.0.RELEASE-e4.18.0-linux.gtk.x86_64/sts-4.9.0.RELEASE/plugins/org.eclipse.justj.openjdk.hotspot.jre.full.linux.x86_64_15.0.1.v20201027-0507/jre/lib/libzip.so
7f866414e000-7f866414f000 rw-p 00008000 08:02 47448725                   /home/shiva/shiva/spring-tool-suite-4-4.9.0.RELEASE-e4.18.0-linux.gtk.x86_64/sts-4.9.0.RELEASE/plugins/org.eclipse.justj.openjdk.hotspot.jre.full.linux.x86_64_15.0.1.v20201027-0507/jre/lib/libzip.so
7f866414f000-7f8664a6c000 rw-p 00000000 00:00 0 
7f8664a6d000-7f8664aaf000 rw-p 00000000 00:00 0 
7f8664aaf000-7f8664ab0000 ---p 00000000 00:00 0 
7f8664ab0000-7f8664bb1000 rw-p 00000000 00:00 0 
7f8664bb1000-7f8664bb2000 ---p 00000000 00:00 0 
7f8664bb2000-7f86654bb000 rw-p 00000000 00:00 0 
7f86654bb000-7f86654bc000 ---p 00000000 00:00 0 
7f86654bc000-7f86655bd000 rw-p 00000000 00:00 0 
7f86655bd000-7f86655be000 ---p 00000000 00:00 0 
7f86655be000-7f86656bf000 rw-p 00000000 00:00 0 
7f86656bf000-7f86656c0000 ---p 00000000 00:00 0 
7f86656c0000-7f8665865000 rw-p 00000000 00:00 0 
7f8665865000-7f8665873000 ---p 00000000 00:00 0 
7f8665873000-7f8665875000 rw-p 00000000 00:00 0 
7f8665875000-7f866587d000 ---p 00000000 00:00 0 
7f866587d000-7f866587e000 rw-p 00000000 00:00 0 
7f866587e000-7f8665c12000 ---p 00000000 00:00 0 
7f8665c12000-7f8665c37000 rw-p 00000000 00:00 0 
7f8665c37000-7f8665c45000 ---p 00000000 00:00 0 
7f8665c45000-7f8665c47000 rw-p 00000000 00:00 0 
7f8665c47000-7f8665c4f000 ---p 00000000 00:00 0 
7f8665c4f000-7f8665c50000 rw-p 00000000 00:00 0 
7f8665c50000-7f8665fe4000 ---p 00000000 00:00 0 
7f8665fe4000-7f8666009000 rw-p 00000000 00:00 0 
7f8666009000-7f8666017000 ---p 00000000 00:00 0 
7f8666017000-7f8666019000 rw-p 00000000 00:00 0 
7f8666019000-7f8666021000 ---p 00000000 00:00 0 
7f8666021000-7f8666022000 rw-p 00000000 00:00 0 
7f8666022000-7f86663b6000 ---p 00000000 00:00 0 
7f86663b6000-7f8666bc8000 rw-p 00000000 00:00 0 
7f8666bc8000-7f8666d90000 ---p 00000000 00:00 0 
7f8666d90000-7f8666db4000 r-xp 00000000 08:02 47448747                   /home/shiva/shiva/spring-tool-suite-4-4.9.0.RELEASE-e4.18.0-linux.gtk.x86_64/sts-4.9.0.RELEASE/plugins/org.eclipse.justj.openjdk.hotspot.jre.full.linux.x86_64_15.0.1.v20201027-0507/jre/lib/libjava.so
7f8666db4000-7f8666db5000 ---p 00024000 08:02 47448747                   /home/shiva/shiva/spring-tool-suite-4-4.9.0.RELEASE-e4.18.0-linux.gtk.x86_64/sts-4.9.0.RELEASE/plugins/org.eclipse.justj.openjdk.hotspot.jre.full.linux.x86_64_15.0.1.v20201027-0507/jre/lib/libjava.so
7f8666db5000-7f8666db6000 r--p 00024000 08:02 47448747                   /home/shiva/shiva/spring-tool-suite-4-4.9.0.RELEASE-e4.18.0-linux.gtk.x86_64/sts-4.9.0.RELEASE/plugins/org.eclipse.justj.openjdk.hotspot.jre.full.linux.x86_64_15.0.1.v20201027-0507/jre/lib/libjava.so
7f8666db6000-7f8666db7000 rw-p 00025000 08:02 47448747                   /home/shiva/shiva/spring-tool-suite-4-4.9.0.RELEASE-e4.18.0-linux.gtk.x86_64/sts-4.9.0.RELEASE/plugins/org.eclipse.justj.openjdk.hotspot.jre.full.linux.x86_64_15.0.1.v20201027-0507/jre/lib/libjava.so
7f8666db7000-7f8666db8000 rw-p 00000000 00:00 0 
7f8666db8000-7f8666dbb000 r--p 00000000 08:02 12066774                   /usr/lib/x86_64-linux-gnu/libnss_files-2.32.so
7f8666dbb000-7f8666dc3000 r-xp 00003000 08:02 12066774                   /usr/lib/x86_64-linux-gnu/libnss_files-2.32.so
7f8666dc3000-7f8666dc5000 r--p 0000b000 08:02 12066774                   /usr/lib/x86_64-linux-gnu/libnss_files-2.32.so
7f8666dc5000-7f8666dc6000 r--p 0000c000 08:02 12066774                   /usr/lib/x86_64-linux-gnu/libnss_files-2.32.so
7f8666dc6000-7f8666dc7000 rw-p 0000d000 08:02 12066774                   /usr/lib/x86_64-linux-gnu/libnss_files-2.32.so
7f8666dc7000-7f8666dcd000 rw-p 00000000 00:00 0 
7f8666dcd000-7f8666dcf000 r-xp 00000000 08:02 47448737                   /home/shiva/shiva/spring-tool-suite-4-4.9.0.RELEASE-e4.18.0-linux.gtk.x86_64/sts-4.9.0.RELEASE/plugins/org.eclipse.justj.openjdk.hotspot.jre.full.linux.x86_64_15.0.1.v20201027-0507/jre/lib/libextnet.so
7f8666dcf000-7f8666dd0000 r--p 00001000 08:02 47448737                   /home/shiva/shiva/spring-tool-suite-4-4.9.0.RELEASE-e4.18.0-linux.gtk.x86_64/sts-4.9.0.RELEASE/plugins/org.eclipse.justj.openjdk.hotspot.jre.full.linux.x86_64_15.0.1.v20201027-0507/jre/lib/libextnet.so
7f8666dd0000-7f8666dd1000 rw-p 00002000 08:02 47448737                   /home/shiva/shiva/spring-tool-suite-4-4.9.0.RELEASE-e4.18.0-linux.gtk.x86_64/sts-4.9.0.RELEASE/plugins/org.eclipse.justj.openjdk.hotspot.jre.full.linux.x86_64_15.0.1.v20201027-0507/jre/lib/libextnet.so
7f8666dd1000-7f8666dd2000 r--p 00000000 08:02 18878388                   /usr/lib/locale/as_IN/LC_NUMERIC
7f8666dd2000-7f8666dd7000 rw-p 00000000 00:00 0 
7f8666dd7000-7f8666de1000 ---p 00000000 00:00 0 
7f8666de1000-7f8666dfd000 r-xp 00000000 08:02 47448734                   /home/shiva/shiva/spring-tool-suite-4-4.9.0.RELEASE-e4.18.0-linux.gtk.x86_64/sts-4.9.0.RELEASE/plugins/org.eclipse.justj.openjdk.hotspot.jre.full.linux.x86_64_15.0.1.v20201027-0507/jre/lib/libjimage.so
7f8666dfd000-7f8666dff000 r--p 0001b000 08:02 47448734                   /home/shiva/shiva/spring-tool-suite-4-4.9.0.RELEASE-e4.18.0-linux.gtk.x86_64/sts-4.9.0.RELEASE/plugins/org.eclipse.justj.openjdk.hotspot.jre.full.linux.x86_64_15.0.1.v20201027-0507/jre/lib/libjimage.so
7f8666dff000-7f8666e00000 rw-p 0001d000 08:02 47448734                   /home/shiva/shiva/spring-tool-suite-4-4.9.0.RELEASE-e4.18.0-linux.gtk.x86_64/sts-4.9.0.RELEASE/plugins/org.eclipse.justj.openjdk.hotspot.jre.full.linux.x86_64_15.0.1.v20201027-0507/jre/lib/libjimage.so
7f8666e00000-7f8666e03000 r--p 00000000 08:02 12066978                   /usr/lib/x86_64-linux-gnu/librt-2.32.so
7f8666e03000-7f8666e07000 r-xp 00003000 08:02 12066978                   /usr/lib/x86_64-linux-gnu/librt-2.32.so
7f8666e07000-7f8666e09000 r--p 00007000 08:02 12066978                   /usr/lib/x86_64-linux-gnu/librt-2.32.so
7f8666e09000-7f8666e0a000 r--p 00008000 08:02 12066978                   /usr/lib/x86_64-linux-gnu/librt-2.32.so
7f8666e0a000-7f8666e0b000 rw-p 00009000 08:02 12066978                   /usr/lib/x86_64-linux-gnu/librt-2.32.so
7f8666e0b000-7f8666e0f000 ---p 00000000 00:00 0 
7f8666e0f000-7f8666f0c000 rw-p 00000000 00:00 0 
7f8666f0c000-7f8666f1b000 r--p 00000000 08:02 12066649                   /usr/lib/x86_64-linux-gnu/libm-2.32.so
7f8666f1b000-7f8666fc2000 r-xp 0000f000 08:02 12066649                   /usr/lib/x86_64-linux-gnu/libm-2.32.so
7f8666fc2000-7f8667059000 r--p 000b6000 08:02 12066649                   /usr/lib/x86_64-linux-gnu/libm-2.32.so
7f8667059000-7f866705a000 r--p 0014c000 08:02 12066649                   /usr/lib/x86_64-linux-gnu/libm-2.32.so
7f866705a000-7f866705b000 rw-p 0014d000 08:02 12066649                   /usr/lib/x86_64-linux-gnu/libm-2.32.so
7f866705b000-7f86680a2000 r-xp 00000000 08:02 47448722                   /home/shiva/shiva/spring-tool-suite-4-4.9.0.RELEASE-e4.18.0-linux.gtk.x86_64/sts-4.9.0.RELEASE/plugins/org.eclipse.justj.openjdk.hotspot.jre.full.linux.x86_64_15.0.1.v20201027-0507/jre/lib/server/libjvm.so
7f86680a2000-7f866813c000 r--p 01046000 08:02 47448722                   /home/shiva/shiva/spring-tool-suite-4-4.9.0.RELEASE-e4.18.0-linux.gtk.x86_64/sts-4.9.0.RELEASE/plugins/org.eclipse.justj.openjdk.hotspot.jre.full.linux.x86_64_15.0.1.v20201027-0507/jre/lib/server/libjvm.so
7f866813c000-7f8668173000 rw-p 010e0000 08:02 47448722                   /home/shiva/shiva/spring-tool-suite-4-4.9.0.RELEASE-e4.18.0-linux.gtk.x86_64/sts-4.9.0.RELEASE/plugins/org.eclipse.justj.openjdk.hotspot.jre.full.linux.x86_64_15.0.1.v20201027-0507/jre/lib/server/libjvm.so
7f8668173000-7f8668200000 rw-p 00000000 00:00 0 
7f8668200000-7f8668226000 r--p 00000000 08:02 12065995                   /usr/lib/x86_64-linux-gnu/libc-2.32.so
7f8668226000-7f8668393000 r-xp 00026000 08:02 12065995                   /usr/lib/x86_64-linux-gnu/libc-2.32.so
7f8668393000-7f86683df000 r--p 00193000 08:02 12065995                   /usr/lib/x86_64-linux-gnu/libc-2.32.so
7f86683df000-7f86683e0000 ---p 001df000 08:02 12065995                   /usr/lib/x86_64-linux-gnu/libc-2.32.so
7f86683e0000-7f86683e3000 r--p 001df000 08:02 12065995                   /usr/lib/x86_64-linux-gnu/libc-2.32.so
7f86683e3000-7f86683e6000 rw-p 001e2000 08:02 12065995                   /usr/lib/x86_64-linux-gnu/libc-2.32.so
7f86683e6000-7f86683ea000 rw-p 00000000 00:00 0 
7f86683ea000-7f86683eb000 r--p 00000000 08:02 12066138                   /usr/lib/x86_64-linux-gnu/libdl-2.32.so
7f86683eb000-7f86683ed000 r-xp 00001000 08:02 12066138                   /usr/lib/x86_64-linux-gnu/libdl-2.32.so
7f86683ed000-7f86683ee000 r--p 00003000 08:02 12066138                   /usr/lib/x86_64-linux-gnu/libdl-2.32.so
7f86683ee000-7f86683ef000 r--p 00003000 08:02 12066138                   /usr/lib/x86_64-linux-gnu/libdl-2.32.so
7f86683ef000-7f86683f0000 rw-p 00004000 08:02 12066138                   /usr/lib/x86_64-linux-gnu/libdl-2.32.so
7f86683f0000-7f86683f7000 r--p 00000000 08:02 12066918                   /usr/lib/x86_64-linux-gnu/libpthread-2.32.so
7f86683f7000-7f8668407000 r-xp 00007000 08:02 12066918                   /usr/lib/x86_64-linux-gnu/libpthread-2.32.so
7f8668407000-7f866840c000 r--p 00017000 08:02 12066918                   /usr/lib/x86_64-linux-gnu/libpthread-2.32.so
7f866840c000-7f866840d000 r--p 0001b000 08:02 12066918                   /usr/lib/x86_64-linux-gnu/libpthread-2.32.so
7f866840d000-7f866840e000 rw-p 0001c000 08:02 12066918                   /usr/lib/x86_64-linux-gnu/libpthread-2.32.so
7f866840e000-7f8668412000 rw-p 00000000 00:00 0 
7f8668412000-7f8668421000 r-xp 00000000 08:02 47448751                   /home/shiva/shiva/spring-tool-suite-4-4.9.0.RELEASE-e4.18.0-linux.gtk.x86_64/sts-4.9.0.RELEASE/plugins/org.eclipse.justj.openjdk.hotspot.jre.full.linux.x86_64_15.0.1.v20201027-0507/jre/lib/libjli.so
7f8668421000-7f8668422000 r--p 0000e000 08:02 47448751                   /home/shiva/shiva/spring-tool-suite-4-4.9.0.RELEASE-e4.18.0-linux.gtk.x86_64/sts-4.9.0.RELEASE/plugins/org.eclipse.justj.openjdk.hotspot.jre.full.linux.x86_64_15.0.1.v20201027-0507/jre/lib/libjli.so
7f8668422000-7f8668423000 rw-p 0000f000 08:02 47448751                   /home/shiva/shiva/spring-tool-suite-4-4.9.0.RELEASE-e4.18.0-linux.gtk.x86_64/sts-4.9.0.RELEASE/plugins/org.eclipse.justj.openjdk.hotspot.jre.full.linux.x86_64_15.0.1.v20201027-0507/jre/lib/libjli.so
7f8668423000-7f8668425000 r--p 00000000 08:02 12067362                   /usr/lib/x86_64-linux-gnu/libz.so.1.2.11
7f8668425000-7f8668437000 r-xp 00002000 08:02 12067362                   /usr/lib/x86_64-linux-gnu/libz.so.1.2.11
7f8668437000-7f866843e000 r--p 00014000 08:02 12067362                   /usr/lib/x86_64-linux-gnu/libz.so.1.2.11
7f866843e000-7f866843f000 r--p 0001a000 08:02 12067362                   /usr/lib/x86_64-linux-gnu/libz.so.1.2.11
7f866843f000-7f8668440000 rw-p 0001b000 08:02 12067362                   /usr/lib/x86_64-linux-gnu/libz.so.1.2.11
7f8668440000-7f8668441000 r--p 00000000 08:02 18879147                   /usr/lib/locale/en_IN/LC_TIME
7f8668441000-7f8668442000 r--p 00000000 08:02 18878130                   /usr/lib/locale/anp_IN/LC_MONETARY
7f8668442000-7f8668443000 r--p 00000000 08:02 18879004                   /usr/lib/locale/en_AG/LC_MESSAGES/SYS_LC_MESSAGES
7f8668443000-7f8668444000 r--p 00000000 08:02 18878032                   /usr/lib/locale/aa_DJ.utf8/LC_PAPER
7f8668444000-7f8668445000 r--p 00000000 08:02 18879112                   /usr/lib/locale/en_HK.utf8/LC_NAME
7f8668445000-7f8668446000 r--p 00000000 08:02 18879144                   /usr/lib/locale/en_IN/LC_ADDRESS
7f8668446000-7f8668447000 r--p 00000000 08:02 18878132                   /usr/lib/locale/anp_IN/LC_TELEPHONE
7f8668447000-7f8668448000 r--p 00000000 08:02 18878026                   /usr/lib/locale/aa_DJ.utf8/LC_MEASUREMENT
7f8668448000-7f8668449000 r--p 00000000 08:02 18879145                   /usr/lib/locale/en_IN/LC_IDENTIFICATION
7f8668449000-7f8668451000 rw-s 00000000 08:02 51906637                   /tmp/hsperfdata_shiva/15709
7f8668451000-7f8668452000 ---p 00000000 00:00 0 
7f8668452000-7f8668453000 r--p 00000000 00:00 0 
7f8668453000-7f8668454000 ---p 00000000 00:00 0 
7f8668454000-7f8668456000 rw-p 00000000 00:00 0 
7f8668456000-7f8668457000 r--p 00000000 08:02 12065779                   /usr/lib/x86_64-linux-gnu/ld-2.32.so
7f8668457000-7f866847b000 r-xp 00001000 08:02 12065779                   /usr/lib/x86_64-linux-gnu/ld-2.32.so
7f866847b000-7f8668484000 r--p 00025000 08:02 12065779                   /usr/lib/x86_64-linux-gnu/ld-2.32.so
7f8668484000-7f8668485000 r--p 0002d000 08:02 12065779                   /usr/lib/x86_64-linux-gnu/ld-2.32.so
7f8668485000-7f8668487000 rw-p 0002e000 08:02 12065779                   /usr/lib/x86_64-linux-gnu/ld-2.32.so
7ffe1cfe1000-7ffe1d003000 rw-p 00000000 00:00 0                          [stack]
7ffe1d17e000-7ffe1d182000 r--p 00000000 00:00 0                          [vvar]
7ffe1d182000-7ffe1d184000 r-xp 00000000 00:00 0                          [vdso]
ffffffffff600000-ffffffffff601000 --xp 00000000 00:00 0                  [vsyscall]


VM Arguments:
jvm_args: -Dcom.sun.management.jmxremote -Dcom.sun.management.jmxremote.port=33301 -Dcom.sun.management.jmxremote.authenticate=false -Dcom.sun.management.jmxremote.ssl=false -Djava.rmi.server.hostname=localhost -Dspring.jmx.enabled=true -Dspring.application.admin.enabled=true -Djava.security.egd=file:/dev/./urandom -XX:TieredStopAtLevel=1 -Dspring.boot.project.name=student-pool-friends -Dfile.encoding=UTF-8 -XX:+ShowCodeDetailsInExceptionMessages 
java_command: com.pool.StudentPoolFriendsApplication --spring.output.ansi.enabled=always
java_class_path (initial): /home/shiva/Documents/workspace-spring-tool-suite-4-4.9.0.RELEASE/student-pool-friends/target/classes:/home/shiva/.m2/repository/org/springframework/boot/spring-boot-starter-web/2.4.5/spring-boot-starter-web-2.4.5.jar:/home/shiva/.m2/repository/org/springframework/boot/spring-boot-starter/2.4.5/spring-boot-starter-2.4.5.jar:/home/shiva/.m2/repository/org/springframework/boot/spring-boot-starter-logging/2.4.5/spring-boot-starter-logging-2.4.5.jar:/home/shiva/.m2/repository/ch/qos/logback/logback-classic/1.2.3/logback-classic-1.2.3.jar:/home/shiva/.m2/repository/ch/qos/logback/logback-core/1.2.3/logback-core-1.2.3.jar:/home/shiva/.m2/repository/org/apache/logging/log4j/log4j-to-slf4j/2.13.3/log4j-to-slf4j-2.13.3.jar:/home/shiva/.m2/repository/org/apache/logging/log4j/log4j-api/2.13.3/log4j-api-2.13.3.jar:/home/shiva/.m2/repository/org/slf4j/jul-to-slf4j/1.7.30/jul-to-slf4j-1.7.30.jar:/home/shiva/.m2/repository/jakarta/annotation/jakarta.annotation-api/1.3.5/jakarta.annotation-api-1.3.5.jar:/home/shiva/.m2/repository/org/yaml/snakeyaml/1.27/snakeyaml-1.27.jar:/home/shiva/.m2/repository/org/springframework/boot/spring-boot-starter-json/2.4.5/spring-boot-starter-json-2.4.5.jar:/home/shiva/.m2/repository/com/fasterxml/jackson/core/jackson-databind/2.11.4/jackson-databind-2.11.4.jar:/home/shiva/.m2/repository/com/fasterxml/jackson/core/jackson-annotations/2.11.4/jackson-annotations-2.11.4.jar:/home/shiva/.m2/repository/com/fasterxml/jackson/core/jackson-core/2.11.4/jackson-core-2.11.4.jar:/home/shiva/.m2/repository/com/fasterxml/jackson/datatype/jackson-datatype-jdk8/2.11.4/jackson-datatype-jdk8-2.11.4.jar:/home/shiva/.m2/repository/com/fasterxml/jackson/datatype/jackson-datatype-jsr310/2.11.4/jackson-datatype-jsr310-2.11.4.jar:/home/shiva/.m2/repository/com/fasterxml/jackson/module/jackson-module-parameter-names/2.11.4/jackson-module-parameter-names-2.11.4.jar:/home/shiva/.m2/repository/org/springframework/boot/spring-boot-starter-tomcat/2.4.5
Launcher Type: SUN_STANDARD

[Global flags]
     intx CICompilerCount                          = 4                                         {product} {ergonomic}
     uint ConcGCThreads                            = 2                                         {product} {ergonomic}
     uint G1ConcRefinementThreads                  = 8                                         {product} {ergonomic}
   size_t G1HeapRegionSize                         = 1048576                                   {product} {ergonomic}
    uintx GCDrainStackTargetSize                   = 64                                        {product} {ergonomic}
   size_t InitialHeapSize                          = 130023424                                 {product} {ergonomic}
     bool ManagementServer                         = true                                      {product} {command line}
   size_t MarkStackSize                            = 4194304                                   {product} {ergonomic}
   size_t MaxHeapSize                              = 2051014656                                {product} {ergonomic}
   size_t MaxNewSize                               = 1229979648                                {product} {ergonomic}
   size_t MinHeapDeltaBytes                        = 1048576                                   {product} {ergonomic}
   size_t MinHeapSize                              = 8388608                                   {product} {ergonomic}
    uintx NonNMethodCodeHeapSize                   = 7549744                                {pd product} {ergonomic}
    uintx NonProfiledCodeHeapSize                  = 244108496                              {pd product} {ergonomic}
    uintx ProfiledCodeHeapSize                     = 0                                      {pd product} {ergonomic}
    uintx ReservedCodeCacheSize                    = 251658240                              {pd product} {ergonomic}
     bool SegmentedCodeCache                       = true                                      {product} {ergonomic}
     bool ShowCodeDetailsInExceptionMessages       = true                                   {manageable} {command line}
   size_t SoftMaxHeapSize                          = 2051014656                             {manageable} {ergonomic}
     intx TieredStopAtLevel                        = 1                                         {product} {command line}
     bool UseCompressedClassPointers               = true                                 {lp64_product} {ergonomic}
     bool UseCompressedOops                        = true                                 {lp64_product} {ergonomic}
     bool UseG1GC                                  = true                                      {product} {ergonomic}

Logging:
Log output configuration:
 #0: stdout all=warning uptime,level,tags
 #1: stderr all=off uptime,level,tags

Environment Variables:
JAVA_HOME=/usr/lib/jvm/java-11-openjdk-amd64
PATH=/usr/local/sbin:/usr/local/bin:/usr/sbin:/usr/bin:/sbin:/bin:/usr/games:/usr/local/games:/snap/bin
USERNAME=shiva
SHELL=/bin/bash
DISPLAY=:0
LANG=en_IN

Signal Handlers:
SIGSEGV: [libjvm.so+0xd63670], sa_mask[0]=11111111011111111101111111111110, sa_flags=SA_RESTART|SA_SIGINFO
SIGBUS: [libjvm.so+0xd63670], sa_mask[0]=11111111011111111101111111111110, sa_flags=SA_RESTART|SA_SIGINFO
SIGFPE: [libjvm.so+0xd63670], sa_mask[0]=11111111011111111101111111111110, sa_flags=SA_RESTART|SA_SIGINFO
SIGPIPE: [libjvm.so+0xb410d0], sa_mask[0]=11111111011111111101111111111110, sa_flags=SA_RESTART|SA_SIGINFO
SIGXFSZ: [libjvm.so+0xb410d0], sa_mask[0]=11111111011111111101111111111110, sa_flags=SA_RESTART|SA_SIGINFO
SIGILL: [libjvm.so+0xd63670], sa_mask[0]=11111111011111111101111111111110, sa_flags=SA_RESTART|SA_SIGINFO
SIGUSR2: [libjvm.so+0xb40f70], sa_mask[0]=00100000000000000000000000000000, sa_flags=SA_RESTART|SA_SIGINFO
SIGHUP: [libjvm.so+0xb417e0], sa_mask[0]=11111111011111111101111111111110, sa_flags=SA_RESTART|SA_SIGINFO
SIGINT: [libjvm.so+0xb417e0], sa_mask[0]=11111111011111111101111111111110, sa_flags=SA_RESTART|SA_SIGINFO
SIGTERM: [libjvm.so+0xb417e0], sa_mask[0]=11111111011111111101111111111110, sa_flags=SA_RESTART|SA_SIGINFO
SIGQUIT: [libjvm.so+0xb417e0], sa_mask[0]=11111111011111111101111111111110, sa_flags=SA_RESTART|SA_SIGINFO


---------------  S Y S T E M  ---------------

OS:
DISTRIB_ID=Ubuntu
DISTRIB_RELEASE=20.10
DISTRIB_CODENAME=groovy
DISTRIB_DESCRIPTION="Ubuntu 20.10"
uname: Linux 5.8.0-43-generic #49-Ubuntu SMP Fri Feb 5 03:01:28 UTC 2021 x86_64
OS uptime: 0 days 1:21 hours
libc: glibc 2.32 NPTL 2.32 
rlimit (soft/hard): STACK 8192k/infinity , CORE 0k/infinity , NPROC 31044/31044 , NOFILE 1048576/1048576 , AS infinity/infinity , CPU infinity/infinity , DATA infinity/infinity , FSIZE infinity/infinity , MEMLOCK 1000807k/1000807k
load average: 1.11 1.01 1.14

/proc/meminfo:
MemTotal:        8006460 kB
MemFree:          128712 kB
MemAvailable:    2015984 kB
Buffers:          126600 kB
Cached:          2456216 kB
SwapCached:          484 kB
Active:          5587776 kB
Inactive:        1678044 kB
Active(anon):    4442532 kB
Inactive(anon):   778756 kB
Active(file):    1145244 kB
Inactive(file):   899288 kB
Unevictable:       75064 kB
Mlocked:              48 kB
SwapTotal:       2097148 kB
SwapFree:        2085300 kB
Dirty:               492 kB
Writeback:             0 kB
AnonPages:       4757744 kB
Mapped:           986028 kB
Shmem:            544292 kB
KReclaimable:     132248 kB
Slab:             330196 kB
SReclaimable:     132248 kB
SUnreclaim:       197948 kB
KernelStack:       25472 kB
PageTables:        56920 kB
NFS_Unstable:          0 kB
Bounce:                0 kB
WritebackTmp:          0 kB
CommitLimit:     6100376 kB
Committed_AS:   15046196 kB
VmallocTotal:   34359738367 kB
VmallocUsed:       61964 kB
VmallocChunk:          0 kB
Percpu:             7168 kB
HardwareCorrupted:     0 kB
AnonHugePages:         0 kB
ShmemHugePages:        0 kB
ShmemPmdMapped:        0 kB
FileHugePages:         0 kB
FilePmdMapped:         0 kB
HugePages_Total:       0
HugePages_Free:        0
HugePages_Rsvd:        0
HugePages_Surp:        0
Hugepagesize:       2048 kB
Hugetlb:               0 kB
DirectMap4k:      432552 kB
DirectMap2M:     7815168 kB
DirectMap1G:           0 kB

/sys/kernel/mm/transparent_hugepage/enabled: always [madvise] never
/sys/kernel/mm/transparent_hugepage/defrag (defrag/compaction efforts parameter): always defer defer+madvise [madvise] never

/proc/sys/kernel/threads-max (system-wide limit on the number of threads): 62088
/proc/sys/vm/max_map_count (maximum number of memory map areas a process may have): 65530
/proc/sys/kernel/pid_max (system-wide limit on number of process identifiers): 4194304

container (cgroup) information:
container_type: cgroupv1
cpu_cpuset_cpus: 0-7
cpu_memory_nodes: 0
active_processor_count: 8
cpu_quota: no quota
cpu_period: 100000
cpu_shares: no shares
memory_limit_in_bytes: unlimited
memory_and_swap_limit_in_bytes: unlimited
memory_soft_limit_in_bytes: unlimited
memory_usage_in_bytes: 6234464256
memory_max_usage_in_bytes: 6234464256

Steal ticks since vm start: 0
Steal ticks percentage since vm start:  0.000

CPU: total 8 (initial active 8) (4 cores per cpu, 2 threads per core) family 6 model 142 stepping 12 microcode 0xde, cmov, cx8, fxsr, mmx, sse, sse2, sse3, ssse3, sse4.1, sse4.2, popcnt, vzeroupper, avx, avx2, aes, clmul, erms, 3dnowpref, lzcnt, ht, tsc, tscinvbit, bmi1, bmi2, adx, fma, clflush, clflushopt
CPU Model and flags from /proc/cpuinfo:
model name	: Intel(R) Core(TM) i5-8265U CPU @ 1.60GHz
flags		: fpu vme de pse tsc msr pae mce cx8 apic sep mtrr pge mca cmov pat pse36 clflush dts acpi mmx fxsr sse sse2 ss ht tm pbe syscall nx pdpe1gb rdtscp lm constant_tsc art arch_perfmon pebs bts rep_good nopl xtopology nonstop_tsc cpuid aperfmperf pni pclmulqdq dtes64 monitor ds_cpl vmx est tm2 ssse3 sdbg fma cx16 xtpr pdcm pcid sse4_1 sse4_2 x2apic movbe popcnt tsc_deadline_timer aes xsave avx f16c rdrand lahf_lm abm 3dnowprefetch cpuid_fault epb invpcid_single ssbd ibrs ibpb stibp ibrs_enhanced tpr_shadow vnmi flexpriority ept vpid ept_ad fsgsbase tsc_adjust bmi1 avx2 smep bmi2 erms invpcid mpx rdseed adx smap clflushopt intel_pt xsaveopt xsavec xgetbv1 xsaves dtherm ida arat pln pts hwp hwp_notify hwp_act_window hwp_epp md_clear flush_l1d arch_capabilities

Online cpus: 0-7
Offline cpus: 
BIOS frequency limitation: <Not Available>
Frequency switch latency (ns): 0
Available cpu frequencies: <Not Available>
Current governor: powersave
Core performance/turbo boost: <Not Available>

Memory: 4k page, physical 8006460k(128712k free), swap 2097148k(2085300k free)

vm_info: OpenJDK 64-Bit Server VM (15.0.1+9-18) for linux-amd64 JRE (15.0.1+9-18), built on Sep 15 2020 13:31:44 by "mach5one" with gcc 9.2.0

END.
