#
# A fatal error has been detected by the Java Runtime Environment:
#
#  SIGSEGV (0xb) at pc=0x00007f9772985ea0, pid=19470, tid=19476
#
# JRE version: OpenJDK Runtime Environment (15.0.1+9) (build 15.0.1+9-18)
# Java VM: OpenJDK 64-Bit Server VM (15.0.1+9-18, mixed mode, tiered, compressed oops, g1 gc, linux-amd64)
# Problematic frame:
# V  [libjvm.so+0xc94ea0]  ConcurrentHashTable<SymbolTableConfig, (MemoryType)10>::Node* ConcurrentHashTable<SymbolTableConfig, (MemoryType)10>::get_node<SymbolTableLookup>(ConcurrentHashTable<SymbolTableConfig, (MemoryType)10>::Bucket const*, SymbolTableLookup&, bool*, unsigned long*) const+0x30
#
# Core dump will be written. Default location: Core dumps may be processed with "/usr/share/apport/apport %p %s %c %d %P %E" (or dumping to /home/shiva/shiva/backend/ms-oauth/ms-oauth/student-pool-discoveryservice/core.19470)
#
# If you would like to submit a bug report, please visit:
#   https://bugreport.java.com/bugreport/crash.jsp
#

---------------  S U M M A R Y ------------

Command Line: -Dcom.sun.management.jmxremote -Dcom.sun.management.jmxremote.port=37751 -Dcom.sun.management.jmxremote.authenticate=false -Dcom.sun.management.jmxremote.ssl=false -Djava.rmi.server.hostname=localhost -Dspring.jmx.enabled=true -Dspring.application.admin.enabled=true -Djava.security.egd=file:/dev/./urandom -XX:TieredStopAtLevel=1 -Dspring.boot.project.name=student-pool-discoveryservice -Dfile.encoding=UTF-8 -XX:+ShowCodeDetailsInExceptionMessages com.pool.StudentPoolDiscoveryserviceApplication --spring.output.ansi.enabled=always

Host: Intel(R) Core(TM) i5-8265U CPU @ 1.60GHz, 8 cores, 7G, Ubuntu 20.10
Time: Sat Apr 17 20:49:39 2021 IST elapsed time: 0.951834 seconds (0d 0h 0m 0s)

---------------  T H R E A D  ---------------

Current thread (0x00007f976c02b250):  JavaThread "main" [_thread_in_vm, id=19476, stack(0x00007f9771aa1000,0x00007f9771ba2000)]

Stack: [0x00007f9771aa1000,0x00007f9771ba2000],  sp=0x00007f9771b9f590,  free space=1017k
Native frames: (J=compiled Java code, A=aot compiled Java code, j=interpreted, Vv=VM code, C=native code)
V  [libjvm.so+0xc94ea0]  ConcurrentHashTable<SymbolTableConfig, (MemoryType)10>::Node* ConcurrentHashTable<SymbolTableConfig, (MemoryType)10>::get_node<SymbolTableLookup>(ConcurrentHashTable<SymbolTableConfig, (MemoryType)10>::Bucket const*, SymbolTableLookup&, bool*, unsigned long*) const+0x30
V  [libjvm.so+0xc9341b]  SymbolTable::do_lookup(char const*, int, unsigned long)+0xcb
V  [libjvm.so+0xc9358e]  SymbolTable::lookup_only(char const*, int, unsigned int&)+0x9e
V  [libjvm.so+0x4e5126]  ClassFileParser::parse_constant_pool_entries(ClassFileStream const*, ConstantPool*, int, Thread*)+0x676
V  [libjvm.so+0x4e5b3b]  ClassFileParser::parse_stream(ClassFileStream const*, Thread*) [clone .part.0]+0x21b
V  [libjvm.so+0x4e75ae]  ClassFileParser::ClassFileParser(ClassFileStream*, Symbol*, ClassLoaderData*, ClassLoadInfo const*, ClassFileParser::Publicity, Thread*)+0x35e
V  [libjvm.so+0x99a1d3]  KlassFactory::create_from_stream(ClassFileStream*, Symbol*, ClassLoaderData*, ClassLoadInfo const&, Thread*)+0x103
V  [libjvm.so+0x4ee4de]  ClassLoader::load_class(Symbol*, bool, Thread*)+0x19e
V  [libjvm.so+0xca77ef]  SystemDictionary::load_instance_class(Symbol*, Handle, Thread*)+0x34f
V  [libjvm.so+0xca66c2]  SystemDictionary::resolve_instance_class_or_null(Symbol*, Handle, Handle, Thread*)+0x9e2
V  [libjvm.so+0xca88fe]  SystemDictionary::resolve_or_fail(Symbol*, Handle, Handle, bool, Thread*)+0x5e
V  [libjvm.so+0x558648]  ConstantPool::klass_ref_at(int, Thread*)+0x158
V  [libjvm.so+0x9c7b86]  LinkInfo::LinkInfo(constantPoolHandle const&, int, Thread*)+0x36
V  [libjvm.so+0x9ce511]  LinkResolver::resolve_invoke(CallInfo&, Handle, constantPoolHandle const&, int, Bytecodes::Code, Thread*)+0x61
V  [libjvm.so+0x76ed38]  InterpreterRuntime::resolve_invoke(JavaThread*, Bytecodes::Code)+0x168
V  [libjvm.so+0x76f317]  InterpreterRuntime::resolve_from_cache(JavaThread*, Bytecodes::Code)+0x37
j  javax.management.remote.JMXConnectorServerFactory.newJMXConnectorServer(Ljavax/management/remote/JMXServiceURL;Ljava/util/Map;Ljavax/management/MBeanServer;)Ljavax/management/remote/JMXConnectorServer;+16 java.management@15.0.1
j  sun.management.jmxremote.ConnectorBootstrap.exportMBeanServer(Ljavax/management/MBeanServer;IIZZLjava/lang/String;[Ljava/lang/String;[Ljava/lang/String;ZZLjava/lang/String;Ljava/lang/String;ZLjava/lang/String;Ljava/lang/String;Ljava/lang/String;)Lsun/management/jmxremote/ConnectorBootstrap$JMXConnectorServerData;+341 jdk.management.agent@15.0.1
j  sun.management.jmxremote.ConnectorBootstrap.startRemoteConnectorServer(Ljava/lang/String;Ljava/util/Properties;)Ljavax/management/remote/JMXConnectorServer;+620 jdk.management.agent@15.0.1
j  jdk.internal.agent.Agent.startAgent(Ljava/util/Properties;)V+48 jdk.management.agent@15.0.1
j  jdk.internal.agent.Agent.startAgent()V+20 jdk.management.agent@15.0.1
v  ~StubRoutines::call_stub
V  [libjvm.so+0x773a29]  JavaCalls::call_helper(JavaValue*, methodHandle const&, JavaCallArguments*, Thread*)+0x299
V  [libjvm.so+0x77466b]  JavaCalls::call_static(JavaValue*, Klass*, Symbol*, Symbol*, Thread*)+0x17b
V  [libjvm.so+0xa8c5e6]  Management::initialize(Thread*)+0xf6
V  [libjvm.so+0xcfb3d1]  Threads::create_vm(JavaVMInitArgs*, bool*)+0xa71
V  [libjvm.so+0x80bf21]  JNI_CreateJavaVM+0x51
C  [libjli.so+0x399e]  JavaMain+0x8e
C  [libjli.so+0x7fc9]  ThreadJavaMain+0x9

Java frames: (J=compiled Java code, j=interpreted, Vv=VM code)
j  javax.management.remote.JMXConnectorServerFactory.newJMXConnectorServer(Ljavax/management/remote/JMXServiceURL;Ljava/util/Map;Ljavax/management/MBeanServer;)Ljavax/management/remote/JMXConnectorServer;+16 java.management@15.0.1
j  sun.management.jmxremote.ConnectorBootstrap.exportMBeanServer(Ljavax/management/MBeanServer;IIZZLjava/lang/String;[Ljava/lang/String;[Ljava/lang/String;ZZLjava/lang/String;Ljava/lang/String;ZLjava/lang/String;Ljava/lang/String;Ljava/lang/String;)Lsun/management/jmxremote/ConnectorBootstrap$JMXConnectorServerData;+341 jdk.management.agent@15.0.1
j  sun.management.jmxremote.ConnectorBootstrap.startRemoteConnectorServer(Ljava/lang/String;Ljava/util/Properties;)Ljavax/management/remote/JMXConnectorServer;+620 jdk.management.agent@15.0.1
j  jdk.internal.agent.Agent.startAgent(Ljava/util/Properties;)V+48 jdk.management.agent@15.0.1
j  jdk.internal.agent.Agent.startAgent()V+20 jdk.management.agent@15.0.1
v  ~StubRoutines::call_stub

siginfo: si_signo: 11 (SIGSEGV), si_code: 2 (SEGV_ACCERR), si_addr: 0x00007f976c98e618

Register to memory mapping:

RAX=0x0000000068baffff is an unknown value
RBX=0x00007f9771b9f5e7 is pointing into the stack for thread: 0x00007f976c02b250
RCX=0x00007f9771b9f5e7 is pointing into the stack for thread: 0x00007f976c02b250
RDX=0x0000000000000008 is an unknown value
RSP=0x00007f9771b9f590 is pointing into the stack for thread: 0x00007f976c02b250
RBP=0x00007f9771b9f5d0 is pointing into the stack for thread: 0x00007f976c02b250
RSI=0x00007f97547b05a8 points into unknown readable memory: 0x00007f976c7afe00 | 00 fe 7a 6c 97 7f 00 00
RDI=0x00007f976c105d60 points into unknown readable memory: 0x0000000000000000 | 00 00 00 00 00 00 00 00
R8 =0x00007f9771b9f5e8 is pointing into the stack for thread: 0x00007f976c02b250
R9 =0x0000564cf4c57820 points into unknown readable memory: 0x0000000000000002 | 02 00 00 00 00 00 00 00
R10=0x00007f976c716518 points into unknown readable memory: 0x0000000000000025 | 25 00 00 00 00 00 00 00
R11=0x00000000000083b0 is an unknown value
R12=0x00007f976c98e610 is an unknown value
R13=0x00007f972017c098 points into unknown readable memory: 0x2928003568baffff | ff ff ba 68 35 00 28 29
R14=0x00007f9771b9f5f0 is pointing into the stack for thread: 0x00007f976c02b250
R15=0x0000000000000001 is an unknown value


Registers:
RAX=0x0000000068baffff, RBX=0x00007f9771b9f5e7, RCX=0x00007f9771b9f5e7, RDX=0x0000000000000008
RSP=0x00007f9771b9f590, RBP=0x00007f9771b9f5d0, RSI=0x00007f97547b05a8, RDI=0x00007f976c105d60
R8 =0x00007f9771b9f5e8, R9 =0x0000564cf4c57820, R10=0x00007f976c716518, R11=0x00000000000083b0
R12=0x00007f976c98e610, R13=0x00007f972017c098, R14=0x00007f9771b9f5f0, R15=0x0000000000000001
RIP=0x00007f9772985ea0, EFLAGS=0x0000000000010202, CSGSFS=0x002b000000000033, ERR=0x0000000000000004
  TRAPNO=0x000000000000000e

Top of Stack: (sp=0x00007f9771b9f590)
0x00007f9771b9f590:   00007f9772dd1540 00007f9771b9f5e8
0x00007f9771b9f5a0:   0000000000000008 00007f976c105d60
0x00007f9771b9f5b0:   00007f976c02b250 0000000000000000
0x00007f9771b9f5c0:   00000000743e9ab3 00000000743e9ab3 

Instructions: (pc=0x00007f9772985ea0)
0x00007f9772985da0:   48 8d 7a 01 48 8b 00 48 8b 0e 48 89 c2 48 83 e2
0x00007f9772985db0:   fc 83 e1 03 48 09 ca 48 89 16 48 81 ff 00 01 00
0x00007f9772985dc0:   00 0f 84 39 fe ff ff 48 89 fa 48 85 c0 0f 84 32
0x00007f9772985dd0:   fe ff ff 49 83 07 01 48 8b 48 08 8b 09 66 85 c9
0x00007f9772985de0:   74 b6 48 89 c6 48 8b 00 eb e0 66 0f 1f 44 00 00
0x00007f9772985df0:   e8 0b a8 ff ff 49 8b 7e 08 e8 12 ac ff ff 4c 89
0x00007f9772985e00:   f7 e8 1a 05 6a ff b8 01 00 00 00 48 8d 35 76 b4
0x00007f9772985e10:   4d 00 f0 48 0f c1 06 48 c7 c0 ff ff ff ff 48 8d
0x00007f9772985e20:   35 4b b4 4d 00 f0 48 0f c1 06 48 8b bd c8 f7 ff
0x00007f9772985e30:   ff 49 83 c5 08 e8 96 ed 01 00 4c 3b ad c0 f7 ff
0x00007f9772985e40:   ff 0f 85 49 fe ff ff e9 a6 fe ff ff 0f 1f 40 00
0x00007f9772985e50:   48 89 95 c8 f7 ff ff e8 14 3d a5 ff 48 8b 95 c8
0x00007f9772985e60:   f7 ff ff e9 e9 fd ff ff 0f 1f 84 00 00 00 00 00
0x00007f9772985e70:   55 48 89 e5 41 57 41 56 41 55 41 54 53 48 83 ec
0x00007f9772985e80:   18 4c 89 45 c8 4c 8b 3e 49 83 e7 fc 0f 84 88 00
0x00007f9772985e90:   00 00 4d 89 fc 49 89 d6 48 89 cb 45 31 ff 66 90
0x00007f9772985ea0:   4d 8b 6c 24 08 49 63 56 10 49 83 c7 01 41 0f b7
0x00007f9772985eb0:   45 04 39 c2 75 42 49 8b 76 18 49 8d 7d 06 e8 ad
0x00007f9772985ec0:   c9 56 ff 85 c0 75 31 4c 89 ef e8 c1 a6 ff ff 84
0x00007f9772985ed0:   c0 74 3d 48 8b 45 c8 48 85 c0 74 03 4c 89 38 48
0x00007f9772985ee0:   83 c4 18 4c 89 e0 5b 41 5c 41 5d 41 5e 41 5f 5d
0x00007f9772985ef0:   c3 0f 1f 80 00 00 00 00 41 8b 45 00 66 85 c0 74
0x00007f9772985f00:   0f 4d 8b 24 24 4d 85 e4 75 96 eb c7 0f 1f 40 00
0x00007f9772985f10:   80 3b 00 75 ec c6 03 01 eb e7 4d 89 fc eb b4 90
0x00007f9772985f20:   55 48 89 e5 41 57 41 56 41 55 41 54 53 48 81 ec
0x00007f9772985f30:   18 08 00 00 48 89 bd c8 f7 ff ff 48 8b 1a 48 83
0x00007f9772985f40:   e3 fc 0f 84 8c 00 00 00 49 89 cf 49 89 d6 45 31
0x00007f9772985f50:   ed eb 56 0f 1f 44 00 00 49 8b 77 18 49 8d 7c 24
0x00007f9772985f60:   06 e8 0a c9 56 ff 85 c0 75 51 4c 89 e7 e8 1e a6
0x00007f9772985f70:   ff ff 84 c0 75 4e 4a 89 9c ed d0 f7 ff ff 49 8d
0x00007f9772985f80:   75 01 48 8b 1b 49 8b 16 48 89 d8 48 83 e0 fc 83
0x00007f9772985f90:   e2 03 48 09 d0 49 89 06 48 81 fe 00 01 00 00 74 


Stack slot to memory mapping:
stack at sp + 0 slots: 0x00007f9772dd1540: <offset 0x00000000010e0540> in /home/shiva/shiva/spring-tool-suite-4-4.9.0.RELEASE-e4.18.0-linux.gtk.x86_64/sts-4.9.0.RELEASE/plugins/org.eclipse.justj.openjdk.hotspot.jre.full.linux.x86_64_15.0.1.v20201027-0507/jre/lib/server/libjvm.so at 0x00007f9771cf1000
stack at sp + 1 slots: 0x00007f9771b9f5e8 is pointing into the stack for thread: 0x00007f976c02b250
stack at sp + 2 slots: 0x0000000000000008 is an unknown value
stack at sp + 3 slots: 0x00007f976c105d60 points into unknown readable memory: 0x0000000000000000 | 00 00 00 00 00 00 00 00
stack at sp + 4 slots: 0x00007f976c02b250 is a thread
stack at sp + 5 slots: 0x0 is NULL
stack at sp + 6 slots: 0x00000000743e9ab3 is an unknown value
stack at sp + 7 slots: 0x00000000743e9ab3 is an unknown value


---------------  P R O C E S S  ---------------

Threads class SMR info:
_java_thread_list=0x00007f976c2ce1c0, length=9, elements={
0x00007f976c02b250, 0x00007f976c18cc00, 0x00007f976c18e570, 0x00007f976c1a6c60,
0x00007f976c1a8370, 0x00007f976c1a9b80, 0x00007f976c1ab2e0, 0x00007f976c289630,
0x00007f976c2ccf00
}

Java Threads: ( => current thread )
=>0x00007f976c02b250 JavaThread "main" [_thread_in_vm, id=19476, stack(0x00007f9771aa1000,0x00007f9771ba2000)]
  0x00007f976c18cc00 JavaThread "Reference Handler" daemon [_thread_blocked, id=19483, stack(0x00007f97544c4000,0x00007f97545c5000)]
  0x00007f976c18e570 JavaThread "Finalizer" daemon [_thread_blocked, id=19484, stack(0x00007f97543c3000,0x00007f97544c4000)]
  0x00007f976c1a6c60 JavaThread "Signal Dispatcher" daemon [_thread_blocked, id=19485, stack(0x00007f9745eff000,0x00007f9746000000)]
  0x00007f976c1a8370 JavaThread "Service Thread" daemon [_thread_blocked, id=19486, stack(0x00007f9745dfe000,0x00007f9745eff000)]
  0x00007f976c1a9b80 JavaThread "C1 CompilerThread0" daemon [_thread_blocked, id=19487, stack(0x00007f9745cfd000,0x00007f9745dfe000)]
  0x00007f976c1ab2e0 JavaThread "Sweeper thread" daemon [_thread_blocked, id=19488, stack(0x00007f9745bfc000,0x00007f9745cfd000)]
  0x00007f976c289630 JavaThread "Common-Cleaner" daemon [_thread_blocked, id=19489, stack(0x00007f9745afb000,0x00007f9745bfc000)]
  0x00007f976c2ccf00 JavaThread "Notification Thread" daemon [_thread_blocked, id=19490, stack(0x00007f97459fa000,0x00007f9745afb000)]

Other Threads:
  0x00007f976c1729a0 VMThread "VM Thread" [stack: 0x00007f97545c7000,0x00007f97546c7000] [id=19482]
  0x00007f976c06a440 GCTaskThread "GC Thread#0" [stack: 0x00007f9770357000,0x00007f9770457000] [id=19477]
  0x00007f976c07b240 ConcurrentGCThread "G1 Main Marker" [stack: 0x00007f9770255000,0x00007f9770355000] [id=19478]
  0x00007f976c07c4d0 ConcurrentGCThread "G1 Conc#0" [stack: 0x00007f9770153000,0x00007f9770253000] [id=19479]
  0x00007f976c0f3100 ConcurrentGCThread "G1 Refine#0" [stack: 0x00007f97550e8000,0x00007f97551e8000] [id=19480]
  0x00007f976c0f4310 ConcurrentGCThread "G1 Young RemSet Sampling" [stack: 0x00007f9754fe6000,0x00007f97550e6000] [id=19481]

Threads with active compile tasks:

VM state: not at safepoint (normal execution)

VM Mutex/Monitor currently owned by a thread: None

Heap address: 0x0000000085c00000, size: 1956 MB, Compressed Oops mode: 32-bit
CDS disabled.
Compressed class space mapped at: 0x0000000100000000-0x0000000140000000, size: 1073741824
Narrow klass base: 0x0000000000000000, Narrow klass shift: 3, Narrow klass range: 0x140000000

GC Precious Log:
 CPUs: 8 total, 8 available
 Memory: 7818M
 Large Page Support: Disabled
 NUMA Support: Disabled
 Compressed Oops: Enabled (32-bit)
 Heap Region Size: 1M
 Heap Min Capacity: 8M
 Heap Initial Capacity: 124M
 Heap Max Capacity: 1956M
 Pre-touch: Disabled
 Parallel Workers: 8
 Concurrent Workers: 2
 Concurrent Refinement Workers: 8
 Periodic GC: Disabled

Heap:
 garbage-first heap   total 126976K, used 13312K [0x0000000085c00000, 0x0000000100000000)
  region size 1024K, 15 young (15360K), 0 survivors (0K)
 Metaspace       used 9966K, capacity 10064K, committed 10240K, reserved 1058816K
  class space    used 970K, capacity 1006K, committed 1024K, reserved 1048576K

Heap Regions: E=young(eden), S=young(survivor), O=old, HS=humongous(starts), HC=humongous(continues), CS=collection set, F=free, OA=open archive, CA=closed archive, TAMS=top-at-mark-start (previous, next)
|   0|0x0000000085c00000, 0x0000000085c00000, 0x0000000085d00000|  0%| F|  |TAMS 0x0000000085c00000, 0x0000000085c00000| Untracked 
|   1|0x0000000085d00000, 0x0000000085d00000, 0x0000000085e00000|  0%| F|  |TAMS 0x0000000085d00000, 0x0000000085d00000| Untracked 
|   2|0x0000000085e00000, 0x0000000085e00000, 0x0000000085f00000|  0%| F|  |TAMS 0x0000000085e00000, 0x0000000085e00000| Untracked 
|   3|0x0000000085f00000, 0x0000000085f00000, 0x0000000086000000|  0%| F|  |TAMS 0x0000000085f00000, 0x0000000085f00000| Untracked 
|   4|0x0000000086000000, 0x0000000086000000, 0x0000000086100000|  0%| F|  |TAMS 0x0000000086000000, 0x0000000086000000| Untracked 
|   5|0x0000000086100000, 0x0000000086100000, 0x0000000086200000|  0%| F|  |TAMS 0x0000000086100000, 0x0000000086100000| Untracked 
|   6|0x0000000086200000, 0x0000000086200000, 0x0000000086300000|  0%| F|  |TAMS 0x0000000086200000, 0x0000000086200000| Untracked 
|   7|0x0000000086300000, 0x0000000086300000, 0x0000000086400000|  0%| F|  |TAMS 0x0000000086300000, 0x0000000086300000| Untracked 
|   8|0x0000000086400000, 0x0000000086400000, 0x0000000086500000|  0%| F|  |TAMS 0x0000000086400000, 0x0000000086400000| Untracked 
|   9|0x0000000086500000, 0x0000000086500000, 0x0000000086600000|  0%| F|  |TAMS 0x0000000086500000, 0x0000000086500000| Untracked 
|  10|0x0000000086600000, 0x0000000086600000, 0x0000000086700000|  0%| F|  |TAMS 0x0000000086600000, 0x0000000086600000| Untracked 
|  11|0x0000000086700000, 0x0000000086700000, 0x0000000086800000|  0%| F|  |TAMS 0x0000000086700000, 0x0000000086700000| Untracked 
|  12|0x0000000086800000, 0x0000000086800000, 0x0000000086900000|  0%| F|  |TAMS 0x0000000086800000, 0x0000000086800000| Untracked 
|  13|0x0000000086900000, 0x0000000086900000, 0x0000000086a00000|  0%| F|  |TAMS 0x0000000086900000, 0x0000000086900000| Untracked 
|  14|0x0000000086a00000, 0x0000000086a00000, 0x0000000086b00000|  0%| F|  |TAMS 0x0000000086a00000, 0x0000000086a00000| Untracked 
|  15|0x0000000086b00000, 0x0000000086b00000, 0x0000000086c00000|  0%| F|  |TAMS 0x0000000086b00000, 0x0000000086b00000| Untracked 
|  16|0x0000000086c00000, 0x0000000086c00000, 0x0000000086d00000|  0%| F|  |TAMS 0x0000000086c00000, 0x0000000086c00000| Untracked 
|  17|0x0000000086d00000, 0x0000000086d00000, 0x0000000086e00000|  0%| F|  |TAMS 0x0000000086d00000, 0x0000000086d00000| Untracked 
|  18|0x0000000086e00000, 0x0000000086e00000, 0x0000000086f00000|  0%| F|  |TAMS 0x0000000086e00000, 0x0000000086e00000| Untracked 
|  19|0x0000000086f00000, 0x0000000086f00000, 0x0000000087000000|  0%| F|  |TAMS 0x0000000086f00000, 0x0000000086f00000| Untracked 
|  20|0x0000000087000000, 0x0000000087000000, 0x0000000087100000|  0%| F|  |TAMS 0x0000000087000000, 0x0000000087000000| Untracked 
|  21|0x0000000087100000, 0x0000000087100000, 0x0000000087200000|  0%| F|  |TAMS 0x0000000087100000, 0x0000000087100000| Untracked 
|  22|0x0000000087200000, 0x0000000087200000, 0x0000000087300000|  0%| F|  |TAMS 0x0000000087200000, 0x0000000087200000| Untracked 
|  23|0x0000000087300000, 0x0000000087300000, 0x0000000087400000|  0%| F|  |TAMS 0x0000000087300000, 0x0000000087300000| Untracked 
|  24|0x0000000087400000, 0x0000000087400000, 0x0000000087500000|  0%| F|  |TAMS 0x0000000087400000, 0x0000000087400000| Untracked 
|  25|0x0000000087500000, 0x0000000087500000, 0x0000000087600000|  0%| F|  |TAMS 0x0000000087500000, 0x0000000087500000| Untracked 
|  26|0x0000000087600000, 0x0000000087600000, 0x0000000087700000|  0%| F|  |TAMS 0x0000000087600000, 0x0000000087600000| Untracked 
|  27|0x0000000087700000, 0x0000000087700000, 0x0000000087800000|  0%| F|  |TAMS 0x0000000087700000, 0x0000000087700000| Untracked 
|  28|0x0000000087800000, 0x0000000087800000, 0x0000000087900000|  0%| F|  |TAMS 0x0000000087800000, 0x0000000087800000| Untracked 
|  29|0x0000000087900000, 0x0000000087900000, 0x0000000087a00000|  0%| F|  |TAMS 0x0000000087900000, 0x0000000087900000| Untracked 
|  30|0x0000000087a00000, 0x0000000087a00000, 0x0000000087b00000|  0%| F|  |TAMS 0x0000000087a00000, 0x0000000087a00000| Untracked 
|  31|0x0000000087b00000, 0x0000000087b00000, 0x0000000087c00000|  0%| F|  |TAMS 0x0000000087b00000, 0x0000000087b00000| Untracked 
|  32|0x0000000087c00000, 0x0000000087c00000, 0x0000000087d00000|  0%| F|  |TAMS 0x0000000087c00000, 0x0000000087c00000| Untracked 
|  33|0x0000000087d00000, 0x0000000087d00000, 0x0000000087e00000|  0%| F|  |TAMS 0x0000000087d00000, 0x0000000087d00000| Untracked 
|  34|0x0000000087e00000, 0x0000000087e00000, 0x0000000087f00000|  0%| F|  |TAMS 0x0000000087e00000, 0x0000000087e00000| Untracked 
|  35|0x0000000087f00000, 0x0000000087f00000, 0x0000000088000000|  0%| F|  |TAMS 0x0000000087f00000, 0x0000000087f00000| Untracked 
|  36|0x0000000088000000, 0x0000000088000000, 0x0000000088100000|  0%| F|  |TAMS 0x0000000088000000, 0x0000000088000000| Untracked 
|  37|0x0000000088100000, 0x0000000088100000, 0x0000000088200000|  0%| F|  |TAMS 0x0000000088100000, 0x0000000088100000| Untracked 
|  38|0x0000000088200000, 0x0000000088200000, 0x0000000088300000|  0%| F|  |TAMS 0x0000000088200000, 0x0000000088200000| Untracked 
|  39|0x0000000088300000, 0x0000000088300000, 0x0000000088400000|  0%| F|  |TAMS 0x0000000088300000, 0x0000000088300000| Untracked 
|  40|0x0000000088400000, 0x0000000088400000, 0x0000000088500000|  0%| F|  |TAMS 0x0000000088400000, 0x0000000088400000| Untracked 
|  41|0x0000000088500000, 0x0000000088500000, 0x0000000088600000|  0%| F|  |TAMS 0x0000000088500000, 0x0000000088500000| Untracked 
|  42|0x0000000088600000, 0x0000000088600000, 0x0000000088700000|  0%| F|  |TAMS 0x0000000088600000, 0x0000000088600000| Untracked 
|  43|0x0000000088700000, 0x0000000088700000, 0x0000000088800000|  0%| F|  |TAMS 0x0000000088700000, 0x0000000088700000| Untracked 
|  44|0x0000000088800000, 0x0000000088800000, 0x0000000088900000|  0%| F|  |TAMS 0x0000000088800000, 0x0000000088800000| Untracked 
|  45|0x0000000088900000, 0x0000000088900000, 0x0000000088a00000|  0%| F|  |TAMS 0x0000000088900000, 0x0000000088900000| Untracked 
|  46|0x0000000088a00000, 0x0000000088a00000, 0x0000000088b00000|  0%| F|  |TAMS 0x0000000088a00000, 0x0000000088a00000| Untracked 
|  47|0x0000000088b00000, 0x0000000088b00000, 0x0000000088c00000|  0%| F|  |TAMS 0x0000000088b00000, 0x0000000088b00000| Untracked 
|  48|0x0000000088c00000, 0x0000000088c00000, 0x0000000088d00000|  0%| F|  |TAMS 0x0000000088c00000, 0x0000000088c00000| Untracked 
|  49|0x0000000088d00000, 0x0000000088d00000, 0x0000000088e00000|  0%| F|  |TAMS 0x0000000088d00000, 0x0000000088d00000| Untracked 
|  50|0x0000000088e00000, 0x0000000088e00000, 0x0000000088f00000|  0%| F|  |TAMS 0x0000000088e00000, 0x0000000088e00000| Untracked 
|  51|0x0000000088f00000, 0x0000000088f00000, 0x0000000089000000|  0%| F|  |TAMS 0x0000000088f00000, 0x0000000088f00000| Untracked 
|  52|0x0000000089000000, 0x0000000089000000, 0x0000000089100000|  0%| F|  |TAMS 0x0000000089000000, 0x0000000089000000| Untracked 
|  53|0x0000000089100000, 0x0000000089100000, 0x0000000089200000|  0%| F|  |TAMS 0x0000000089100000, 0x0000000089100000| Untracked 
|  54|0x0000000089200000, 0x0000000089200000, 0x0000000089300000|  0%| F|  |TAMS 0x0000000089200000, 0x0000000089200000| Untracked 
|  55|0x0000000089300000, 0x0000000089300000, 0x0000000089400000|  0%| F|  |TAMS 0x0000000089300000, 0x0000000089300000| Untracked 
|  56|0x0000000089400000, 0x0000000089400000, 0x0000000089500000|  0%| F|  |TAMS 0x0000000089400000, 0x0000000089400000| Untracked 
|  57|0x0000000089500000, 0x0000000089500000, 0x0000000089600000|  0%| F|  |TAMS 0x0000000089500000, 0x0000000089500000| Untracked 
|  58|0x0000000089600000, 0x0000000089600000, 0x0000000089700000|  0%| F|  |TAMS 0x0000000089600000, 0x0000000089600000| Untracked 
|  59|0x0000000089700000, 0x0000000089700000, 0x0000000089800000|  0%| F|  |TAMS 0x0000000089700000, 0x0000000089700000| Untracked 
|  60|0x0000000089800000, 0x0000000089800000, 0x0000000089900000|  0%| F|  |TAMS 0x0000000089800000, 0x0000000089800000| Untracked 
|  61|0x0000000089900000, 0x0000000089900000, 0x0000000089a00000|  0%| F|  |TAMS 0x0000000089900000, 0x0000000089900000| Untracked 
|  62|0x0000000089a00000, 0x0000000089a00000, 0x0000000089b00000|  0%| F|  |TAMS 0x0000000089a00000, 0x0000000089a00000| Untracked 
|  63|0x0000000089b00000, 0x0000000089b00000, 0x0000000089c00000|  0%| F|  |TAMS 0x0000000089b00000, 0x0000000089b00000| Untracked 
|  64|0x0000000089c00000, 0x0000000089c00000, 0x0000000089d00000|  0%| F|  |TAMS 0x0000000089c00000, 0x0000000089c00000| Untracked 
|  65|0x0000000089d00000, 0x0000000089d00000, 0x0000000089e00000|  0%| F|  |TAMS 0x0000000089d00000, 0x0000000089d00000| Untracked 
|  66|0x0000000089e00000, 0x0000000089e00000, 0x0000000089f00000|  0%| F|  |TAMS 0x0000000089e00000, 0x0000000089e00000| Untracked 
|  67|0x0000000089f00000, 0x0000000089f00000, 0x000000008a000000|  0%| F|  |TAMS 0x0000000089f00000, 0x0000000089f00000| Untracked 
|  68|0x000000008a000000, 0x000000008a000000, 0x000000008a100000|  0%| F|  |TAMS 0x000000008a000000, 0x000000008a000000| Untracked 
|  69|0x000000008a100000, 0x000000008a100000, 0x000000008a200000|  0%| F|  |TAMS 0x000000008a100000, 0x000000008a100000| Untracked 
|  70|0x000000008a200000, 0x000000008a200000, 0x000000008a300000|  0%| F|  |TAMS 0x000000008a200000, 0x000000008a200000| Untracked 
|  71|0x000000008a300000, 0x000000008a300000, 0x000000008a400000|  0%| F|  |TAMS 0x000000008a300000, 0x000000008a300000| Untracked 
|  72|0x000000008a400000, 0x000000008a400000, 0x000000008a500000|  0%| F|  |TAMS 0x000000008a400000, 0x000000008a400000| Untracked 
|  73|0x000000008a500000, 0x000000008a500000, 0x000000008a600000|  0%| F|  |TAMS 0x000000008a500000, 0x000000008a500000| Untracked 
|  74|0x000000008a600000, 0x000000008a600000, 0x000000008a700000|  0%| F|  |TAMS 0x000000008a600000, 0x000000008a600000| Untracked 
|  75|0x000000008a700000, 0x000000008a700000, 0x000000008a800000|  0%| F|  |TAMS 0x000000008a700000, 0x000000008a700000| Untracked 
|  76|0x000000008a800000, 0x000000008a800000, 0x000000008a900000|  0%| F|  |TAMS 0x000000008a800000, 0x000000008a800000| Untracked 
|  77|0x000000008a900000, 0x000000008a900000, 0x000000008aa00000|  0%| F|  |TAMS 0x000000008a900000, 0x000000008a900000| Untracked 
|  78|0x000000008aa00000, 0x000000008aa00000, 0x000000008ab00000|  0%| F|  |TAMS 0x000000008aa00000, 0x000000008aa00000| Untracked 
|  79|0x000000008ab00000, 0x000000008ab00000, 0x000000008ac00000|  0%| F|  |TAMS 0x000000008ab00000, 0x000000008ab00000| Untracked 
|  80|0x000000008ac00000, 0x000000008ac00000, 0x000000008ad00000|  0%| F|  |TAMS 0x000000008ac00000, 0x000000008ac00000| Untracked 
|  81|0x000000008ad00000, 0x000000008ad00000, 0x000000008ae00000|  0%| F|  |TAMS 0x000000008ad00000, 0x000000008ad00000| Untracked 
|  82|0x000000008ae00000, 0x000000008ae00000, 0x000000008af00000|  0%| F|  |TAMS 0x000000008ae00000, 0x000000008ae00000| Untracked 
|  83|0x000000008af00000, 0x000000008af00000, 0x000000008b000000|  0%| F|  |TAMS 0x000000008af00000, 0x000000008af00000| Untracked 
|  84|0x000000008b000000, 0x000000008b000000, 0x000000008b100000|  0%| F|  |TAMS 0x000000008b000000, 0x000000008b000000| Untracked 
|  85|0x000000008b100000, 0x000000008b100000, 0x000000008b200000|  0%| F|  |TAMS 0x000000008b100000, 0x000000008b100000| Untracked 
|  86|0x000000008b200000, 0x000000008b200000, 0x000000008b300000|  0%| F|  |TAMS 0x000000008b200000, 0x000000008b200000| Untracked 
|  87|0x000000008b300000, 0x000000008b300000, 0x000000008b400000|  0%| F|  |TAMS 0x000000008b300000, 0x000000008b300000| Untracked 
|  88|0x000000008b400000, 0x000000008b400000, 0x000000008b500000|  0%| F|  |TAMS 0x000000008b400000, 0x000000008b400000| Untracked 
|  89|0x000000008b500000, 0x000000008b500000, 0x000000008b600000|  0%| F|  |TAMS 0x000000008b500000, 0x000000008b500000| Untracked 
|  90|0x000000008b600000, 0x000000008b600000, 0x000000008b700000|  0%| F|  |TAMS 0x000000008b600000, 0x000000008b600000| Untracked 
|  91|0x000000008b700000, 0x000000008b700000, 0x000000008b800000|  0%| F|  |TAMS 0x000000008b700000, 0x000000008b700000| Untracked 
|  92|0x000000008b800000, 0x000000008b800000, 0x000000008b900000|  0%| F|  |TAMS 0x000000008b800000, 0x000000008b800000| Untracked 
|  93|0x000000008b900000, 0x000000008b900000, 0x000000008ba00000|  0%| F|  |TAMS 0x000000008b900000, 0x000000008b900000| Untracked 
|  94|0x000000008ba00000, 0x000000008ba00000, 0x000000008bb00000|  0%| F|  |TAMS 0x000000008ba00000, 0x000000008ba00000| Untracked 
|  95|0x000000008bb00000, 0x000000008bb00000, 0x000000008bc00000|  0%| F|  |TAMS 0x000000008bb00000, 0x000000008bb00000| Untracked 
|  96|0x000000008bc00000, 0x000000008bc00000, 0x000000008bd00000|  0%| F|  |TAMS 0x000000008bc00000, 0x000000008bc00000| Untracked 
|  97|0x000000008bd00000, 0x000000008bd00000, 0x000000008be00000|  0%| F|  |TAMS 0x000000008bd00000, 0x000000008bd00000| Untracked 
|  98|0x000000008be00000, 0x000000008be00000, 0x000000008bf00000|  0%| F|  |TAMS 0x000000008be00000, 0x000000008be00000| Untracked 
|  99|0x000000008bf00000, 0x000000008bf00000, 0x000000008c000000|  0%| F|  |TAMS 0x000000008bf00000, 0x000000008bf00000| Untracked 
| 100|0x000000008c000000, 0x000000008c000000, 0x000000008c100000|  0%| F|  |TAMS 0x000000008c000000, 0x000000008c000000| Untracked 
| 101|0x000000008c100000, 0x000000008c100000, 0x000000008c200000|  0%| F|  |TAMS 0x000000008c100000, 0x000000008c100000| Untracked 
| 102|0x000000008c200000, 0x000000008c200000, 0x000000008c300000|  0%| F|  |TAMS 0x000000008c200000, 0x000000008c200000| Untracked 
| 103|0x000000008c300000, 0x000000008c300000, 0x000000008c400000|  0%| F|  |TAMS 0x000000008c300000, 0x000000008c300000| Untracked 
| 104|0x000000008c400000, 0x000000008c400000, 0x000000008c500000|  0%| F|  |TAMS 0x000000008c400000, 0x000000008c400000| Untracked 
| 105|0x000000008c500000, 0x000000008c500000, 0x000000008c600000|  0%| F|  |TAMS 0x000000008c500000, 0x000000008c500000| Untracked 
| 106|0x000000008c600000, 0x000000008c600000, 0x000000008c700000|  0%| F|  |TAMS 0x000000008c600000, 0x000000008c600000| Untracked 
| 107|0x000000008c700000, 0x000000008c700000, 0x000000008c800000|  0%| F|  |TAMS 0x000000008c700000, 0x000000008c700000| Untracked 
| 108|0x000000008c800000, 0x000000008c800000, 0x000000008c900000|  0%| F|  |TAMS 0x000000008c800000, 0x000000008c800000| Untracked 
| 109|0x000000008c900000, 0x000000008c976480, 0x000000008ca00000| 46%| E|  |TAMS 0x000000008c900000, 0x000000008c900000| Complete 
| 110|0x000000008ca00000, 0x000000008cb00000, 0x000000008cb00000|100%| E|CS|TAMS 0x000000008ca00000, 0x000000008ca00000| Complete 
| 111|0x000000008cb00000, 0x000000008cc00000, 0x000000008cc00000|100%| E|CS|TAMS 0x000000008cb00000, 0x000000008cb00000| Complete 
| 112|0x000000008cc00000, 0x000000008cd00000, 0x000000008cd00000|100%| E|CS|TAMS 0x000000008cc00000, 0x000000008cc00000| Complete 
| 113|0x000000008cd00000, 0x000000008ce00000, 0x000000008ce00000|100%| E|CS|TAMS 0x000000008cd00000, 0x000000008cd00000| Complete 
| 114|0x000000008ce00000, 0x000000008cf00000, 0x000000008cf00000|100%| E|  |TAMS 0x000000008ce00000, 0x000000008ce00000| Complete 
| 115|0x000000008cf00000, 0x000000008d000000, 0x000000008d000000|100%| E|CS|TAMS 0x000000008cf00000, 0x000000008cf00000| Complete 
| 116|0x000000008d000000, 0x000000008d100000, 0x000000008d100000|100%| E|CS|TAMS 0x000000008d000000, 0x000000008d000000| Complete 
| 117|0x000000008d100000, 0x000000008d200000, 0x000000008d200000|100%| E|CS|TAMS 0x000000008d100000, 0x000000008d100000| Complete 
| 118|0x000000008d200000, 0x000000008d300000, 0x000000008d300000|100%| E|CS|TAMS 0x000000008d200000, 0x000000008d200000| Complete 
| 119|0x000000008d300000, 0x000000008d400000, 0x000000008d400000|100%| E|CS|TAMS 0x000000008d300000, 0x000000008d300000| Complete 
| 120|0x000000008d400000, 0x000000008d500000, 0x000000008d500000|100%| E|CS|TAMS 0x000000008d400000, 0x000000008d400000| Complete 
| 121|0x000000008d500000, 0x000000008d600000, 0x000000008d600000|100%| E|CS|TAMS 0x000000008d500000, 0x000000008d500000| Complete 
| 122|0x000000008d600000, 0x000000008d700000, 0x000000008d700000|100%| E|CS|TAMS 0x000000008d600000, 0x000000008d600000| Complete 
| 123|0x000000008d700000, 0x000000008d800000, 0x000000008d800000|100%| E|CS|TAMS 0x000000008d700000, 0x000000008d700000| Complete 

Card table byte_map: [0x00007f97708a8000,0x00007f9770c7a000] _byte_map_base: 0x00007f977047a000

Marking Bits (Prev, Next): (CMBitMap*) 0x00007f976c06b1e0, (CMBitMap*) 0x00007f976c06b220
 Prev Bits: [0x00007f975777f000, 0x00007f975960f000)
 Next Bits: [0x00007f97558ef000, 0x00007f975777f000)

Polling page: 0x00007f97730e7000

Metaspace:

Usage:
  Non-class:      8.85 MB capacity,     8.79 MB (>99%) used,    51.87 KB ( <1%) free+waste,    10.00 KB ( <1%) overhead. 
      Class:   1006.00 KB capacity,   970.27 KB ( 96%) used,    31.92 KB (  3%) free+waste,     3.81 KB ( <1%) overhead. 
       Both:      9.83 MB capacity,     9.73 MB (>99%) used,    83.79 KB ( <1%) free+waste,    13.81 KB ( <1%) overhead. 

Virtual space:
  Non-class space:       10.00 MB reserved,       9.00 MB ( 90%) committed 
      Class space:        1.00 GB reserved,       1.00 MB ( <1%) committed 
             Both:        1.01 GB reserved,      10.00 MB ( <1%) committed 

Chunk freelists:
   Non-Class:  62.00 KB
       Class:  18.00 KB
        Both:  80.00 KB

MaxMetaspaceSize: 17179869184.00 GB
CompressedClassSpaceSize: 1.00 GB

CodeHeap 'non-profiled nmethods': size=238384Kb used=850Kb max_used=850Kb free=237533Kb
 bounds [0x00007f9759d43000, 0x00007f9759fb3000, 0x00007f976860f000]
CodeHeap 'non-nmethods': size=7376Kb used=1130Kb max_used=1130Kb free=6245Kb
 bounds [0x00007f975960f000, 0x00007f975987f000, 0x00007f9759d43000]
 total_blobs=1092 nmethods=707 adapters=314
 compilation: enabled
              stopped_count=0, restarted_count=0
 full_count=0

Compilation events (20 events):
Event: 0.881 Thread 0x00007f976c1a9b80  694       1       java.lang.invoke.MemberName::isCallerSensitive (8 bytes)
Event: 0.881 Thread 0x00007f976c1a9b80 nmethod 694 0x00007f9759e13f90 code [0x00007f9759e14120, 0x00007f9759e141f0]
Event: 0.882 Thread 0x00007f976c1a9b80  696       1       javax.management.StandardMBean::getDescription (11 bytes)
Event: 0.882 Thread 0x00007f976c1a9b80 nmethod 696 0x00007f9759e14290 code [0x00007f9759e14420, 0x00007f9759e144f0]
Event: 0.898 Thread 0x00007f976c1a9b80  697   !   1       java.lang.invoke.MemberName$Factory::resolve (157 bytes)
Event: 0.899 Thread 0x00007f976c1a9b80 nmethod 697 0x00007f9759e14a10 code [0x00007f9759e14c00, 0x00007f9759e14f60]
Event: 0.899 Thread 0x00007f976c1a9b80  699       1       java.util.concurrent.ConcurrentHashMap$BaseIterator::hasNext (13 bytes)
Event: 0.899 Thread 0x00007f976c1a9b80 nmethod 699 0x00007f9759e15210 code [0x00007f9759e153a0, 0x00007f9759e15470]
Event: 0.901 Thread 0x00007f976c1a9b80  701       1       java.lang.invoke.MethodType::erase (8 bytes)
Event: 0.901 Thread 0x00007f976c1a9b80 nmethod 701 0x00007f9759e15810 code [0x00007f9759e159a0, 0x00007f9759e15a50]
Event: 0.901 Thread 0x00007f976c1a9b80  703       1       java.lang.invoke.MethodTypeForm::canonicalizeAll (63 bytes)
Event: 0.902 Thread 0x00007f976c1a9b80 nmethod 703 0x00007f9759e15b10 code [0x00007f9759e15cc0, 0x00007f9759e15f70]
Event: 0.902 Thread 0x00007f976c1a9b80  702       1       java.lang.invoke.MethodTypeForm::canonicalize (64 bytes)
Event: 0.902 Thread 0x00007f976c1a9b80 nmethod 702 0x00007f9759e16410 code [0x00007f9759e165c0, 0x00007f9759e16740]
Event: 0.902 Thread 0x00007f976c1a9b80  704       1       java.lang.invoke.MethodType$ConcurrentWeakInternSet::add (66 bytes)
Event: 0.902 Thread 0x00007f976c1a9b80 nmethod 704 0x00007f9759e16890 code [0x00007f9759e16a80, 0x00007f9759e16fc0]
Event: 0.902 Thread 0x00007f976c1a9b80  705       1       java.lang.invoke.MethodType$ConcurrentWeakInternSet$WeakEntry::<init> (15 bytes)
Event: 0.902 Thread 0x00007f976c1a9b80 nmethod 705 0x00007f9759e17290 code [0x00007f9759e17420, 0x00007f9759e175e0]
Event: 0.902 Thread 0x00007f976c1a9b80  707       1       java.util.logging.LogManager$LoggerContext::getOwner (5 bytes)
Event: 0.902 Thread 0x00007f976c1a9b80 nmethod 707 0x00007f9759e17690 code [0x00007f9759e17820, 0x00007f9759e178d0]

GC Heap History (0 events):
No events

Deoptimization events (0 events):
No events

Classes unloaded (0 events):
No events

Classes redefined (0 events):
No events

Internal exceptions (13 events):
Event: 0.561 Thread 0x00007f976c02b250 Exception <a 'java/lang/NoSuchMethodError'{0x000000008d659b80}: 'void java.lang.invoke.DirectMethodHandle$Holder.invokeSpecial(java.lang.Object, java.lang.Object, java.lang.Object)'> (0x000000008d659b80) 
thrown [open/src/hotspot/share/interpreter/linkResolver.cpp, line 781]
Event: 0.676 Thread 0x00007f976c02b250 Exception <a 'java/lang/NoSuchMethodError'{0x000000008cc920a8}: 'java.lang.Object java.lang.invoke.DirectMethodHandle$Holder.invokeStatic(java.lang.Object)'> (0x000000008cc920a8) 
thrown [open/src/hotspot/share/interpreter/linkResolver.cpp, line 781]
Event: 0.677 Thread 0x00007f976c02b250 Exception <a 'java/lang/NoSuchMethodError'{0x000000008cc957f8}: 'java.lang.Object java.lang.invoke.DirectMethodHandle$Holder.invokeStaticInit(java.lang.Object)'> (0x000000008cc957f8) 
thrown [open/src/hotspot/share/interpreter/linkResolver.cpp, line 781]
Event: 0.760 Thread 0x00007f976c02b250 Exception <a 'java/lang/NoSuchMethodError'{0x000000008ccba030}: 'java.lang.Object java.lang.invoke.DirectMethodHandle$Holder.invokeInterface(java.lang.Object, java.lang.Object)'> (0x000000008ccba030) 
thrown [open/src/hotspot/share/interpreter/linkResolver.cpp, line 781]
Event: 0.762 Thread 0x00007f976c02b250 Exception <a 'java/lang/NoSuchMethodError'{0x000000008ccc26c0}: 'java.lang.Object java.lang.invoke.DirectMethodHandle$Holder.invokeStaticInit(java.lang.Object, java.lang.Object, java.lang.Object)'> (0x000000008ccc26c0) 
thrown [open/src/hotspot/share/interpreter/linkResolver.cpp, line 781]
Event: 0.771 Thread 0x00007f976c02b250 Exception <a 'java/lang/NoSuchMethodError'{0x000000008cce0cd8}: 'int java.lang.invoke.DirectMethodHandle$Holder.invokeInterface(java.lang.Object, java.lang.Object)'> (0x000000008cce0cd8) 
thrown [open/src/hotspot/share/interpreter/linkResolver.cpp, line 781]
Event: 0.772 Thread 0x00007f976c02b250 Exception <a 'java/lang/IncompatibleClassChangeError'{0x000000008cce44d0}: Found class java.lang.Object, but interface was expected> (0x000000008cce44d0) 
thrown [open/src/hotspot/share/interpreter/linkResolver.cpp, line 848]
Event: 0.773 Thread 0x00007f976c02b250 Exception <a 'java/lang/NoSuchMethodError'{0x000000008ccea788}: 'void java.lang.invoke.DirectMethodHandle$Holder.invokeStatic(java.lang.Object, java.lang.Object)'> (0x000000008ccea788) 
thrown [open/src/hotspot/share/interpreter/linkResolver.cpp, line 781]
Event: 0.830 Thread 0x00007f976c02b250 Exception <a 'java/lang/NoSuchMethodError'{0x000000008cbaa0f8}: 'int java.lang.invoke.DirectMethodHandle$Holder.invokeStaticInit(java.lang.Object, java.lang.Object)'> (0x000000008cbaa0f8) 
thrown [open/src/hotspot/share/interpreter/linkResolver.cpp, line 781]
Event: 0.831 Thread 0x00007f976c02b250 Exception <a 'java/lang/NoSuchMethodError'{0x000000008cbb2f08}: 'void java.lang.invoke.DirectMethodHandle$Holder.invokeStatic(java.lang.Object, java.lang.Object, java.lang.Object)'> (0x000000008cbb2f08) 
thrown [open/src/hotspot/share/interpreter/linkResolver.cpp, line 781]
Event: 0.832 Thread 0x00007f976c02b250 Exception <a 'java/lang/NoSuchMethodError'{0x000000008cbb67f8}: 'void java.lang.invoke.DirectMethodHandle$Holder.invokeStaticInit(java.lang.Object, java.lang.Object, java.lang.Object)'> (0x000000008cbb67f8) 
thrown [open/src/hotspot/share/interpreter/linkResolver.cpp, line 781]
Event: 0.835 Thread 0x00007f976c02b250 Exception <a 'java/lang/NoSuchMethodError'{0x000000008cbd3a10}: 'long java.lang.invoke.DirectMethodHandle$Holder.invokeStatic(java.lang.Object, java.lang.Object)'> (0x000000008cbd3a10) 
thrown [open/src/hotspot/share/interpreter/linkResolver.cpp, line 781]
Event: 0.844 Thread 0x00007f976c02b250 Exception <a 'java/lang/NoSuchMethodError'{0x000000008ca169b0}: 'int java.lang.invoke.DirectMethodHandle$Holder.invokeSpecial(java.lang.Object, java.lang.Object, java.lang.Object)'> (0x000000008ca169b0) 
thrown [open/src/hotspot/share/interpreter/linkResolver.cpp, line 781]

Events (20 events):
Event: 0.901 loading class java/util/concurrent/ThreadLocalRandom done
Event: 0.901 loading class java/lang/invoke/VarHandleLongs$FieldInstanceReadWrite
Event: 0.901 loading class java/lang/invoke/VarHandleLongs$FieldInstanceReadOnly
Event: 0.901 loading class java/lang/invoke/VarHandleLongs$FieldInstanceReadOnly done
Event: 0.901 loading class java/lang/invoke/VarHandleLongs$FieldInstanceReadWrite done
Event: 0.901 loading class java/lang/invoke/VarHandleInts$FieldInstanceReadWrite
Event: 0.901 loading class java/lang/invoke/VarHandleInts$FieldInstanceReadOnly
Event: 0.901 loading class java/lang/invoke/VarHandleInts$FieldInstanceReadOnly done
Event: 0.901 loading class java/lang/invoke/VarHandleInts$FieldInstanceReadWrite done
Event: 0.901 loading class java/util/concurrent/atomic/Striped64$1
Event: 0.902 loading class java/util/concurrent/atomic/Striped64$1 done
Event: 0.902 loading class java/net/InetAddress$CachedLocalHost
Event: 0.902 loading class java/net/InetAddress$CachedLocalHost done
Event: 0.902 loading class sun/management/jmxremote/ConnectorBootstrap$PermanentExporter
Event: 0.902 loading class com/sun/jmx/remote/internal/rmi/RMIExporter
Event: 0.902 loading class com/sun/jmx/remote/internal/rmi/RMIExporter done
Event: 0.902 loading class sun/management/jmxremote/ConnectorBootstrap$PermanentExporter done
Event: 0.902 loading class javax/management/remote/JMXConnectorServerFactory
Event: 0.902 loading class javax/management/remote/JMXConnectorServerFactory done
Event: 0.902 loading class com/sun/jmx/remote/util/EnvHelp


Dynamic libraries:
85c00000-8d800000 rw-p 00000000 00:00 0 
8d800000-100000000 ---p 00000000 00:00 0 
100000000-100100000 rw-p 00000000 00:00 0 
100100000-140000000 ---p 00000000 00:00 0 
564cf3c24000-564cf3c25000 r-xp 00000000 08:02 47448670                   /home/shiva/shiva/spring-tool-suite-4-4.9.0.RELEASE-e4.18.0-linux.gtk.x86_64/sts-4.9.0.RELEASE/plugins/org.eclipse.justj.openjdk.hotspot.jre.full.linux.x86_64_15.0.1.v20201027-0507/jre/bin/java
564cf3c26000-564cf3c27000 r--p 00001000 08:02 47448670                   /home/shiva/shiva/spring-tool-suite-4-4.9.0.RELEASE-e4.18.0-linux.gtk.x86_64/sts-4.9.0.RELEASE/plugins/org.eclipse.justj.openjdk.hotspot.jre.full.linux.x86_64_15.0.1.v20201027-0507/jre/bin/java
564cf3c27000-564cf3c28000 rw-p 00002000 08:02 47448670                   /home/shiva/shiva/spring-tool-suite-4-4.9.0.RELEASE-e4.18.0-linux.gtk.x86_64/sts-4.9.0.RELEASE/plugins/org.eclipse.justj.openjdk.hotspot.jre.full.linux.x86_64_15.0.1.v20201027-0507/jre/bin/java
564cf4c3c000-564cf4c5d000 rw-p 00000000 00:00 0                          [heap]
7f9718000000-7f9718021000 rw-p 00000000 00:00 0 
7f9718021000-7f971c000000 ---p 00000000 00:00 0 
7f971c000000-7f971c021000 rw-p 00000000 00:00 0 
7f971c021000-7f9720000000 ---p 00000000 00:00 0 
7f9720000000-7f97201ba000 rw-p 00000000 00:00 0 
7f97201ba000-7f9724000000 ---p 00000000 00:00 0 
7f9724000000-7f9724021000 rw-p 00000000 00:00 0 
7f9724021000-7f9728000000 ---p 00000000 00:00 0 
7f9728000000-7f9728021000 rw-p 00000000 00:00 0 
7f9728021000-7f972c000000 ---p 00000000 00:00 0 
7f972c000000-7f972c021000 rw-p 00000000 00:00 0 
7f972c021000-7f9730000000 ---p 00000000 00:00 0 
7f9730000000-7f9730021000 rw-p 00000000 00:00 0 
7f9730021000-7f9734000000 ---p 00000000 00:00 0 
7f9734000000-7f9734021000 rw-p 00000000 00:00 0 
7f9734021000-7f9738000000 ---p 00000000 00:00 0 
7f9738000000-7f9738021000 rw-p 00000000 00:00 0 
7f9738021000-7f973c000000 ---p 00000000 00:00 0 
7f973c000000-7f973c021000 rw-p 00000000 00:00 0 
7f973c021000-7f9740000000 ---p 00000000 00:00 0 
7f9740000000-7f9740021000 rw-p 00000000 00:00 0 
7f9740021000-7f9744000000 ---p 00000000 00:00 0 
7f9745491000-7f97458f8000 rw-p 00000000 00:00 0 
7f97458f8000-7f97459f8000 ---p 00000000 00:00 0 
7f97459fa000-7f97459fe000 ---p 00000000 00:00 0 
7f97459fe000-7f9745afb000 rw-p 00000000 00:00 0 
7f9745afb000-7f9745aff000 ---p 00000000 00:00 0 
7f9745aff000-7f9745bfc000 rw-p 00000000 00:00 0 
7f9745bfc000-7f9745c00000 ---p 00000000 00:00 0 
7f9745c00000-7f9745cfd000 rw-p 00000000 00:00 0 
7f9745cfd000-7f9745d01000 ---p 00000000 00:00 0 
7f9745d01000-7f9745dfe000 rw-p 00000000 00:00 0 
7f9745dfe000-7f9745e02000 ---p 00000000 00:00 0 
7f9745e02000-7f9745eff000 rw-p 00000000 00:00 0 
7f9745eff000-7f9745f03000 ---p 00000000 00:00 0 
7f9745f03000-7f9748000000 rw-p 00000000 00:00 0 
7f9748000000-7f9748021000 rw-p 00000000 00:00 0 
7f9748021000-7f974c000000 ---p 00000000 00:00 0 
7f974c000000-7f974c021000 rw-p 00000000 00:00 0 
7f974c021000-7f9750000000 ---p 00000000 00:00 0 
7f9750000000-7f9750021000 rw-p 00000000 00:00 0 
7f9750021000-7f9754000000 ---p 00000000 00:00 0 
7f975408d000-7f9754092000 r-xp 00000000 08:02 47448718                   /home/shiva/shiva/spring-tool-suite-4-4.9.0.RELEASE-e4.18.0-linux.gtk.x86_64/sts-4.9.0.RELEASE/plugins/org.eclipse.justj.openjdk.hotspot.jre.full.linux.x86_64_15.0.1.v20201027-0507/jre/lib/libmanagement_ext.so
7f9754092000-7f9754093000 r--p 00004000 08:02 47448718                   /home/shiva/shiva/spring-tool-suite-4-4.9.0.RELEASE-e4.18.0-linux.gtk.x86_64/sts-4.9.0.RELEASE/plugins/org.eclipse.justj.openjdk.hotspot.jre.full.linux.x86_64_15.0.1.v20201027-0507/jre/lib/libmanagement_ext.so
7f9754093000-7f9754094000 rw-p 00005000 08:02 47448718                   /home/shiva/shiva/spring-tool-suite-4-4.9.0.RELEASE-e4.18.0-linux.gtk.x86_64/sts-4.9.0.RELEASE/plugins/org.eclipse.justj.openjdk.hotspot.jre.full.linux.x86_64_15.0.1.v20201027-0507/jre/lib/libmanagement_ext.so
7f9754094000-7f9754098000 r-xp 00000000 08:02 47448753                   /home/shiva/shiva/spring-tool-suite-4-4.9.0.RELEASE-e4.18.0-linux.gtk.x86_64/sts-4.9.0.RELEASE/plugins/org.eclipse.justj.openjdk.hotspot.jre.full.linux.x86_64_15.0.1.v20201027-0507/jre/lib/libmanagement.so
7f9754098000-7f9754099000 r--p 00003000 08:02 47448753                   /home/shiva/shiva/spring-tool-suite-4-4.9.0.RELEASE-e4.18.0-linux.gtk.x86_64/sts-4.9.0.RELEASE/plugins/org.eclipse.justj.openjdk.hotspot.jre.full.linux.x86_64_15.0.1.v20201027-0507/jre/lib/libmanagement.so
7f9754099000-7f975409a000 rw-p 00004000 08:02 47448753                   /home/shiva/shiva/spring-tool-suite-4-4.9.0.RELEASE-e4.18.0-linux.gtk.x86_64/sts-4.9.0.RELEASE/plugins/org.eclipse.justj.openjdk.hotspot.jre.full.linux.x86_64_15.0.1.v20201027-0507/jre/lib/libmanagement.so
7f975409a000-7f97540cb000 rw-p 00000000 00:00 0 
7f97540cb000-7f97540e0000 r-xp 00000000 08:02 47448735                   /home/shiva/shiva/spring-tool-suite-4-4.9.0.RELEASE-e4.18.0-linux.gtk.x86_64/sts-4.9.0.RELEASE/plugins/org.eclipse.justj.openjdk.hotspot.jre.full.linux.x86_64_15.0.1.v20201027-0507/jre/lib/libnet.so
7f97540e0000-7f97540e1000 r--p 00014000 08:02 47448735                   /home/shiva/shiva/spring-tool-suite-4-4.9.0.RELEASE-e4.18.0-linux.gtk.x86_64/sts-4.9.0.RELEASE/plugins/org.eclipse.justj.openjdk.hotspot.jre.full.linux.x86_64_15.0.1.v20201027-0507/jre/lib/libnet.so
7f97540e1000-7f97540e2000 rw-p 00015000 08:02 47448735                   /home/shiva/shiva/spring-tool-suite-4-4.9.0.RELEASE-e4.18.0-linux.gtk.x86_64/sts-4.9.0.RELEASE/plugins/org.eclipse.justj.openjdk.hotspot.jre.full.linux.x86_64_15.0.1.v20201027-0507/jre/lib/libnet.so
7f97540e2000-7f97540f4000 r-xp 00000000 08:02 47448744                   /home/shiva/shiva/spring-tool-suite-4-4.9.0.RELEASE-e4.18.0-linux.gtk.x86_64/sts-4.9.0.RELEASE/plugins/org.eclipse.justj.openjdk.hotspot.jre.full.linux.x86_64_15.0.1.v20201027-0507/jre/lib/libnio.so
7f97540f4000-7f97540f5000 r--p 00011000 08:02 47448744                   /home/shiva/shiva/spring-tool-suite-4-4.9.0.RELEASE-e4.18.0-linux.gtk.x86_64/sts-4.9.0.RELEASE/plugins/org.eclipse.justj.openjdk.hotspot.jre.full.linux.x86_64_15.0.1.v20201027-0507/jre/lib/libnio.so
7f97540f5000-7f97540f6000 rw-p 00012000 08:02 47448744                   /home/shiva/shiva/spring-tool-suite-4-4.9.0.RELEASE-e4.18.0-linux.gtk.x86_64/sts-4.9.0.RELEASE/plugins/org.eclipse.justj.openjdk.hotspot.jre.full.linux.x86_64_15.0.1.v20201027-0507/jre/lib/libnio.so
7f97540f6000-7f975414b000 r--p 00000000 08:02 18878024                   /usr/lib/locale/aa_DJ.utf8/LC_CTYPE
7f975414b000-7f97543c3000 r--p 00000000 08:02 18878023                   /usr/lib/locale/aa_DJ.utf8/LC_COLLATE
7f97543c3000-7f97543c7000 ---p 00000000 00:00 0 
7f97543c7000-7f97544c4000 rw-p 00000000 00:00 0 
7f97544c4000-7f97544c8000 ---p 00000000 00:00 0 
7f97544c8000-7f97545c5000 rw-p 00000000 00:00 0 
7f97545c5000-7f97545c6000 ---p 00000000 00:00 0 
7f97545c6000-7f9754fe4000 rw-p 00000000 00:00 0 
7f9754fe4000-7f9754fe5000 ---p 00000000 00:00 0 
7f9754fe5000-7f97550e6000 rw-p 00000000 00:00 0 
7f97550e6000-7f97550e7000 ---p 00000000 00:00 0 
7f97550e7000-7f9755adf000 rw-p 00000000 00:00 0 
7f9755adf000-7f975777f000 ---p 00000000 00:00 0 
7f975777f000-7f975796f000 rw-p 00000000 00:00 0 
7f975796f000-7f975960f000 ---p 00000000 00:00 0 
7f975960f000-7f975987f000 rwxp 00000000 00:00 0 
7f975987f000-7f9759d43000 ---p 00000000 00:00 0 
7f9759d43000-7f9759fb3000 rwxp 00000000 00:00 0 
7f9759fb3000-7f976860f000 ---p 00000000 00:00 0 
7f976860f000-7f976c000000 r--s 00000000 08:02 47448752                   /home/shiva/shiva/spring-tool-suite-4-4.9.0.RELEASE-e4.18.0-linux.gtk.x86_64/sts-4.9.0.RELEASE/plugins/org.eclipse.justj.openjdk.hotspot.jre.full.linux.x86_64_15.0.1.v20201027-0507/jre/lib/modules
7f976c000000-7f976c7d5000 rw-p 00000000 00:00 0 
7f976c7d5000-7f9770000000 ---p 00000000 00:00 0 
7f9770004000-7f977000b000 r-xp 00000000 08:02 47448725                   /home/shiva/shiva/spring-tool-suite-4-4.9.0.RELEASE-e4.18.0-linux.gtk.x86_64/sts-4.9.0.RELEASE/plugins/org.eclipse.justj.openjdk.hotspot.jre.full.linux.x86_64_15.0.1.v20201027-0507/jre/lib/libzip.so
7f977000b000-7f977000c000 ---p 00007000 08:02 47448725                   /home/shiva/shiva/spring-tool-suite-4-4.9.0.RELEASE-e4.18.0-linux.gtk.x86_64/sts-4.9.0.RELEASE/plugins/org.eclipse.justj.openjdk.hotspot.jre.full.linux.x86_64_15.0.1.v20201027-0507/jre/lib/libzip.so
7f977000c000-7f977000d000 r--p 00007000 08:02 47448725                   /home/shiva/shiva/spring-tool-suite-4-4.9.0.RELEASE-e4.18.0-linux.gtk.x86_64/sts-4.9.0.RELEASE/plugins/org.eclipse.justj.openjdk.hotspot.jre.full.linux.x86_64_15.0.1.v20201027-0507/jre/lib/libzip.so
7f977000d000-7f977000e000 rw-p 00008000 08:02 47448725                   /home/shiva/shiva/spring-tool-suite-4-4.9.0.RELEASE-e4.18.0-linux.gtk.x86_64/sts-4.9.0.RELEASE/plugins/org.eclipse.justj.openjdk.hotspot.jre.full.linux.x86_64_15.0.1.v20201027-0507/jre/lib/libzip.so
7f977000e000-7f9770151000 rw-p 00000000 00:00 0 
7f9770151000-7f9770152000 ---p 00000000 00:00 0 
7f9770152000-7f9770253000 rw-p 00000000 00:00 0 
7f9770253000-7f9770254000 ---p 00000000 00:00 0 
7f9770254000-7f9770355000 rw-p 00000000 00:00 0 
7f9770355000-7f9770356000 ---p 00000000 00:00 0 
7f9770356000-7f9770514000 rw-p 00000000 00:00 0 
7f9770514000-7f97708a8000 ---p 00000000 00:00 0 
7f97708a8000-7f97708e6000 rw-p 00000000 00:00 0 
7f97708e6000-7f9770c7a000 ---p 00000000 00:00 0 
7f9770c7a000-7f9770cb8000 rw-p 00000000 00:00 0 
7f9770cb8000-7f977104c000 ---p 00000000 00:00 0 
7f977104c000-7f9771859000 rw-p 00000000 00:00 0 
7f9771859000-7f9771a26000 ---p 00000000 00:00 0 
7f9771a26000-7f9771a4a000 r-xp 00000000 08:02 47448747                   /home/shiva/shiva/spring-tool-suite-4-4.9.0.RELEASE-e4.18.0-linux.gtk.x86_64/sts-4.9.0.RELEASE/plugins/org.eclipse.justj.openjdk.hotspot.jre.full.linux.x86_64_15.0.1.v20201027-0507/jre/lib/libjava.so
7f9771a4a000-7f9771a4b000 ---p 00024000 08:02 47448747                   /home/shiva/shiva/spring-tool-suite-4-4.9.0.RELEASE-e4.18.0-linux.gtk.x86_64/sts-4.9.0.RELEASE/plugins/org.eclipse.justj.openjdk.hotspot.jre.full.linux.x86_64_15.0.1.v20201027-0507/jre/lib/libjava.so
7f9771a4b000-7f9771a4c000 r--p 00024000 08:02 47448747                   /home/shiva/shiva/spring-tool-suite-4-4.9.0.RELEASE-e4.18.0-linux.gtk.x86_64/sts-4.9.0.RELEASE/plugins/org.eclipse.justj.openjdk.hotspot.jre.full.linux.x86_64_15.0.1.v20201027-0507/jre/lib/libjava.so
7f9771a4c000-7f9771a4d000 rw-p 00025000 08:02 47448747                   /home/shiva/shiva/spring-tool-suite-4-4.9.0.RELEASE-e4.18.0-linux.gtk.x86_64/sts-4.9.0.RELEASE/plugins/org.eclipse.justj.openjdk.hotspot.jre.full.linux.x86_64_15.0.1.v20201027-0507/jre/lib/libjava.so
7f9771a4d000-7f9771a4e000 rw-p 00000000 00:00 0 
7f9771a4e000-7f9771a51000 r--p 00000000 08:02 12066774                   /usr/lib/x86_64-linux-gnu/libnss_files-2.32.so
7f9771a51000-7f9771a59000 r-xp 00003000 08:02 12066774                   /usr/lib/x86_64-linux-gnu/libnss_files-2.32.so
7f9771a59000-7f9771a5b000 r--p 0000b000 08:02 12066774                   /usr/lib/x86_64-linux-gnu/libnss_files-2.32.so
7f9771a5b000-7f9771a5c000 r--p 0000c000 08:02 12066774                   /usr/lib/x86_64-linux-gnu/libnss_files-2.32.so
7f9771a5c000-7f9771a5d000 rw-p 0000d000 08:02 12066774                   /usr/lib/x86_64-linux-gnu/libnss_files-2.32.so
7f9771a5d000-7f9771a63000 rw-p 00000000 00:00 0 
7f9771a67000-7f9771a68000 r--p 00000000 08:02 18878388                   /usr/lib/locale/as_IN/LC_NUMERIC
7f9771a68000-7f9771a6d000 rw-p 00000000 00:00 0 
7f9771a6d000-7f9771a77000 ---p 00000000 00:00 0 
7f9771a77000-7f9771a93000 r-xp 00000000 08:02 47448734                   /home/shiva/shiva/spring-tool-suite-4-4.9.0.RELEASE-e4.18.0-linux.gtk.x86_64/sts-4.9.0.RELEASE/plugins/org.eclipse.justj.openjdk.hotspot.jre.full.linux.x86_64_15.0.1.v20201027-0507/jre/lib/libjimage.so
7f9771a93000-7f9771a95000 r--p 0001b000 08:02 47448734                   /home/shiva/shiva/spring-tool-suite-4-4.9.0.RELEASE-e4.18.0-linux.gtk.x86_64/sts-4.9.0.RELEASE/plugins/org.eclipse.justj.openjdk.hotspot.jre.full.linux.x86_64_15.0.1.v20201027-0507/jre/lib/libjimage.so
7f9771a95000-7f9771a96000 rw-p 0001d000 08:02 47448734                   /home/shiva/shiva/spring-tool-suite-4-4.9.0.RELEASE-e4.18.0-linux.gtk.x86_64/sts-4.9.0.RELEASE/plugins/org.eclipse.justj.openjdk.hotspot.jre.full.linux.x86_64_15.0.1.v20201027-0507/jre/lib/libjimage.so
7f9771a96000-7f9771a99000 r--p 00000000 08:02 12066978                   /usr/lib/x86_64-linux-gnu/librt-2.32.so
7f9771a99000-7f9771a9d000 r-xp 00003000 08:02 12066978                   /usr/lib/x86_64-linux-gnu/librt-2.32.so
7f9771a9d000-7f9771a9f000 r--p 00007000 08:02 12066978                   /usr/lib/x86_64-linux-gnu/librt-2.32.so
7f9771a9f000-7f9771aa0000 r--p 00008000 08:02 12066978                   /usr/lib/x86_64-linux-gnu/librt-2.32.so
7f9771aa0000-7f9771aa1000 rw-p 00009000 08:02 12066978                   /usr/lib/x86_64-linux-gnu/librt-2.32.so
7f9771aa1000-7f9771aa5000 ---p 00000000 00:00 0 
7f9771aa5000-7f9771ba2000 rw-p 00000000 00:00 0 
7f9771ba2000-7f9771bb1000 r--p 00000000 08:02 12066649                   /usr/lib/x86_64-linux-gnu/libm-2.32.so
7f9771bb1000-7f9771c58000 r-xp 0000f000 08:02 12066649                   /usr/lib/x86_64-linux-gnu/libm-2.32.so
7f9771c58000-7f9771cef000 r--p 000b6000 08:02 12066649                   /usr/lib/x86_64-linux-gnu/libm-2.32.so
7f9771cef000-7f9771cf0000 r--p 0014c000 08:02 12066649                   /usr/lib/x86_64-linux-gnu/libm-2.32.so
7f9771cf0000-7f9771cf1000 rw-p 0014d000 08:02 12066649                   /usr/lib/x86_64-linux-gnu/libm-2.32.so
7f9771cf1000-7f9772d38000 r-xp 00000000 08:02 47448722                   /home/shiva/shiva/spring-tool-suite-4-4.9.0.RELEASE-e4.18.0-linux.gtk.x86_64/sts-4.9.0.RELEASE/plugins/org.eclipse.justj.openjdk.hotspot.jre.full.linux.x86_64_15.0.1.v20201027-0507/jre/lib/server/libjvm.so
7f9772d38000-7f9772dd2000 r--p 01046000 08:02 47448722                   /home/shiva/shiva/spring-tool-suite-4-4.9.0.RELEASE-e4.18.0-linux.gtk.x86_64/sts-4.9.0.RELEASE/plugins/org.eclipse.justj.openjdk.hotspot.jre.full.linux.x86_64_15.0.1.v20201027-0507/jre/lib/server/libjvm.so
7f9772dd2000-7f9772e09000 rw-p 010e0000 08:02 47448722                   /home/shiva/shiva/spring-tool-suite-4-4.9.0.RELEASE-e4.18.0-linux.gtk.x86_64/sts-4.9.0.RELEASE/plugins/org.eclipse.justj.openjdk.hotspot.jre.full.linux.x86_64_15.0.1.v20201027-0507/jre/lib/server/libjvm.so
7f9772e09000-7f9772e96000 rw-p 00000000 00:00 0 
7f9772e96000-7f9772ebc000 r--p 00000000 08:02 12065995                   /usr/lib/x86_64-linux-gnu/libc-2.32.so
7f9772ebc000-7f9773029000 r-xp 00026000 08:02 12065995                   /usr/lib/x86_64-linux-gnu/libc-2.32.so
7f9773029000-7f9773075000 r--p 00193000 08:02 12065995                   /usr/lib/x86_64-linux-gnu/libc-2.32.so
7f9773075000-7f9773076000 ---p 001df000 08:02 12065995                   /usr/lib/x86_64-linux-gnu/libc-2.32.so
7f9773076000-7f9773079000 r--p 001df000 08:02 12065995                   /usr/lib/x86_64-linux-gnu/libc-2.32.so
7f9773079000-7f977307c000 rw-p 001e2000 08:02 12065995                   /usr/lib/x86_64-linux-gnu/libc-2.32.so
7f977307c000-7f9773080000 rw-p 00000000 00:00 0 
7f9773080000-7f9773081000 r--p 00000000 08:02 12066138                   /usr/lib/x86_64-linux-gnu/libdl-2.32.so
7f9773081000-7f9773083000 r-xp 00001000 08:02 12066138                   /usr/lib/x86_64-linux-gnu/libdl-2.32.so
7f9773083000-7f9773084000 r--p 00003000 08:02 12066138                   /usr/lib/x86_64-linux-gnu/libdl-2.32.so
7f9773084000-7f9773085000 r--p 00003000 08:02 12066138                   /usr/lib/x86_64-linux-gnu/libdl-2.32.so
7f9773085000-7f9773086000 rw-p 00004000 08:02 12066138                   /usr/lib/x86_64-linux-gnu/libdl-2.32.so
7f9773086000-7f977308d000 r--p 00000000 08:02 12066918                   /usr/lib/x86_64-linux-gnu/libpthread-2.32.so
7f977308d000-7f977309d000 r-xp 00007000 08:02 12066918                   /usr/lib/x86_64-linux-gnu/libpthread-2.32.so
7f977309d000-7f97730a2000 r--p 00017000 08:02 12066918                   /usr/lib/x86_64-linux-gnu/libpthread-2.32.so
7f97730a2000-7f97730a3000 r--p 0001b000 08:02 12066918                   /usr/lib/x86_64-linux-gnu/libpthread-2.32.so
7f97730a3000-7f97730a4000 rw-p 0001c000 08:02 12066918                   /usr/lib/x86_64-linux-gnu/libpthread-2.32.so
7f97730a4000-7f97730a8000 rw-p 00000000 00:00 0 
7f97730a8000-7f97730b7000 r-xp 00000000 08:02 47448751                   /home/shiva/shiva/spring-tool-suite-4-4.9.0.RELEASE-e4.18.0-linux.gtk.x86_64/sts-4.9.0.RELEASE/plugins/org.eclipse.justj.openjdk.hotspot.jre.full.linux.x86_64_15.0.1.v20201027-0507/jre/lib/libjli.so
7f97730b7000-7f97730b8000 r--p 0000e000 08:02 47448751                   /home/shiva/shiva/spring-tool-suite-4-4.9.0.RELEASE-e4.18.0-linux.gtk.x86_64/sts-4.9.0.RELEASE/plugins/org.eclipse.justj.openjdk.hotspot.jre.full.linux.x86_64_15.0.1.v20201027-0507/jre/lib/libjli.so
7f97730b8000-7f97730b9000 rw-p 0000f000 08:02 47448751                   /home/shiva/shiva/spring-tool-suite-4-4.9.0.RELEASE-e4.18.0-linux.gtk.x86_64/sts-4.9.0.RELEASE/plugins/org.eclipse.justj.openjdk.hotspot.jre.full.linux.x86_64_15.0.1.v20201027-0507/jre/lib/libjli.so
7f97730b9000-7f97730bb000 r--p 00000000 08:02 12067362                   /usr/lib/x86_64-linux-gnu/libz.so.1.2.11
7f97730bb000-7f97730cd000 r-xp 00002000 08:02 12067362                   /usr/lib/x86_64-linux-gnu/libz.so.1.2.11
7f97730cd000-7f97730d4000 r--p 00014000 08:02 12067362                   /usr/lib/x86_64-linux-gnu/libz.so.1.2.11
7f97730d4000-7f97730d5000 r--p 0001a000 08:02 12067362                   /usr/lib/x86_64-linux-gnu/libz.so.1.2.11
7f97730d5000-7f97730d6000 rw-p 0001b000 08:02 12067362                   /usr/lib/x86_64-linux-gnu/libz.so.1.2.11
7f97730d6000-7f97730d7000 r--p 00000000 08:02 18879147                   /usr/lib/locale/en_IN/LC_TIME
7f97730d7000-7f97730d8000 r--p 00000000 08:02 18878130                   /usr/lib/locale/anp_IN/LC_MONETARY
7f97730d8000-7f97730d9000 r--p 00000000 08:02 18879004                   /usr/lib/locale/en_AG/LC_MESSAGES/SYS_LC_MESSAGES
7f97730d9000-7f97730da000 r--p 00000000 08:02 18878032                   /usr/lib/locale/aa_DJ.utf8/LC_PAPER
7f97730da000-7f97730db000 r--p 00000000 08:02 18879112                   /usr/lib/locale/en_HK.utf8/LC_NAME
7f97730db000-7f97730dc000 r--p 00000000 08:02 18879144                   /usr/lib/locale/en_IN/LC_ADDRESS
7f97730dc000-7f97730dd000 r--p 00000000 08:02 18878132                   /usr/lib/locale/anp_IN/LC_TELEPHONE
7f97730dd000-7f97730de000 r--p 00000000 08:02 18878026                   /usr/lib/locale/aa_DJ.utf8/LC_MEASUREMENT
7f97730de000-7f97730df000 r--p 00000000 08:02 18879145                   /usr/lib/locale/en_IN/LC_IDENTIFICATION
7f97730df000-7f97730e7000 rw-s 00000000 08:02 51906592                   /tmp/hsperfdata_shiva/19470
7f97730e7000-7f97730e8000 ---p 00000000 00:00 0 
7f97730e8000-7f97730e9000 r--p 00000000 00:00 0 
7f97730e9000-7f97730ea000 ---p 00000000 00:00 0 
7f97730ea000-7f97730ec000 rw-p 00000000 00:00 0 
7f97730ec000-7f97730ed000 r--p 00000000 08:02 12065779                   /usr/lib/x86_64-linux-gnu/ld-2.32.so
7f97730ed000-7f9773111000 r-xp 00001000 08:02 12065779                   /usr/lib/x86_64-linux-gnu/ld-2.32.so
7f9773111000-7f977311a000 r--p 00025000 08:02 12065779                   /usr/lib/x86_64-linux-gnu/ld-2.32.so
7f977311a000-7f977311b000 r--p 0002d000 08:02 12065779                   /usr/lib/x86_64-linux-gnu/ld-2.32.so
7f977311b000-7f977311d000 rw-p 0002e000 08:02 12065779                   /usr/lib/x86_64-linux-gnu/ld-2.32.so
7ffe0c46f000-7ffe0c493000 rw-p 00000000 00:00 0                          [stack]
7ffe0c533000-7ffe0c537000 r--p 00000000 00:00 0                          [vvar]
7ffe0c537000-7ffe0c539000 r-xp 00000000 00:00 0                          [vdso]
ffffffffff600000-ffffffffff601000 --xp 00000000 00:00 0                  [vsyscall]


VM Arguments:
jvm_args: -Dcom.sun.management.jmxremote -Dcom.sun.management.jmxremote.port=37751 -Dcom.sun.management.jmxremote.authenticate=false -Dcom.sun.management.jmxremote.ssl=false -Djava.rmi.server.hostname=localhost -Dspring.jmx.enabled=true -Dspring.application.admin.enabled=true -Djava.security.egd=file:/dev/./urandom -XX:TieredStopAtLevel=1 -Dspring.boot.project.name=student-pool-discoveryservice -Dfile.encoding=UTF-8 -XX:+ShowCodeDetailsInExceptionMessages 
java_command: com.pool.StudentPoolDiscoveryserviceApplication --spring.output.ansi.enabled=always
java_class_path (initial): /home/shiva/shiva/backend/ms-oauth/ms-oauth/student-pool-discoveryservice/target/classes:/home/shiva/.m2/repository/org/springframework/cloud/spring-cloud-starter-netflix-eureka-client/3.0.2/spring-cloud-starter-netflix-eureka-client-3.0.2.jar:/home/shiva/.m2/repository/org/springframework/cloud/spring-cloud-starter/3.0.2/spring-cloud-starter-3.0.2.jar:/home/shiva/.m2/repository/org/springframework/cloud/spring-cloud-context/3.0.2/spring-cloud-context-3.0.2.jar:/home/shiva/.m2/repository/org/springframework/security/spring-security-crypto/5.4.6/spring-security-crypto-5.4.6.jar:/home/shiva/.m2/repository/org/springframework/cloud/spring-cloud-commons/3.0.2/spring-cloud-commons-3.0.2.jar:/home/shiva/.m2/repository/org/springframework/security/spring-security-rsa/1.0.9.RELEASE/spring-security-rsa-1.0.9.RELEASE.jar:/home/shiva/.m2/repository/org/bouncycastle/bcpkix-jdk15on/1.64/bcpkix-jdk15on-1.64.jar:/home/shiva/.m2/repository/org/bouncycastle/bcprov-jdk15on/1.64/bcprov-jdk15on-1.64.jar:/home/shiva/.m2/repository/org/springframework/cloud/spring-cloud-netflix-eureka-client/3.0.2/spring-cloud-netflix-eureka-client-3.0.2.jar:/home/shiva/.m2/repository/com/netflix/eureka/eureka-client/1.10.11/eureka-client-1.10.11.jar:/home/shiva/.m2/repository/com/netflix/netflix-commons/netflix-eventbus/0.3.0/netflix-eventbus-0.3.0.jar:/home/shiva/.m2/repository/com/netflix/netflix-commons/netflix-infix/0.3.0/netflix-infix-0.3.0.jar:/home/shiva/.m2/repository/commons-jxpath/commons-jxpath/1.3/commons-jxpath-1.3.jar:/home/shiva/.m2/repository/joda-time/joda-time/2.3/joda-time-2.3.jar:/home/shiva/.m2/repository/org/antlr/antlr-runtime/3.4/antlr-runtime-3.4.jar:/home/shiva/.m2/repository/org/antlr/stringtemplate/3.2.1/stringtemplate-3.2.1.jar:/home/shiva/.m2/repository/antlr/antlr/2.7.7/antlr-2.7.7.jar:/home/shiva/.m2/repository/com/google/code/gson/gson/2.8.6/gson-2.8.6.jar:/home/shiva/.m2/repository/org/apache/commons/commons-math/2.2/commons-math-2.2.jar:/ho
Launcher Type: SUN_STANDARD

[Global flags]
     intx CICompilerCount                          = 4                                         {product} {ergonomic}
     uint ConcGCThreads                            = 2                                         {product} {ergonomic}
     uint G1ConcRefinementThreads                  = 8                                         {product} {ergonomic}
   size_t G1HeapRegionSize                         = 1048576                                   {product} {ergonomic}
    uintx GCDrainStackTargetSize                   = 64                                        {product} {ergonomic}
   size_t InitialHeapSize                          = 130023424                                 {product} {ergonomic}
     bool ManagementServer                         = true                                      {product} {command line}
   size_t MarkStackSize                            = 4194304                                   {product} {ergonomic}
   size_t MaxHeapSize                              = 2051014656                                {product} {ergonomic}
   size_t MaxNewSize                               = 1229979648                                {product} {ergonomic}
   size_t MinHeapDeltaBytes                        = 1048576                                   {product} {ergonomic}
   size_t MinHeapSize                              = 8388608                                   {product} {ergonomic}
    uintx NonNMethodCodeHeapSize                   = 7549744                                {pd product} {ergonomic}
    uintx NonProfiledCodeHeapSize                  = 244108496                              {pd product} {ergonomic}
    uintx ProfiledCodeHeapSize                     = 0                                      {pd product} {ergonomic}
    uintx ReservedCodeCacheSize                    = 251658240                              {pd product} {ergonomic}
     bool SegmentedCodeCache                       = true                                      {product} {ergonomic}
     bool ShowCodeDetailsInExceptionMessages       = true                                   {manageable} {command line}
   size_t SoftMaxHeapSize                          = 2051014656                             {manageable} {ergonomic}
     intx TieredStopAtLevel                        = 1                                         {product} {command line}
     bool UseCompressedClassPointers               = true                                 {lp64_product} {ergonomic}
     bool UseCompressedOops                        = true                                 {lp64_product} {ergonomic}
     bool UseG1GC                                  = true                                      {product} {ergonomic}

Logging:
Log output configuration:
 #0: stdout all=warning uptime,level,tags
 #1: stderr all=off uptime,level,tags

Environment Variables:
JAVA_HOME=/usr/lib/jvm/java-11-openjdk-amd64
PATH=/usr/local/sbin:/usr/local/bin:/usr/sbin:/usr/bin:/sbin:/bin:/usr/games:/usr/local/games:/snap/bin
USERNAME=shiva
SHELL=/bin/bash
DISPLAY=:0
LANG=en_IN

Signal Handlers:
SIGSEGV: [libjvm.so+0xd63670], sa_mask[0]=11111111011111111101111111111110, sa_flags=SA_RESTART|SA_SIGINFO
SIGBUS: [libjvm.so+0xd63670], sa_mask[0]=11111111011111111101111111111110, sa_flags=SA_RESTART|SA_SIGINFO
SIGFPE: [libjvm.so+0xd63670], sa_mask[0]=11111111011111111101111111111110, sa_flags=SA_RESTART|SA_SIGINFO
SIGPIPE: [libjvm.so+0xb410d0], sa_mask[0]=11111111011111111101111111111110, sa_flags=SA_RESTART|SA_SIGINFO
SIGXFSZ: [libjvm.so+0xb410d0], sa_mask[0]=11111111011111111101111111111110, sa_flags=SA_RESTART|SA_SIGINFO
SIGILL: [libjvm.so+0xd63670], sa_mask[0]=11111111011111111101111111111110, sa_flags=SA_RESTART|SA_SIGINFO
SIGUSR2: [libjvm.so+0xb40f70], sa_mask[0]=00100000000000000000000000000000, sa_flags=SA_RESTART|SA_SIGINFO
SIGHUP: [libjvm.so+0xb417e0], sa_mask[0]=11111111011111111101111111111110, sa_flags=SA_RESTART|SA_SIGINFO
SIGINT: [libjvm.so+0xb417e0], sa_mask[0]=11111111011111111101111111111110, sa_flags=SA_RESTART|SA_SIGINFO
SIGTERM: [libjvm.so+0xb417e0], sa_mask[0]=11111111011111111101111111111110, sa_flags=SA_RESTART|SA_SIGINFO
SIGQUIT: [libjvm.so+0xb417e0], sa_mask[0]=11111111011111111101111111111110, sa_flags=SA_RESTART|SA_SIGINFO


---------------  S Y S T E M  ---------------

OS:
DISTRIB_ID=Ubuntu
DISTRIB_RELEASE=20.10
DISTRIB_CODENAME=groovy
DISTRIB_DESCRIPTION="Ubuntu 20.10"
uname: Linux 5.8.0-43-generic #49-Ubuntu SMP Fri Feb 5 03:01:28 UTC 2021 x86_64
OS uptime: 0 days 1:54 hours
libc: glibc 2.32 NPTL 2.32 
rlimit (soft/hard): STACK 8192k/infinity , CORE 0k/infinity , NPROC 31044/31044 , NOFILE 1048576/1048576 , AS infinity/infinity , CPU infinity/infinity , DATA infinity/infinity , FSIZE infinity/infinity , MEMLOCK 1000807k/1000807k
load average: 1.83 1.67 1.70

/proc/meminfo:
MemTotal:        8006456 kB
MemFree:          292244 kB
MemAvailable:    1414340 kB
Buffers:           77996 kB
Cached:          2190820 kB
SwapCached:        14264 kB
Active:          5805016 kB
Inactive:        1264696 kB
Active(anon):    4824564 kB
Inactive(anon):   958596 kB
Active(file):     980452 kB
Inactive(file):   306100 kB
Unevictable:      105864 kB
Mlocked:              80 kB
SwapTotal:       2097148 kB
SwapFree:        1997260 kB
Dirty:               124 kB
Writeback:             0 kB
AnonPages:       4892860 kB
Mapped:          1015272 kB
Shmem:            985612 kB
KReclaimable:     117592 kB
Slab:             323332 kB
SReclaimable:     117592 kB
SUnreclaim:       205740 kB
KernelStack:       28224 kB
PageTables:        57324 kB
NFS_Unstable:          0 kB
Bounce:                0 kB
WritebackTmp:          0 kB
CommitLimit:     6100376 kB
Committed_AS:   15819608 kB
VmallocTotal:   34359738367 kB
VmallocUsed:       64868 kB
VmallocChunk:          0 kB
Percpu:             7296 kB
HardwareCorrupted:     0 kB
AnonHugePages:         0 kB
ShmemHugePages:        0 kB
ShmemPmdMapped:        0 kB
FileHugePages:         0 kB
FilePmdMapped:         0 kB
HugePages_Total:       0
HugePages_Free:        0
HugePages_Rsvd:        0
HugePages_Surp:        0
Hugepagesize:       2048 kB
Hugetlb:               0 kB
DirectMap4k:      471464 kB
DirectMap2M:     7776256 kB
DirectMap1G:           0 kB

/sys/kernel/mm/transparent_hugepage/enabled: always [madvise] never
/sys/kernel/mm/transparent_hugepage/defrag (defrag/compaction efforts parameter): always defer defer+madvise [madvise] never

/proc/sys/kernel/threads-max (system-wide limit on the number of threads): 62088
/proc/sys/vm/max_map_count (maximum number of memory map areas a process may have): 65530
/proc/sys/kernel/pid_max (system-wide limit on number of process identifiers): 4194304

container (cgroup) information:
container_type: cgroupv1
cpu_cpuset_cpus: 0-7
cpu_memory_nodes: 0
active_processor_count: 8
cpu_quota: no quota
cpu_period: 100000
cpu_shares: no shares
memory_limit_in_bytes: unlimited
memory_and_swap_limit_in_bytes: unlimited
memory_soft_limit_in_bytes: unlimited
memory_usage_in_bytes: 6339174400
memory_max_usage_in_bytes: 6535036928

Steal ticks since vm start: 0
Steal ticks percentage since vm start:  0.000

CPU: total 8 (initial active 8) (4 cores per cpu, 2 threads per core) family 6 model 142 stepping 12 microcode 0xde, cmov, cx8, fxsr, mmx, sse, sse2, sse3, ssse3, sse4.1, sse4.2, popcnt, vzeroupper, avx, avx2, aes, clmul, erms, 3dnowpref, lzcnt, ht, tsc, tscinvbit, bmi1, bmi2, adx, fma, clflush, clflushopt
CPU Model and flags from /proc/cpuinfo:
model name	: Intel(R) Core(TM) i5-8265U CPU @ 1.60GHz
flags		: fpu vme de pse tsc msr pae mce cx8 apic sep mtrr pge mca cmov pat pse36 clflush dts acpi mmx fxsr sse sse2 ss ht tm pbe syscall nx pdpe1gb rdtscp lm constant_tsc art arch_perfmon pebs bts rep_good nopl xtopology nonstop_tsc cpuid aperfmperf pni pclmulqdq dtes64 monitor ds_cpl vmx est tm2 ssse3 sdbg fma cx16 xtpr pdcm pcid sse4_1 sse4_2 x2apic movbe popcnt tsc_deadline_timer aes xsave avx f16c rdrand lahf_lm abm 3dnowprefetch cpuid_fault epb invpcid_single ssbd ibrs ibpb stibp ibrs_enhanced tpr_shadow vnmi flexpriority ept vpid ept_ad fsgsbase tsc_adjust bmi1 avx2 smep bmi2 erms invpcid mpx rdseed adx smap clflushopt intel_pt xsaveopt xsavec xgetbv1 xsaves dtherm ida arat pln pts hwp hwp_notify hwp_act_window hwp_epp md_clear flush_l1d arch_capabilities

Online cpus: 0-7
Offline cpus: 
BIOS frequency limitation: <Not Available>
Frequency switch latency (ns): 0
Available cpu frequencies: <Not Available>
Current governor: powersave
Core performance/turbo boost: <Not Available>

Memory: 4k page, physical 8006456k(292244k free), swap 2097148k(1997260k free)

vm_info: OpenJDK 64-Bit Server VM (15.0.1+9-18) for linux-amd64 JRE (15.0.1+9-18), built on Sep 15 2020 13:31:44 by "mach5one" with gcc 9.2.0

END.
